

================================================================
== Vitis HLS Report for 'reduce_basic_ii_is_3'
================================================================
* Date:           Sun Jul 10 12:43:25 2022

* Version:        2021.2 (Build 3367213 on Tue Oct 19 02:47:39 MDT 2021)
* Project:        reduce_example
* Solution:       solution1 (Vivado IP Flow Target)
* Product family: zynquplus
* Target device:  xczu7ev-ffvc1156-2-e


================================================================
== Performance Estimates
================================================================
+ Timing: 
    * Summary: 
    +--------+---------+----------+------------+
    |  Clock |  Target | Estimated| Uncertainty|
    +--------+---------+----------+------------+
    |ap_clk  |  5.00 ns|  3.454 ns|     1.35 ns|
    +--------+---------+----------+------------+

+ Latency: 
    * Summary: 
    +---------+---------+-----------+-----------+------+------+---------+
    |  Latency (cycles) |   Latency (absolute)  |   Interval  | Pipeline|
    |   min   |   max   |    min    |    max    |  min |  max |   Type  |
    +---------+---------+-----------+-----------+------+------+---------+
    |     8196|     8196|  40.980 us|  40.980 us|  8196|  8196|       no|
    +---------+---------+-----------+-----------+------+------+---------+

    + Detail: 
        * Instance: 
        N/A

        * Loop: 
        +----------+---------+---------+----------+-----------+-----------+------+----------+
        |          |  Latency (cycles) | Iteration|  Initiation Interval  | Trip |          |
        | Loop Name|   min   |   max   |  Latency |  achieved |   target  | Count| Pipelined|
        +----------+---------+---------+----------+-----------+-----------+------+----------+
        |- basic   |     8194|     8194|        11|          8|          1|  1024|       yes|
        +----------+---------+---------+----------+-----------+-----------+------+----------+

============================================================
+ Verbose Summary: Synthesis Manager
============================================================
InlineROM: 1
ExposeGlobal: 0
============================================================
+ Verbose Summary: CDFG Model
============================================================
IsTopModel: 0
ResetActiveHigh: 1
IsCombinational: 0
IsDatapathOnly: 0
HasWiredReturn: 1
HasMFsm: 2
HasVarLatency: 1
IsPipeline: 0
IsRtlPipelined: 0
IsInstanceOverlapped: 0
IsDontTouch: 0
HasImplIP: 0
IsGatedGlobalClock: 0

+ Individual pipeline summary: 
  * Pipeline-0: initiation interval (II) = 8, depth = 11


============================================================
+ Verbose Summary: Schedule
============================================================
* Number of FSM states : 11
* Pipeline : 1
  Pipeline-0 : II = 8, D = 11, States = { 1 2 3 4 5 6 7 8 9 10 11 }
* Dataflow Pipeline: 0

* FSM state transitions: 
1 --> 2 
2 --> 3 
3 --> 4 
4 --> 5 
5 --> 6 
6 --> 7 
7 --> 8 
8 --> 9 
9 --> 10 
10 --> 11 
11 --> 

* FSM state operations: 

State 1 <SV = 0> <Delay = 1.37>
ST_1 : Operation 14 [1/1] (0.00ns)   --->   "%accum_01 = alloca i32 1"   --->   Operation 14 'alloca' 'accum_01' <Predicate = true> <Delay = 0.00>
ST_1 : Operation 15 [1/1] (0.00ns)   --->   "%j = alloca i32 1"   --->   Operation 15 'alloca' 'j' <Predicate = true> <Delay = 0.00>
ST_1 : Operation 16 [1/1] (0.00ns)   --->   "%specinterface_ln0 = specinterface void @_ssdm_op_SpecInterface, i32 %A, void @empty, i32 0, i32 0, void @empty_0, i32 4294967295, i32 0, void @empty_0, void @empty_0, void @empty_0, i32 0, i32 0, i32 0, i32 0, void @empty_0, void @empty_0"   --->   Operation 16 'specinterface' 'specinterface_ln0' <Predicate = true> <Delay = 0.00>
ST_1 : Operation 17 [1/1] (0.42ns)   --->   "%store_ln23 = store i11 0, i11 %j" [reduce.cpp:23]   --->   Operation 17 'store' 'store_ln23' <Predicate = true> <Delay = 0.42>
ST_1 : Operation 18 [1/1] (0.42ns)   --->   "%store_ln23 = store i32 0, i32 %accum_01" [reduce.cpp:23]   --->   Operation 18 'store' 'store_ln23' <Predicate = true> <Delay = 0.42>
ST_1 : Operation 19 [1/1] (0.00ns)   --->   "%br_ln23 = br void" [reduce.cpp:23]   --->   Operation 19 'br' 'br_ln23' <Predicate = true> <Delay = 0.00>
ST_1 : Operation 20 [1/1] (0.00ns)   --->   "%j_1 = load i11 %j" [reduce.cpp:24]   --->   Operation 20 'load' 'j_1' <Predicate = true> <Delay = 0.00>
ST_1 : Operation 21 [1/1] (0.00ns)   --->   "%specpipeline_ln0 = specpipeline void @_ssdm_op_SpecPipeline, i32 4294967295, i32 0, i32 1, i32 0, void @p_str"   --->   Operation 21 'specpipeline' 'specpipeline_ln0' <Predicate = true> <Delay = 0.00>
ST_1 : Operation 22 [1/1] (0.94ns)   --->   "%icmp_ln23 = icmp_eq  i11 %j_1, i11 1024" [reduce.cpp:23]   --->   Operation 22 'icmp' 'icmp_ln23' <Predicate = true> <Delay = 0.94> <CoreInst = "Cmp">   --->   Core 9 'Cmp' <Latency = 0> <II = 1> <Delay = 0.94> <FuncUnit> <Opcode : 'icmp'> <InPorts = 2> <OutPorts = 1>
ST_1 : Operation 23 [1/1] (0.00ns)   --->   "%empty = speclooptripcount i32 @_ssdm_op_SpecLoopTripCount, i64 1024, i64 1024, i64 1024"   --->   Operation 23 'speclooptripcount' 'empty' <Predicate = true> <Delay = 0.00>
ST_1 : Operation 24 [1/1] (0.79ns)   --->   "%add_ln23 = add i11 %j_1, i11 1" [reduce.cpp:23]   --->   Operation 24 'add' 'add_ln23' <Predicate = true> <Delay = 0.79> <CoreInst = "Adder">   --->   Core 1 'Adder' <Latency = 0> <II = 1> <Delay = 0.79> <FuncUnit> <Opcode : 'add' 'sub'> <InPorts = 2> <OutPorts = 1>
ST_1 : Operation 25 [1/1] (0.00ns)   --->   "%br_ln23 = br i1 %icmp_ln23, void %.split, void" [reduce.cpp:23]   --->   Operation 25 'br' 'br_ln23' <Predicate = true> <Delay = 0.00>
ST_1 : Operation 26 [1/1] (0.00ns)   --->   "%trunc_ln24 = trunc i11 %j_1" [reduce.cpp:24]   --->   Operation 26 'trunc' 'trunc_ln24' <Predicate = (!icmp_ln23)> <Delay = 0.00>
ST_1 : Operation 27 [1/1] (0.00ns)   --->   "%zext_ln24 = zext i10 %trunc_ln24" [reduce.cpp:24]   --->   Operation 27 'zext' 'zext_ln24' <Predicate = (!icmp_ln23)> <Delay = 0.00>
ST_1 : Operation 28 [1/1] (0.00ns)   --->   "%A_addr = getelementptr i32 %A, i64 0, i64 %zext_ln24" [reduce.cpp:24]   --->   Operation 28 'getelementptr' 'A_addr' <Predicate = (!icmp_ln23)> <Delay = 0.00>
ST_1 : Operation 29 [2/2] (1.23ns)   --->   "%A_load = load i10 %A_addr" [reduce.cpp:24]   --->   Operation 29 'load' 'A_load' <Predicate = (!icmp_ln23)> <Delay = 1.23> <CoreInst = "RAM">   --->   Core 83 'RAM' <Latency = 1> <II = 1> <Delay = 1.23> <Storage> <Opcode : 'load' 'store'> <Ports = 2> <Width = 32> <Depth = 1024> <RAM>
ST_1 : Operation 30 [1/1] (0.42ns)   --->   "%store_ln23 = store i11 %add_ln23, i11 %j" [reduce.cpp:23]   --->   Operation 30 'store' 'store_ln23' <Predicate = (!icmp_ln23)> <Delay = 0.42>

State 2 <SV = 1> <Delay = 1.23>
ST_2 : Operation 31 [1/2] (1.23ns)   --->   "%A_load = load i10 %A_addr" [reduce.cpp:24]   --->   Operation 31 'load' 'A_load' <Predicate = (!icmp_ln23)> <Delay = 1.23> <CoreInst = "RAM">   --->   Core 83 'RAM' <Latency = 1> <II = 1> <Delay = 1.23> <Storage> <Opcode : 'load' 'store'> <Ports = 2> <Width = 32> <Depth = 1024> <RAM>

State 3 <SV = 2> <Delay = 3.45>
ST_3 : Operation 32 [1/1] (0.00ns)   --->   "%accum_01_load = load i32 %accum_01" [reduce.cpp:24]   --->   Operation 32 'load' 'accum_01_load' <Predicate = (!icmp_ln23)> <Delay = 0.00>
ST_3 : Operation 33 [1/1] (0.00ns)   --->   "%bitcast_ln24 = bitcast i32 %A_load" [reduce.cpp:24]   --->   Operation 33 'bitcast' 'bitcast_ln24' <Predicate = (!icmp_ln23)> <Delay = 0.00>
ST_3 : Operation 34 [8/8] (3.45ns)   --->   "%accum = fadd i32 %accum_01_load, i32 %bitcast_ln24" [reduce.cpp:24]   --->   Operation 34 'fadd' 'accum' <Predicate = (!icmp_ln23)> <Delay = 3.45> <CoreInst = "FAddSub_fulldsp">   --->   Core 18 'FAddSub_fulldsp' <Latency = 7> <II = 1> <Delay = 3.45> <FuncUnit> <Opcode : 'fadd' 'fsub'> <InPorts = 2> <OutPorts = 1>
ST_3 : Operation 45 [1/1] (0.00ns)   --->   "%accum_01_load_1 = load i32 %accum_01" [reduce.cpp:26]   --->   Operation 45 'load' 'accum_01_load_1' <Predicate = (icmp_ln23)> <Delay = 0.00>
ST_3 : Operation 46 [1/1] (0.00ns)   --->   "%ret_ln26 = ret i32 %accum_01_load_1" [reduce.cpp:26]   --->   Operation 46 'ret' 'ret_ln26' <Predicate = (icmp_ln23)> <Delay = 0.00>

State 4 <SV = 3> <Delay = 3.45>
ST_4 : Operation 35 [7/8] (3.45ns)   --->   "%accum = fadd i32 %accum_01_load, i32 %bitcast_ln24" [reduce.cpp:24]   --->   Operation 35 'fadd' 'accum' <Predicate = (!icmp_ln23)> <Delay = 3.45> <CoreInst = "FAddSub_fulldsp">   --->   Core 18 'FAddSub_fulldsp' <Latency = 7> <II = 1> <Delay = 3.45> <FuncUnit> <Opcode : 'fadd' 'fsub'> <InPorts = 2> <OutPorts = 1>

State 5 <SV = 4> <Delay = 3.45>
ST_5 : Operation 36 [6/8] (3.45ns)   --->   "%accum = fadd i32 %accum_01_load, i32 %bitcast_ln24" [reduce.cpp:24]   --->   Operation 36 'fadd' 'accum' <Predicate = (!icmp_ln23)> <Delay = 3.45> <CoreInst = "FAddSub_fulldsp">   --->   Core 18 'FAddSub_fulldsp' <Latency = 7> <II = 1> <Delay = 3.45> <FuncUnit> <Opcode : 'fadd' 'fsub'> <InPorts = 2> <OutPorts = 1>

State 6 <SV = 5> <Delay = 3.45>
ST_6 : Operation 37 [5/8] (3.45ns)   --->   "%accum = fadd i32 %accum_01_load, i32 %bitcast_ln24" [reduce.cpp:24]   --->   Operation 37 'fadd' 'accum' <Predicate = (!icmp_ln23)> <Delay = 3.45> <CoreInst = "FAddSub_fulldsp">   --->   Core 18 'FAddSub_fulldsp' <Latency = 7> <II = 1> <Delay = 3.45> <FuncUnit> <Opcode : 'fadd' 'fsub'> <InPorts = 2> <OutPorts = 1>

State 7 <SV = 6> <Delay = 3.45>
ST_7 : Operation 38 [4/8] (3.45ns)   --->   "%accum = fadd i32 %accum_01_load, i32 %bitcast_ln24" [reduce.cpp:24]   --->   Operation 38 'fadd' 'accum' <Predicate = (!icmp_ln23)> <Delay = 3.45> <CoreInst = "FAddSub_fulldsp">   --->   Core 18 'FAddSub_fulldsp' <Latency = 7> <II = 1> <Delay = 3.45> <FuncUnit> <Opcode : 'fadd' 'fsub'> <InPorts = 2> <OutPorts = 1>

State 8 <SV = 7> <Delay = 3.45>
ST_8 : Operation 39 [3/8] (3.45ns)   --->   "%accum = fadd i32 %accum_01_load, i32 %bitcast_ln24" [reduce.cpp:24]   --->   Operation 39 'fadd' 'accum' <Predicate = (!icmp_ln23)> <Delay = 3.45> <CoreInst = "FAddSub_fulldsp">   --->   Core 18 'FAddSub_fulldsp' <Latency = 7> <II = 1> <Delay = 3.45> <FuncUnit> <Opcode : 'fadd' 'fsub'> <InPorts = 2> <OutPorts = 1>

State 9 <SV = 8> <Delay = 3.45>
ST_9 : Operation 40 [2/8] (3.45ns)   --->   "%accum = fadd i32 %accum_01_load, i32 %bitcast_ln24" [reduce.cpp:24]   --->   Operation 40 'fadd' 'accum' <Predicate = true> <Delay = 3.45> <CoreInst = "FAddSub_fulldsp">   --->   Core 18 'FAddSub_fulldsp' <Latency = 7> <II = 1> <Delay = 3.45> <FuncUnit> <Opcode : 'fadd' 'fsub'> <InPorts = 2> <OutPorts = 1>

State 10 <SV = 9> <Delay = 3.45>
ST_10 : Operation 41 [1/8] (3.45ns)   --->   "%accum = fadd i32 %accum_01_load, i32 %bitcast_ln24" [reduce.cpp:24]   --->   Operation 41 'fadd' 'accum' <Predicate = true> <Delay = 3.45> <CoreInst = "FAddSub_fulldsp">   --->   Core 18 'FAddSub_fulldsp' <Latency = 7> <II = 1> <Delay = 3.45> <FuncUnit> <Opcode : 'fadd' 'fsub'> <InPorts = 2> <OutPorts = 1>

State 11 <SV = 10> <Delay = 0.42>
ST_11 : Operation 42 [1/1] (0.00ns)   --->   "%specloopname_ln22 = specloopname void @_ssdm_op_SpecLoopName, void @empty_3" [reduce.cpp:22]   --->   Operation 42 'specloopname' 'specloopname_ln22' <Predicate = true> <Delay = 0.00>
ST_11 : Operation 43 [1/1] (0.42ns)   --->   "%store_ln24 = store i32 %accum, i32 %accum_01" [reduce.cpp:24]   --->   Operation 43 'store' 'store_ln24' <Predicate = true> <Delay = 0.42>
ST_11 : Operation 44 [1/1] (0.00ns)   --->   "%br_ln0 = br void"   --->   Operation 44 'br' 'br_ln0' <Predicate = true> <Delay = 0.00>


============================================================
+ Verbose Summary: Timing violations
============================================================
Target clock period: 5ns, clock uncertainty: 1.35ns.

 <State 1>: 1.37ns
The critical path consists of the following:
	'alloca' operation ('j') [3]  (0 ns)
	'load' operation ('j', reduce.cpp:24) on local variable 'j' [9]  (0 ns)
	'getelementptr' operation ('A_addr', reduce.cpp:24) [20]  (0 ns)
	'load' operation ('A_load', reduce.cpp:24) on array 'A' [21]  (1.24 ns)
	blocking operation 0.134 ns on control path)

 <State 2>: 1.24ns
The critical path consists of the following:
	'load' operation ('A_load', reduce.cpp:24) on array 'A' [21]  (1.24 ns)

 <State 3>: 3.45ns
The critical path consists of the following:
	'load' operation ('accum_01_load', reduce.cpp:24) on local variable 'accum' [16]  (0 ns)
	'fadd' operation ('accum', reduce.cpp:24) [23]  (3.45 ns)

 <State 4>: 3.45ns
The critical path consists of the following:
	'fadd' operation ('accum', reduce.cpp:24) [23]  (3.45 ns)

 <State 5>: 3.45ns
The critical path consists of the following:
	'fadd' operation ('accum', reduce.cpp:24) [23]  (3.45 ns)

 <State 6>: 3.45ns
The critical path consists of the following:
	'fadd' operation ('accum', reduce.cpp:24) [23]  (3.45 ns)

 <State 7>: 3.45ns
The critical path consists of the following:
	'fadd' operation ('accum', reduce.cpp:24) [23]  (3.45 ns)

 <State 8>: 3.45ns
The critical path consists of the following:
	'fadd' operation ('accum', reduce.cpp:24) [23]  (3.45 ns)

 <State 9>: 3.45ns
The critical path consists of the following:
	'fadd' operation ('accum', reduce.cpp:24) [23]  (3.45 ns)

 <State 10>: 3.45ns
The critical path consists of the following:
	'fadd' operation ('accum', reduce.cpp:24) [23]  (3.45 ns)

 <State 11>: 0.427ns
The critical path consists of the following:
	'store' operation ('store_ln24', reduce.cpp:24) of variable 'accum', reduce.cpp:24 on local variable 'accum' [25]  (0.427 ns)


============================================================
+ Verbose Summary: Binding
============================================================
N/A
* FSMD analyzer results:
  - Output states:
 - Input state : 
  - Chain level:
	State 1
	State 2
	State 3
	State 4
	State 5
	State 6
	State 7
	State 8
	State 9
	State 10
	State 11


============================================================
+ Verbose Summary: Datapath Resource usage 
============================================================
N/A
