

================================================================
== Vitis HLS Report for 'reduce_accum4_ii_is_3_Pipeline_accum4'
================================================================
* Date:           Sun Jul 10 12:43:26 2022

* Version:        2021.2 (Build 3367213 on Tue Oct 19 02:47:39 MDT 2021)
* Project:        reduce_example
* Solution:       solution1 (Vivado IP Flow Target)
* Product family: zynquplus
* Target device:  xczu7ev-ffvc1156-2-e


================================================================
== Performance Estimates
================================================================
+ Timing: 
    * Summary: 
    +--------+---------+----------+------------+
    |  Clock |  Target | Estimated| Uncertainty|
    +--------+---------+----------+------------+
    |ap_clk  |  5.00 ns|  3.454 ns|     1.35 ns|
    +--------+---------+----------+------------+

+ Latency: 
    * Summary: 
    +---------+---------+-----------+-----------+------+------+---------+
    |  Latency (cycles) |   Latency (absolute)  |   Interval  | Pipeline|
    |   min   |   max   |    min    |    max    |  min |  max |   Type  |
    +---------+---------+-----------+-----------+------+------+---------+
    |     9219|     9219|  46.095 us|  46.095 us|  9219|  9219|       no|
    +---------+---------+-----------+-----------+------+------+---------+

    + Detail: 
        * Instance: 
        N/A

        * Loop: 
        +----------+---------+---------+----------+-----------+-----------+------+----------+
        |          |  Latency (cycles) | Iteration|  Initiation Interval  | Trip |          |
        | Loop Name|   min   |   max   |  Latency |  achieved |   target  | Count| Pipelined|
        +----------+---------+---------+----------+-----------+-----------+------+----------+
        |- accum4  |     9217|     9217|        11|          9|          1|  1024|       yes|
        +----------+---------+---------+----------+-----------+-----------+------+----------+

============================================================
+ Verbose Summary: Synthesis Manager
============================================================
InlineROM: 1
ExposeGlobal: 0
============================================================
+ Verbose Summary: CDFG Model
============================================================
IsTopModel: 0
ResetActiveHigh: 1
IsCombinational: 0
IsDatapathOnly: 0
HasWiredReturn: 1
HasMFsm: 2
HasVarLatency: 1
IsPipeline: 0
IsRtlPipelined: 0
IsInstanceOverlapped: 0
IsDontTouch: 0
HasImplIP: 0
IsGatedGlobalClock: 0

+ Individual pipeline summary: 
  * Pipeline-0: initiation interval (II) = 9, depth = 11


============================================================
+ Verbose Summary: Schedule
============================================================
* Number of FSM states : 11
* Pipeline : 1
  Pipeline-0 : II = 9, D = 11, States = { 1 2 3 4 5 6 7 8 9 10 11 }
* Dataflow Pipeline: 0

* FSM state transitions: 
1 --> 2 
2 --> 3 
3 --> 4 
4 --> 5 
5 --> 6 
6 --> 7 
7 --> 8 
8 --> 9 
9 --> 10 
10 --> 11 
11 --> 

* FSM state operations: 

State 1 <SV = 0> <Delay = 1.37>
ST_1 : Operation 14 [1/1] (0.00ns)   --->   "%j = alloca i32 1"   --->   Operation 14 'alloca' 'j' <Predicate = true> <Delay = 0.00>
ST_1 : Operation 15 [1/1] (0.00ns)   --->   "%accum_1 = alloca i32 1"   --->   Operation 15 'alloca' 'accum_1' <Predicate = true> <Delay = 0.00>
ST_1 : Operation 16 [1/1] (0.00ns)   --->   "%accum_1_1 = alloca i32 1"   --->   Operation 16 'alloca' 'accum_1_1' <Predicate = true> <Delay = 0.00>
ST_1 : Operation 17 [1/1] (0.00ns)   --->   "%accum_1_3 = alloca i32 1"   --->   Operation 17 'alloca' 'accum_1_3' <Predicate = true> <Delay = 0.00>
ST_1 : Operation 18 [1/1] (0.00ns)   --->   "%accum_1_4 = alloca i32 1"   --->   Operation 18 'alloca' 'accum_1_4' <Predicate = true> <Delay = 0.00>
ST_1 : Operation 19 [1/1] (0.00ns)   --->   "%accum_1_5 = alloca i32 1"   --->   Operation 19 'alloca' 'accum_1_5' <Predicate = true> <Delay = 0.00>
ST_1 : Operation 20 [1/1] (0.00ns)   --->   "%accum_1_2 = alloca i32 1"   --->   Operation 20 'alloca' 'accum_1_2' <Predicate = true> <Delay = 0.00>
ST_1 : Operation 21 [1/1] (0.00ns)   --->   "%accum_1_6 = alloca i32 1"   --->   Operation 21 'alloca' 'accum_1_6' <Predicate = true> <Delay = 0.00>
ST_1 : Operation 22 [1/1] (0.00ns)   --->   "%accum_1_7 = alloca i32 1"   --->   Operation 22 'alloca' 'accum_1_7' <Predicate = true> <Delay = 0.00>
ST_1 : Operation 23 [1/1] (0.00ns)   --->   "%specinterface_ln0 = specinterface void @_ssdm_op_SpecInterface, i32 %A, void @empty, i32 0, i32 0, void @empty_0, i32 4294967295, i32 0, void @empty_0, void @empty_0, void @empty_0, i32 0, i32 0, i32 0, i32 0, void @empty_0, void @empty_0"   --->   Operation 23 'specinterface' 'specinterface_ln0' <Predicate = true> <Delay = 0.00>
ST_1 : Operation 24 [1/1] (0.00ns)   --->   "%accum_load33_reload_read = read i32 @_ssdm_op_Read.ap_auto.float, i32 %accum_load33_reload"   --->   Operation 24 'read' 'accum_load33_reload_read' <Predicate = true> <Delay = 0.00>
ST_1 : Operation 25 [1/1] (0.00ns)   --->   "%accum_load_937_reload_read = read i32 @_ssdm_op_Read.ap_auto.float, i32 %accum_load_937_reload"   --->   Operation 25 'read' 'accum_load_937_reload_read' <Predicate = true> <Delay = 0.00>
ST_1 : Operation 26 [1/1] (0.00ns)   --->   "%accum_load_1041_reload_read = read i32 @_ssdm_op_Read.ap_auto.float, i32 %accum_load_1041_reload"   --->   Operation 26 'read' 'accum_load_1041_reload_read' <Predicate = true> <Delay = 0.00>
ST_1 : Operation 27 [1/1] (0.00ns)   --->   "%accum_load_1145_reload_read = read i32 @_ssdm_op_Read.ap_auto.float, i32 %accum_load_1145_reload"   --->   Operation 27 'read' 'accum_load_1145_reload_read' <Predicate = true> <Delay = 0.00>
ST_1 : Operation 28 [1/1] (0.00ns)   --->   "%accum_0_0_reload_read = read i32 @_ssdm_op_Read.ap_auto.float, i32 %accum_0_0_reload"   --->   Operation 28 'read' 'accum_0_0_reload_read' <Predicate = true> <Delay = 0.00>
ST_1 : Operation 29 [1/1] (0.00ns)   --->   "%accum_1_0_reload_read = read i32 @_ssdm_op_Read.ap_auto.float, i32 %accum_1_0_reload"   --->   Operation 29 'read' 'accum_1_0_reload_read' <Predicate = true> <Delay = 0.00>
ST_1 : Operation 30 [1/1] (0.00ns)   --->   "%accum_2_0_reload_read = read i32 @_ssdm_op_Read.ap_auto.float, i32 %accum_2_0_reload"   --->   Operation 30 'read' 'accum_2_0_reload_read' <Predicate = true> <Delay = 0.00>
ST_1 : Operation 31 [1/1] (0.00ns)   --->   "%accum_3_0_reload_read = read i32 @_ssdm_op_Read.ap_auto.float, i32 %accum_3_0_reload"   --->   Operation 31 'read' 'accum_3_0_reload_read' <Predicate = true> <Delay = 0.00>
ST_1 : Operation 32 [1/1] (0.42ns)   --->   "%store_ln0 = store i32 %accum_3_0_reload_read, i32 %accum_1_7"   --->   Operation 32 'store' 'store_ln0' <Predicate = true> <Delay = 0.42>
ST_1 : Operation 33 [1/1] (0.42ns)   --->   "%store_ln0 = store i32 %accum_2_0_reload_read, i32 %accum_1_6"   --->   Operation 33 'store' 'store_ln0' <Predicate = true> <Delay = 0.42>
ST_1 : Operation 34 [1/1] (0.42ns)   --->   "%store_ln0 = store i32 %accum_1_0_reload_read, i32 %accum_1_2"   --->   Operation 34 'store' 'store_ln0' <Predicate = true> <Delay = 0.42>
ST_1 : Operation 35 [1/1] (0.42ns)   --->   "%store_ln0 = store i32 %accum_0_0_reload_read, i32 %accum_1_5"   --->   Operation 35 'store' 'store_ln0' <Predicate = true> <Delay = 0.42>
ST_1 : Operation 36 [1/1] (0.42ns)   --->   "%store_ln0 = store i32 %accum_load_1145_reload_read, i32 %accum_1_4"   --->   Operation 36 'store' 'store_ln0' <Predicate = true> <Delay = 0.42>
ST_1 : Operation 37 [1/1] (0.42ns)   --->   "%store_ln0 = store i32 %accum_load_1041_reload_read, i32 %accum_1_3"   --->   Operation 37 'store' 'store_ln0' <Predicate = true> <Delay = 0.42>
ST_1 : Operation 38 [1/1] (0.42ns)   --->   "%store_ln0 = store i32 %accum_load_937_reload_read, i32 %accum_1_1"   --->   Operation 38 'store' 'store_ln0' <Predicate = true> <Delay = 0.42>
ST_1 : Operation 39 [1/1] (0.42ns)   --->   "%store_ln0 = store i32 %accum_load33_reload_read, i32 %accum_1"   --->   Operation 39 'store' 'store_ln0' <Predicate = true> <Delay = 0.42>
ST_1 : Operation 40 [1/1] (0.42ns)   --->   "%store_ln0 = store i11 0, i11 %j"   --->   Operation 40 'store' 'store_ln0' <Predicate = true> <Delay = 0.42>
ST_1 : Operation 41 [1/1] (0.00ns)   --->   "%br_ln0 = br void %split"   --->   Operation 41 'br' 'br_ln0' <Predicate = true> <Delay = 0.00>
ST_1 : Operation 42 [1/1] (0.00ns)   --->   "%j_3 = load i11 %j" [reduce.cpp:45]   --->   Operation 42 'load' 'j_3' <Predicate = true> <Delay = 0.00>
ST_1 : Operation 43 [1/1] (0.00ns)   --->   "%specpipeline_ln0 = specpipeline void @_ssdm_op_SpecPipeline, i32 4294967295, i32 0, i32 1, i32 0, void @p_str"   --->   Operation 43 'specpipeline' 'specpipeline_ln0' <Predicate = true> <Delay = 0.00>
ST_1 : Operation 44 [1/1] (0.94ns)   --->   "%icmp_ln44 = icmp_eq  i11 %j_3, i11 1024" [reduce.cpp:44]   --->   Operation 44 'icmp' 'icmp_ln44' <Predicate = true> <Delay = 0.94> <CoreInst = "Cmp">   --->   Core 9 'Cmp' <Latency = 0> <II = 1> <Delay = 0.94> <FuncUnit> <Opcode : 'icmp'> <InPorts = 2> <OutPorts = 1>
ST_1 : Operation 45 [1/1] (0.00ns)   --->   "%empty = speclooptripcount i32 @_ssdm_op_SpecLoopTripCount, i64 1024, i64 1024, i64 1024"   --->   Operation 45 'speclooptripcount' 'empty' <Predicate = true> <Delay = 0.00>
ST_1 : Operation 46 [1/1] (0.79ns)   --->   "%add_ln44 = add i11 %j_3, i11 1" [reduce.cpp:44]   --->   Operation 46 'add' 'add_ln44' <Predicate = true> <Delay = 0.79> <CoreInst = "Adder">   --->   Core 1 'Adder' <Latency = 0> <II = 1> <Delay = 0.79> <FuncUnit> <Opcode : 'add' 'sub'> <InPorts = 2> <OutPorts = 1>
ST_1 : Operation 47 [1/1] (0.00ns)   --->   "%br_ln44 = br i1 %icmp_ln44, void %.split, void %.exitStub" [reduce.cpp:44]   --->   Operation 47 'br' 'br_ln44' <Predicate = true> <Delay = 0.00>
ST_1 : Operation 48 [1/1] (0.00ns)   --->   "%trunc_ln45 = trunc i11 %j_3" [reduce.cpp:45]   --->   Operation 48 'trunc' 'trunc_ln45' <Predicate = (!icmp_ln44)> <Delay = 0.00>
ST_1 : Operation 49 [1/1] (0.00ns)   --->   "%zext_ln45 = zext i10 %trunc_ln45" [reduce.cpp:45]   --->   Operation 49 'zext' 'zext_ln45' <Predicate = (!icmp_ln44)> <Delay = 0.00>
ST_1 : Operation 50 [1/1] (0.00ns)   --->   "%A_addr = getelementptr i32 %A, i64 0, i64 %zext_ln45" [reduce.cpp:45]   --->   Operation 50 'getelementptr' 'A_addr' <Predicate = (!icmp_ln44)> <Delay = 0.00>
ST_1 : Operation 51 [2/2] (1.23ns)   --->   "%A_load = load i10 %A_addr" [reduce.cpp:45]   --->   Operation 51 'load' 'A_load' <Predicate = (!icmp_ln44)> <Delay = 1.23> <CoreInst = "RAM">   --->   Core 83 'RAM' <Latency = 1> <II = 1> <Delay = 1.23> <Storage> <Opcode : 'load' 'store'> <Ports = 2> <Width = 32> <Depth = 1024> <RAM>
ST_1 : Operation 52 [1/1] (0.00ns)   --->   "%trunc_ln45_1 = trunc i11 %j_3" [reduce.cpp:45]   --->   Operation 52 'trunc' 'trunc_ln45_1' <Predicate = (!icmp_ln44)> <Delay = 0.00>
ST_1 : Operation 53 [1/1] (0.72ns)   --->   "%switch_ln45 = switch i2 %trunc_ln45_1, void %branch3, i2 0, void %.split..split24_crit_edge, i2 1, void %.split..split24_crit_edge9, i2 2, void %branch2" [reduce.cpp:45]   --->   Operation 53 'switch' 'switch_ln45' <Predicate = (!icmp_ln44)> <Delay = 0.72>
ST_1 : Operation 54 [1/1] (0.42ns)   --->   "%store_ln44 = store i11 %add_ln44, i11 %j" [reduce.cpp:44]   --->   Operation 54 'store' 'store_ln44' <Predicate = (!icmp_ln44)> <Delay = 0.42>
ST_1 : Operation 55 [1/1] (0.00ns)   --->   "%br_ln0 = br void %split"   --->   Operation 55 'br' 'br_ln0' <Predicate = (!icmp_ln44)> <Delay = 0.00>

State 2 <SV = 1> <Delay = 1.23>
ST_2 : Operation 56 [1/1] (0.00ns)   --->   "%accum_1_5_load = load i32 %accum_1_5" [reduce.cpp:45]   --->   Operation 56 'load' 'accum_1_5_load' <Predicate = (!icmp_ln44)> <Delay = 0.00>
ST_2 : Operation 57 [1/1] (0.00ns)   --->   "%accum_1_2_load = load i32 %accum_1_2" [reduce.cpp:45]   --->   Operation 57 'load' 'accum_1_2_load' <Predicate = (!icmp_ln44)> <Delay = 0.00>
ST_2 : Operation 58 [1/1] (0.00ns)   --->   "%accum_1_6_load = load i32 %accum_1_6" [reduce.cpp:45]   --->   Operation 58 'load' 'accum_1_6_load' <Predicate = (!icmp_ln44)> <Delay = 0.00>
ST_2 : Operation 59 [1/1] (0.00ns)   --->   "%accum_1_7_load = load i32 %accum_1_7" [reduce.cpp:45]   --->   Operation 59 'load' 'accum_1_7_load' <Predicate = (!icmp_ln44)> <Delay = 0.00>
ST_2 : Operation 60 [1/2] (1.23ns)   --->   "%A_load = load i10 %A_addr" [reduce.cpp:45]   --->   Operation 60 'load' 'A_load' <Predicate = (!icmp_ln44)> <Delay = 1.23> <CoreInst = "RAM">   --->   Core 83 'RAM' <Latency = 1> <II = 1> <Delay = 1.23> <Storage> <Opcode : 'load' 'store'> <Ports = 2> <Width = 32> <Depth = 1024> <RAM>
ST_2 : Operation 61 [1/1] (0.52ns)   --->   "%tmp = mux i32 @_ssdm_op_Mux.ap_auto.4float.i2, i32 %accum_1_5_load, i32 %accum_1_2_load, i32 %accum_1_6_load, i32 %accum_1_7_load, i2 %trunc_ln45_1" [reduce.cpp:45]   --->   Operation 61 'mux' 'tmp' <Predicate = (!icmp_ln44)> <Delay = 0.52> <CoreInst = "Multiplexer">   --->   Core 76 'Multiplexer' <Latency = 0> <II = 1> <Delay = 0.52> <FuncUnit> <Opcode : 'mux'> <InPorts = 2> <OutPorts = 1>
ST_2 : Operation 84 [1/1] (0.00ns)   --->   "%accum_1_load = load i32 %accum_1"   --->   Operation 84 'load' 'accum_1_load' <Predicate = (icmp_ln44)> <Delay = 0.00>
ST_2 : Operation 85 [1/1] (0.00ns)   --->   "%accum_1_1_load = load i32 %accum_1_1"   --->   Operation 85 'load' 'accum_1_1_load' <Predicate = (icmp_ln44)> <Delay = 0.00>
ST_2 : Operation 86 [1/1] (0.00ns)   --->   "%accum_1_3_load = load i32 %accum_1_3"   --->   Operation 86 'load' 'accum_1_3_load' <Predicate = (icmp_ln44)> <Delay = 0.00>
ST_2 : Operation 87 [1/1] (0.00ns)   --->   "%accum_1_4_load = load i32 %accum_1_4"   --->   Operation 87 'load' 'accum_1_4_load' <Predicate = (icmp_ln44)> <Delay = 0.00>
ST_2 : Operation 88 [1/1] (0.00ns)   --->   "%write_ln0 = write void @_ssdm_op_Write.ap_auto.floatP0A, i32 %accum_load_11_out, i32 %accum_1_4_load"   --->   Operation 88 'write' 'write_ln0' <Predicate = (icmp_ln44)> <Delay = 0.00>
ST_2 : Operation 89 [1/1] (0.00ns)   --->   "%write_ln0 = write void @_ssdm_op_Write.ap_auto.floatP0A, i32 %accum_load_10_out, i32 %accum_1_3_load"   --->   Operation 89 'write' 'write_ln0' <Predicate = (icmp_ln44)> <Delay = 0.00>
ST_2 : Operation 90 [1/1] (0.00ns)   --->   "%write_ln0 = write void @_ssdm_op_Write.ap_auto.floatP0A, i32 %accum_load_9_out, i32 %accum_1_1_load"   --->   Operation 90 'write' 'write_ln0' <Predicate = (icmp_ln44)> <Delay = 0.00>
ST_2 : Operation 91 [1/1] (0.00ns)   --->   "%write_ln0 = write void @_ssdm_op_Write.ap_auto.floatP0A, i32 %accum_load_out, i32 %accum_1_load"   --->   Operation 91 'write' 'write_ln0' <Predicate = (icmp_ln44)> <Delay = 0.00>
ST_2 : Operation 92 [1/1] (0.00ns)   --->   "%ret_ln0 = ret"   --->   Operation 92 'ret' 'ret_ln0' <Predicate = (icmp_ln44)> <Delay = 0.00>

State 3 <SV = 2> <Delay = 3.45>
ST_3 : Operation 62 [1/1] (0.00ns)   --->   "%bitcast_ln45 = bitcast i32 %A_load" [reduce.cpp:45]   --->   Operation 62 'bitcast' 'bitcast_ln45' <Predicate = (!icmp_ln44)> <Delay = 0.00>
ST_3 : Operation 63 [8/8] (3.45ns)   --->   "%accum_1_9 = fadd i32 %tmp, i32 %bitcast_ln45" [reduce.cpp:45]   --->   Operation 63 'fadd' 'accum_1_9' <Predicate = (!icmp_ln44)> <Delay = 3.45> <CoreInst = "FAddSub_fulldsp">   --->   Core 18 'FAddSub_fulldsp' <Latency = 7> <II = 1> <Delay = 3.45> <FuncUnit> <Opcode : 'fadd' 'fsub'> <InPorts = 2> <OutPorts = 1>

State 4 <SV = 3> <Delay = 3.45>
ST_4 : Operation 64 [7/8] (3.45ns)   --->   "%accum_1_9 = fadd i32 %tmp, i32 %bitcast_ln45" [reduce.cpp:45]   --->   Operation 64 'fadd' 'accum_1_9' <Predicate = (!icmp_ln44)> <Delay = 3.45> <CoreInst = "FAddSub_fulldsp">   --->   Core 18 'FAddSub_fulldsp' <Latency = 7> <II = 1> <Delay = 3.45> <FuncUnit> <Opcode : 'fadd' 'fsub'> <InPorts = 2> <OutPorts = 1>

State 5 <SV = 4> <Delay = 3.45>
ST_5 : Operation 65 [6/8] (3.45ns)   --->   "%accum_1_9 = fadd i32 %tmp, i32 %bitcast_ln45" [reduce.cpp:45]   --->   Operation 65 'fadd' 'accum_1_9' <Predicate = (!icmp_ln44)> <Delay = 3.45> <CoreInst = "FAddSub_fulldsp">   --->   Core 18 'FAddSub_fulldsp' <Latency = 7> <II = 1> <Delay = 3.45> <FuncUnit> <Opcode : 'fadd' 'fsub'> <InPorts = 2> <OutPorts = 1>

State 6 <SV = 5> <Delay = 3.45>
ST_6 : Operation 66 [5/8] (3.45ns)   --->   "%accum_1_9 = fadd i32 %tmp, i32 %bitcast_ln45" [reduce.cpp:45]   --->   Operation 66 'fadd' 'accum_1_9' <Predicate = (!icmp_ln44)> <Delay = 3.45> <CoreInst = "FAddSub_fulldsp">   --->   Core 18 'FAddSub_fulldsp' <Latency = 7> <II = 1> <Delay = 3.45> <FuncUnit> <Opcode : 'fadd' 'fsub'> <InPorts = 2> <OutPorts = 1>

State 7 <SV = 6> <Delay = 3.45>
ST_7 : Operation 67 [4/8] (3.45ns)   --->   "%accum_1_9 = fadd i32 %tmp, i32 %bitcast_ln45" [reduce.cpp:45]   --->   Operation 67 'fadd' 'accum_1_9' <Predicate = (!icmp_ln44)> <Delay = 3.45> <CoreInst = "FAddSub_fulldsp">   --->   Core 18 'FAddSub_fulldsp' <Latency = 7> <II = 1> <Delay = 3.45> <FuncUnit> <Opcode : 'fadd' 'fsub'> <InPorts = 2> <OutPorts = 1>

State 8 <SV = 7> <Delay = 3.45>
ST_8 : Operation 68 [3/8] (3.45ns)   --->   "%accum_1_9 = fadd i32 %tmp, i32 %bitcast_ln45" [reduce.cpp:45]   --->   Operation 68 'fadd' 'accum_1_9' <Predicate = (!icmp_ln44)> <Delay = 3.45> <CoreInst = "FAddSub_fulldsp">   --->   Core 18 'FAddSub_fulldsp' <Latency = 7> <II = 1> <Delay = 3.45> <FuncUnit> <Opcode : 'fadd' 'fsub'> <InPorts = 2> <OutPorts = 1>

State 9 <SV = 8> <Delay = 3.45>
ST_9 : Operation 69 [2/8] (3.45ns)   --->   "%accum_1_9 = fadd i32 %tmp, i32 %bitcast_ln45" [reduce.cpp:45]   --->   Operation 69 'fadd' 'accum_1_9' <Predicate = (!icmp_ln44)> <Delay = 3.45> <CoreInst = "FAddSub_fulldsp">   --->   Core 18 'FAddSub_fulldsp' <Latency = 7> <II = 1> <Delay = 3.45> <FuncUnit> <Opcode : 'fadd' 'fsub'> <InPorts = 2> <OutPorts = 1>

State 10 <SV = 9> <Delay = 3.45>
ST_10 : Operation 70 [1/1] (0.00ns)   --->   "%specloopname_ln44 = specloopname void @_ssdm_op_SpecLoopName, void @empty_5" [reduce.cpp:44]   --->   Operation 70 'specloopname' 'specloopname_ln44' <Predicate = true> <Delay = 0.00>
ST_10 : Operation 71 [1/8] (3.45ns)   --->   "%accum_1_9 = fadd i32 %tmp, i32 %bitcast_ln45" [reduce.cpp:45]   --->   Operation 71 'fadd' 'accum_1_9' <Predicate = true> <Delay = 3.45> <CoreInst = "FAddSub_fulldsp">   --->   Core 18 'FAddSub_fulldsp' <Latency = 7> <II = 1> <Delay = 3.45> <FuncUnit> <Opcode : 'fadd' 'fsub'> <InPorts = 2> <OutPorts = 1>

State 11 <SV = 10> <Delay = 0.42>
ST_11 : Operation 72 [1/1] (0.42ns)   --->   "%store_ln45 = store i32 %accum_1_9, i32 %accum_1_6" [reduce.cpp:45]   --->   Operation 72 'store' 'store_ln45' <Predicate = (trunc_ln45_1 == 2)> <Delay = 0.42>
ST_11 : Operation 73 [1/1] (0.42ns)   --->   "%store_ln45 = store i32 %accum_1_9, i32 %accum_1_3" [reduce.cpp:45]   --->   Operation 73 'store' 'store_ln45' <Predicate = (trunc_ln45_1 == 2)> <Delay = 0.42>
ST_11 : Operation 74 [1/1] (0.00ns)   --->   "%br_ln45 = br void %.split24" [reduce.cpp:45]   --->   Operation 74 'br' 'br_ln45' <Predicate = (trunc_ln45_1 == 2)> <Delay = 0.00>
ST_11 : Operation 75 [1/1] (0.42ns)   --->   "%store_ln45 = store i32 %accum_1_9, i32 %accum_1_2" [reduce.cpp:45]   --->   Operation 75 'store' 'store_ln45' <Predicate = (trunc_ln45_1 == 1)> <Delay = 0.42>
ST_11 : Operation 76 [1/1] (0.42ns)   --->   "%store_ln45 = store i32 %accum_1_9, i32 %accum_1_1" [reduce.cpp:45]   --->   Operation 76 'store' 'store_ln45' <Predicate = (trunc_ln45_1 == 1)> <Delay = 0.42>
ST_11 : Operation 77 [1/1] (0.00ns)   --->   "%br_ln45 = br void %.split24" [reduce.cpp:45]   --->   Operation 77 'br' 'br_ln45' <Predicate = (trunc_ln45_1 == 1)> <Delay = 0.00>
ST_11 : Operation 78 [1/1] (0.42ns)   --->   "%store_ln45 = store i32 %accum_1_9, i32 %accum_1_5" [reduce.cpp:45]   --->   Operation 78 'store' 'store_ln45' <Predicate = (trunc_ln45_1 == 0)> <Delay = 0.42>
ST_11 : Operation 79 [1/1] (0.42ns)   --->   "%store_ln45 = store i32 %accum_1_9, i32 %accum_1" [reduce.cpp:45]   --->   Operation 79 'store' 'store_ln45' <Predicate = (trunc_ln45_1 == 0)> <Delay = 0.42>
ST_11 : Operation 80 [1/1] (0.00ns)   --->   "%br_ln45 = br void %.split24" [reduce.cpp:45]   --->   Operation 80 'br' 'br_ln45' <Predicate = (trunc_ln45_1 == 0)> <Delay = 0.00>
ST_11 : Operation 81 [1/1] (0.42ns)   --->   "%store_ln45 = store i32 %accum_1_9, i32 %accum_1_7" [reduce.cpp:45]   --->   Operation 81 'store' 'store_ln45' <Predicate = (trunc_ln45_1 == 3)> <Delay = 0.42>
ST_11 : Operation 82 [1/1] (0.42ns)   --->   "%store_ln45 = store i32 %accum_1_9, i32 %accum_1_4" [reduce.cpp:45]   --->   Operation 82 'store' 'store_ln45' <Predicate = (trunc_ln45_1 == 3)> <Delay = 0.42>
ST_11 : Operation 83 [1/1] (0.00ns)   --->   "%br_ln45 = br void %.split24" [reduce.cpp:45]   --->   Operation 83 'br' 'br_ln45' <Predicate = (trunc_ln45_1 == 3)> <Delay = 0.00>


============================================================
+ Verbose Summary: Timing violations
============================================================
Target clock period: 5ns, clock uncertainty: 1.35ns.

 <State 1>: 1.37ns
The critical path consists of the following:
	'alloca' operation ('j') [14]  (0 ns)
	'load' operation ('j', reduce.cpp:45) on local variable 'j' [43]  (0 ns)
	'getelementptr' operation ('A_addr', reduce.cpp:45) [57]  (0 ns)
	'load' operation ('A_load', reduce.cpp:45) on array 'A' [58]  (1.24 ns)
	blocking operation 0.134 ns on control path)

 <State 2>: 1.24ns
The critical path consists of the following:
	'load' operation ('A_load', reduce.cpp:45) on array 'A' [58]  (1.24 ns)

 <State 3>: 3.45ns
The critical path consists of the following:
	'fadd' operation ('accum[1]', reduce.cpp:45) [62]  (3.45 ns)

 <State 4>: 3.45ns
The critical path consists of the following:
	'fadd' operation ('accum[1]', reduce.cpp:45) [62]  (3.45 ns)

 <State 5>: 3.45ns
The critical path consists of the following:
	'fadd' operation ('accum[1]', reduce.cpp:45) [62]  (3.45 ns)

 <State 6>: 3.45ns
The critical path consists of the following:
	'fadd' operation ('accum[1]', reduce.cpp:45) [62]  (3.45 ns)

 <State 7>: 3.45ns
The critical path consists of the following:
	'fadd' operation ('accum[1]', reduce.cpp:45) [62]  (3.45 ns)

 <State 8>: 3.45ns
The critical path consists of the following:
	'fadd' operation ('accum[1]', reduce.cpp:45) [62]  (3.45 ns)

 <State 9>: 3.45ns
The critical path consists of the following:
	'fadd' operation ('accum[1]', reduce.cpp:45) [62]  (3.45 ns)

 <State 10>: 3.45ns
The critical path consists of the following:
	'fadd' operation ('accum[1]', reduce.cpp:45) [62]  (3.45 ns)

 <State 11>: 0.427ns
The critical path consists of the following:
	'store' operation ('store_ln45', reduce.cpp:45) of variable 'accum[1]', reduce.cpp:45 on local variable 'accum[1]' [73]  (0.427 ns)


============================================================
+ Verbose Summary: Binding
============================================================
N/A
* FSMD analyzer results:
  - Output states:
 - Input state : 
  - Chain level:
	State 1
	State 2
	State 3
	State 4
	State 5
	State 6
	State 7
	State 8
	State 9
	State 10
	State 11


============================================================
+ Verbose Summary: Datapath Resource usage 
============================================================
N/A
