

================================================================
== Vitis HLS Report for 'reduce_basic_ii_is_3'
================================================================
* Date:           Sun Jul 10 12:43:28 2022

* Version:        2021.2 (Build 3367213 on Tue Oct 19 02:47:39 MDT 2021)
* Project:        reduce_example
* Solution:       solution1 (Vivado IP Flow Target)
* Product family: zynquplus
* Target device:  xczu7ev-ffvc1156-2-e


================================================================
== Performance Estimates
================================================================
+ Timing: 
    * Summary: 
    +--------+---------+----------+------------+
    |  Clock |  Target | Estimated| Uncertainty|
    +--------+---------+----------+------------+
    |ap_clk  |  5.00 ns|  3.454 ns|     1.35 ns|
    +--------+---------+----------+------------+

+ Latency: 
    * Summary: 
    +---------+---------+-----------+-----------+------+------+---------+
    |  Latency (cycles) |   Latency (absolute)  |   Interval  | Pipeline|
    |   min   |   max   |    min    |    max    |  min |  max |   Type  |
    +---------+---------+-----------+-----------+------+------+---------+
    |     8196|     8196|  40.980 us|  40.980 us|  8196|  8196|       no|
    +---------+---------+-----------+-----------+------+------+---------+

    + Detail: 
        * Instance: 
        N/A

        * Loop: 
        +----------+---------+---------+----------+-----------+-----------+------+----------+
        |          |  Latency (cycles) | Iteration|  Initiation Interval  | Trip |          |
        | Loop Name|   min   |   max   |  Latency |  achieved |   target  | Count| Pipelined|
        +----------+---------+---------+----------+-----------+-----------+------+----------+
        |- basic   |     8194|     8194|        11|          8|          1|  1024|       yes|
        +----------+---------+---------+----------+-----------+-----------+------+----------+



================================================================
== Utilization Estimates
================================================================
* Summary: 
+-----------------+---------+------+--------+--------+-----+
|       Name      | BRAM_18K|  DSP |   FF   |   LUT  | URAM|
+-----------------+---------+------+--------+--------+-----+
|DSP              |        -|     -|       -|       -|    -|
|Expression       |        -|     -|       0|      32|    -|
|FIFO             |        -|     -|       -|       -|    -|
|Instance         |        -|     -|       -|       -|    -|
|Memory           |        -|     -|       -|       -|    -|
|Multiplexer      |        -|     -|       -|     130|    -|
|Register         |        -|     -|     119|       -|    -|
+-----------------+---------+------+--------+--------+-----+
|Total            |        0|     0|     119|     162|    0|
+-----------------+---------+------+--------+--------+-----+
|Available        |      624|  1728|  460800|  230400|   96|
+-----------------+---------+------+--------+--------+-----+
|Utilization (%)  |        0|     0|      ~0|      ~0|    0|
+-----------------+---------+------+--------+--------+-----+

+ Detail: 
    * Instance: 
    N/A

    * DSP: 
    N/A

    * Memory: 
    N/A

    * FIFO: 
    N/A

    * Expression: 
    +--------------------+----------+----+---+----+------------+------------+
    |    Variable Name   | Operation| DSP| FF| LUT| Bitwidth P0| Bitwidth P1|
    +--------------------+----------+----+---+----+------------+------------+
    |add_ln23_fu_80_p2   |         +|   0|  0|  18|          11|           1|
    |icmp_ln23_fu_74_p2  |      icmp|   0|  0|  12|          11|          12|
    |ap_enable_pp0       |       xor|   0|  0|   2|           1|           2|
    +--------------------+----------+----+---+----+------------+------------+
    |Total               |          |   0|  0|  32|          23|          15|
    +--------------------+----------+----+---+----+------------+------------+

    * Multiplexer: 
    +----------------------------------+----+-----------+-----+-----------+
    |               Name               | LUT| Input Size| Bits| Total Bits|
    +----------------------------------+----+-----------+-----+-----------+
    |accum_01_fu_36                    |   9|          2|   32|         64|
    |ap_NS_fsm                         |  49|          9|    1|          9|
    |ap_done_int                       |   9|          2|    1|          2|
    |ap_enable_reg_pp0_iter0           |   9|          2|    1|          2|
    |ap_enable_reg_pp0_iter0_reg       |   9|          2|    1|          2|
    |ap_enable_reg_pp0_iter1           |   9|          2|    1|          2|
    |ap_sig_allocacmp_accum_01_load    |   9|          2|   32|         64|
    |ap_sig_allocacmp_accum_01_load_1  |   9|          2|   32|         64|
    |ap_sig_allocacmp_j_1              |   9|          2|   11|         22|
    |j_fu_40                           |   9|          2|   11|         22|
    +----------------------------------+----+-----------+-----+-----------+
    |Total                             | 130|         27|  123|        253|
    +----------------------------------+----+-----------+-----+-----------+

    * Register: 
    +-----------------------------+----+----+-----+-----------+
    |             Name            | FF | LUT| Bits| Const Bits|
    +-----------------------------+----+----+-----+-----------+
    |A_load_reg_139               |  32|   0|   32|          0|
    |accum_01_fu_36               |  32|   0|   32|          0|
    |accum_reg_154                |  32|   0|   32|          0|
    |ap_CS_fsm                    |   8|   0|    8|          0|
    |ap_done_reg                  |   1|   0|    1|          0|
    |ap_enable_reg_pp0_iter0_reg  |   1|   0|    1|          0|
    |ap_enable_reg_pp0_iter1      |   1|   0|    1|          0|
    |icmp_ln23_reg_130            |   1|   0|    1|          0|
    |j_fu_40                      |  11|   0|   11|          0|
    +-----------------------------+----+----+-----+-----------+
    |Total                        | 119|   0|  119|          0|
    +-----------------------------+----+----+-----+-----------+



================================================================
== Interface
================================================================
* Summary: 
+---------------------+-----+-----+------------+----------------------+--------------+
|      RTL Ports      | Dir | Bits|  Protocol  |     Source Object    |    C Type    |
+---------------------+-----+-----+------------+----------------------+--------------+
|ap_clk               |   in|    1|  ap_ctrl_hs|  reduce_basic_ii_is_3|  return value|
|ap_rst               |   in|    1|  ap_ctrl_hs|  reduce_basic_ii_is_3|  return value|
|ap_start             |   in|    1|  ap_ctrl_hs|  reduce_basic_ii_is_3|  return value|
|ap_done              |  out|    1|  ap_ctrl_hs|  reduce_basic_ii_is_3|  return value|
|ap_idle              |  out|    1|  ap_ctrl_hs|  reduce_basic_ii_is_3|  return value|
|ap_ready             |  out|    1|  ap_ctrl_hs|  reduce_basic_ii_is_3|  return value|
|ap_return            |  out|   32|  ap_ctrl_hs|  reduce_basic_ii_is_3|  return value|
|grp_fu_101_p_din0    |  out|   32|  ap_ctrl_hs|  reduce_basic_ii_is_3|  return value|
|grp_fu_101_p_din1    |  out|   32|  ap_ctrl_hs|  reduce_basic_ii_is_3|  return value|
|grp_fu_101_p_opcode  |  out|    2|  ap_ctrl_hs|  reduce_basic_ii_is_3|  return value|
|grp_fu_101_p_dout0   |   in|   32|  ap_ctrl_hs|  reduce_basic_ii_is_3|  return value|
|grp_fu_101_p_ce      |  out|    1|  ap_ctrl_hs|  reduce_basic_ii_is_3|  return value|
|A_address0           |  out|   10|   ap_memory|                     A|         array|
|A_ce0                |  out|    1|   ap_memory|                     A|         array|
|A_q0                 |   in|   32|   ap_memory|                     A|         array|
+---------------------+-----+-----+------------+----------------------+--------------+

============================================================
+ Verbose Summary: Synthesis Manager
============================================================
InlineROM: 1
ExposeGlobal: 0
============================================================
+ Verbose Summary: CDFG Model
============================================================
IsTopModel: 0
ResetActiveHigh: 1
IsCombinational: 2
IsDatapathOnly: 2
HasWiredReturn: 1
HasMFsm: 2
HasVarLatency: 1
IsPipeline: 0
IsRtlPipelined: 0
IsInstanceOverlapped: 0
IsDontTouch: 0
HasImplIP: 0
IsGatedGlobalClock: 0

+ Individual pipeline summary: 
  * Pipeline-0: initiation interval (II) = 8, depth = 11


============================================================
+ Verbose Summary: Schedule
============================================================
* Number of FSM states : 11
* Pipeline : 1
  Pipeline-0 : II = 8, D = 11, States = { 1 2 3 4 5 6 7 8 9 10 11 }
* Dataflow Pipeline: 0

* FSM state transitions: 
1 --> 2 
2 --> 3 
3 --> 4 
4 --> 5 
5 --> 6 
6 --> 7 
7 --> 8 
8 --> 9 
9 --> 10 
10 --> 11 
11 --> 

* FSM state operations: 

State 1 <SV = 0> <Delay = 1.37>
ST_1 : Operation 14 [1/1] (0.00ns)   --->   "%accum_01 = alloca i32 1"   --->   Operation 14 'alloca' 'accum_01' <Predicate = true> <Delay = 0.00>
ST_1 : Operation 15 [1/1] (0.00ns)   --->   "%j = alloca i32 1"   --->   Operation 15 'alloca' 'j' <Predicate = true> <Delay = 0.00>
ST_1 : Operation 16 [1/1] (0.00ns)   --->   "%specinterface_ln0 = specinterface void @_ssdm_op_SpecInterface, i32 %A, void @empty, i32 0, i32 0, void @empty_0, i32 4294967295, i32 0, void @empty_0, void @empty_0, void @empty_0, i32 0, i32 0, i32 0, i32 0, void @empty_0, void @empty_0"   --->   Operation 16 'specinterface' 'specinterface_ln0' <Predicate = true> <Delay = 0.00>
ST_1 : Operation 17 [1/1] (0.42ns)   --->   "%store_ln23 = store i11 0, i11 %j" [reduce.cpp:23]   --->   Operation 17 'store' 'store_ln23' <Predicate = true> <Delay = 0.42>
ST_1 : Operation 18 [1/1] (0.42ns)   --->   "%store_ln23 = store i32 0, i32 %accum_01" [reduce.cpp:23]   --->   Operation 18 'store' 'store_ln23' <Predicate = true> <Delay = 0.42>
ST_1 : Operation 19 [1/1] (0.00ns)   --->   "%br_ln23 = br void" [reduce.cpp:23]   --->   Operation 19 'br' 'br_ln23' <Predicate = true> <Delay = 0.00>
ST_1 : Operation 20 [1/1] (0.00ns)   --->   "%j_1 = load i11 %j" [reduce.cpp:24]   --->   Operation 20 'load' 'j_1' <Predicate = true> <Delay = 0.00>
ST_1 : Operation 21 [1/1] (0.00ns)   --->   "%specpipeline_ln0 = specpipeline void @_ssdm_op_SpecPipeline, i32 4294967295, i32 0, i32 1, i32 0, void @p_str"   --->   Operation 21 'specpipeline' 'specpipeline_ln0' <Predicate = true> <Delay = 0.00>
ST_1 : Operation 22 [1/1] (0.94ns)   --->   "%icmp_ln23 = icmp_eq  i11 %j_1, i11 1024" [reduce.cpp:23]   --->   Operation 22 'icmp' 'icmp_ln23' <Predicate = true> <Delay = 0.94> <CoreInst = "Cmp">   --->   Core 9 'Cmp' <Latency = 0> <II = 1> <Delay = 0.97> <FuncUnit> <Opcode : 'icmp'> <InPorts = 2> <OutPorts = 1>
ST_1 : Operation 23 [1/1] (0.00ns)   --->   "%empty = speclooptripcount i32 @_ssdm_op_SpecLoopTripCount, i64 1024, i64 1024, i64 1024"   --->   Operation 23 'speclooptripcount' 'empty' <Predicate = true> <Delay = 0.00>
ST_1 : Operation 24 [1/1] (0.79ns)   --->   "%add_ln23 = add i11 %j_1, i11 1" [reduce.cpp:23]   --->   Operation 24 'add' 'add_ln23' <Predicate = true> <Delay = 0.79> <CoreInst = "Adder">   --->   Core 1 'Adder' <Latency = 0> <II = 1> <Delay = 0.79> <FuncUnit> <Opcode : 'add' 'sub'> <InPorts = 2> <OutPorts = 1>
ST_1 : Operation 25 [1/1] (0.00ns)   --->   "%br_ln23 = br i1 %icmp_ln23, void %.split, void" [reduce.cpp:23]   --->   Operation 25 'br' 'br_ln23' <Predicate = true> <Delay = 0.00>
ST_1 : Operation 26 [1/1] (0.00ns)   --->   "%trunc_ln24 = trunc i11 %j_1" [reduce.cpp:24]   --->   Operation 26 'trunc' 'trunc_ln24' <Predicate = (!icmp_ln23)> <Delay = 0.00>
ST_1 : Operation 27 [1/1] (0.00ns)   --->   "%zext_ln24 = zext i10 %trunc_ln24" [reduce.cpp:24]   --->   Operation 27 'zext' 'zext_ln24' <Predicate = (!icmp_ln23)> <Delay = 0.00>
ST_1 : Operation 28 [1/1] (0.00ns)   --->   "%A_addr = getelementptr i32 %A, i64 0, i64 %zext_ln24" [reduce.cpp:24]   --->   Operation 28 'getelementptr' 'A_addr' <Predicate = (!icmp_ln23)> <Delay = 0.00>
ST_1 : Operation 29 [2/2] (1.23ns)   --->   "%A_load = load i10 %A_addr" [reduce.cpp:24]   --->   Operation 29 'load' 'A_load' <Predicate = (!icmp_ln23)> <Delay = 1.23> <CoreInst = "RAM">   --->   Core 83 'RAM' <Latency = 1> <II = 1> <Delay = 1.23> <Storage> <Opcode : 'load' 'store'> <Ports = 2> <Width = 32> <Depth = 1024> <RAM>
ST_1 : Operation 30 [1/1] (0.42ns)   --->   "%store_ln23 = store i11 %add_ln23, i11 %j" [reduce.cpp:23]   --->   Operation 30 'store' 'store_ln23' <Predicate = (!icmp_ln23)> <Delay = 0.42>

State 2 <SV = 1> <Delay = 1.23>
ST_2 : Operation 31 [1/2] (1.23ns)   --->   "%A_load = load i10 %A_addr" [reduce.cpp:24]   --->   Operation 31 'load' 'A_load' <Predicate = (!icmp_ln23)> <Delay = 1.23> <CoreInst = "RAM">   --->   Core 83 'RAM' <Latency = 1> <II = 1> <Delay = 1.23> <Storage> <Opcode : 'load' 'store'> <Ports = 2> <Width = 32> <Depth = 1024> <RAM>

State 3 <SV = 2> <Delay = 3.45>
ST_3 : Operation 32 [1/1] (0.00ns)   --->   "%accum_01_load = load i32 %accum_01" [reduce.cpp:24]   --->   Operation 32 'load' 'accum_01_load' <Predicate = (!icmp_ln23)> <Delay = 0.00>
ST_3 : Operation 33 [1/1] (0.00ns)   --->   "%bitcast_ln24 = bitcast i32 %A_load" [reduce.cpp:24]   --->   Operation 33 'bitcast' 'bitcast_ln24' <Predicate = (!icmp_ln23)> <Delay = 0.00>
ST_3 : Operation 34 [8/8] (3.45ns)   --->   "%accum = fadd i32 %accum_01_load, i32 %bitcast_ln24" [reduce.cpp:24]   --->   Operation 34 'fadd' 'accum' <Predicate = (!icmp_ln23)> <Delay = 3.45> <CoreInst = "FAddSub_fulldsp">   --->   Core 18 'FAddSub_fulldsp' <Latency = 7> <II = 1> <Delay = 3.45> <FuncUnit> <Opcode : 'fadd' 'fsub'> <InPorts = 2> <OutPorts = 1>
ST_3 : Operation 45 [1/1] (0.00ns)   --->   "%accum_01_load_1 = load i32 %accum_01" [reduce.cpp:26]   --->   Operation 45 'load' 'accum_01_load_1' <Predicate = (icmp_ln23)> <Delay = 0.00>
ST_3 : Operation 46 [1/1] (0.00ns)   --->   "%ret_ln26 = ret i32 %accum_01_load_1" [reduce.cpp:26]   --->   Operation 46 'ret' 'ret_ln26' <Predicate = (icmp_ln23)> <Delay = 0.00>

State 4 <SV = 3> <Delay = 3.45>
ST_4 : Operation 35 [7/8] (3.45ns)   --->   "%accum = fadd i32 %accum_01_load, i32 %bitcast_ln24" [reduce.cpp:24]   --->   Operation 35 'fadd' 'accum' <Predicate = (!icmp_ln23)> <Delay = 3.45> <CoreInst = "FAddSub_fulldsp">   --->   Core 18 'FAddSub_fulldsp' <Latency = 7> <II = 1> <Delay = 3.45> <FuncUnit> <Opcode : 'fadd' 'fsub'> <InPorts = 2> <OutPorts = 1>

State 5 <SV = 4> <Delay = 3.45>
ST_5 : Operation 36 [6/8] (3.45ns)   --->   "%accum = fadd i32 %accum_01_load, i32 %bitcast_ln24" [reduce.cpp:24]   --->   Operation 36 'fadd' 'accum' <Predicate = (!icmp_ln23)> <Delay = 3.45> <CoreInst = "FAddSub_fulldsp">   --->   Core 18 'FAddSub_fulldsp' <Latency = 7> <II = 1> <Delay = 3.45> <FuncUnit> <Opcode : 'fadd' 'fsub'> <InPorts = 2> <OutPorts = 1>

State 6 <SV = 5> <Delay = 3.45>
ST_6 : Operation 37 [5/8] (3.45ns)   --->   "%accum = fadd i32 %accum_01_load, i32 %bitcast_ln24" [reduce.cpp:24]   --->   Operation 37 'fadd' 'accum' <Predicate = (!icmp_ln23)> <Delay = 3.45> <CoreInst = "FAddSub_fulldsp">   --->   Core 18 'FAddSub_fulldsp' <Latency = 7> <II = 1> <Delay = 3.45> <FuncUnit> <Opcode : 'fadd' 'fsub'> <InPorts = 2> <OutPorts = 1>

State 7 <SV = 6> <Delay = 3.45>
ST_7 : Operation 38 [4/8] (3.45ns)   --->   "%accum = fadd i32 %accum_01_load, i32 %bitcast_ln24" [reduce.cpp:24]   --->   Operation 38 'fadd' 'accum' <Predicate = (!icmp_ln23)> <Delay = 3.45> <CoreInst = "FAddSub_fulldsp">   --->   Core 18 'FAddSub_fulldsp' <Latency = 7> <II = 1> <Delay = 3.45> <FuncUnit> <Opcode : 'fadd' 'fsub'> <InPorts = 2> <OutPorts = 1>

State 8 <SV = 7> <Delay = 3.45>
ST_8 : Operation 39 [3/8] (3.45ns)   --->   "%accum = fadd i32 %accum_01_load, i32 %bitcast_ln24" [reduce.cpp:24]   --->   Operation 39 'fadd' 'accum' <Predicate = (!icmp_ln23)> <Delay = 3.45> <CoreInst = "FAddSub_fulldsp">   --->   Core 18 'FAddSub_fulldsp' <Latency = 7> <II = 1> <Delay = 3.45> <FuncUnit> <Opcode : 'fadd' 'fsub'> <InPorts = 2> <OutPorts = 1>

State 9 <SV = 8> <Delay = 3.45>
ST_9 : Operation 40 [2/8] (3.45ns)   --->   "%accum = fadd i32 %accum_01_load, i32 %bitcast_ln24" [reduce.cpp:24]   --->   Operation 40 'fadd' 'accum' <Predicate = true> <Delay = 3.45> <CoreInst = "FAddSub_fulldsp">   --->   Core 18 'FAddSub_fulldsp' <Latency = 7> <II = 1> <Delay = 3.45> <FuncUnit> <Opcode : 'fadd' 'fsub'> <InPorts = 2> <OutPorts = 1>

State 10 <SV = 9> <Delay = 3.45>
ST_10 : Operation 41 [1/8] (3.45ns)   --->   "%accum = fadd i32 %accum_01_load, i32 %bitcast_ln24" [reduce.cpp:24]   --->   Operation 41 'fadd' 'accum' <Predicate = true> <Delay = 3.45> <CoreInst = "FAddSub_fulldsp">   --->   Core 18 'FAddSub_fulldsp' <Latency = 7> <II = 1> <Delay = 3.45> <FuncUnit> <Opcode : 'fadd' 'fsub'> <InPorts = 2> <OutPorts = 1>

State 11 <SV = 10> <Delay = 0.42>
ST_11 : Operation 42 [1/1] (0.00ns)   --->   "%specloopname_ln22 = specloopname void @_ssdm_op_SpecLoopName, void @empty_3" [reduce.cpp:22]   --->   Operation 42 'specloopname' 'specloopname_ln22' <Predicate = true> <Delay = 0.00>
ST_11 : Operation 43 [1/1] (0.42ns)   --->   "%store_ln24 = store i32 %accum, i32 %accum_01" [reduce.cpp:24]   --->   Operation 43 'store' 'store_ln24' <Predicate = true> <Delay = 0.42>
ST_11 : Operation 44 [1/1] (0.00ns)   --->   "%br_ln0 = br void"   --->   Operation 44 'br' 'br_ln0' <Predicate = true> <Delay = 0.00>


============================================================
+ Verbose Summary: Binding
============================================================
STG Binding: 
---------------- STG Properties BEGIN ----------------
- Is combinational: 0
- Is one-state seq: 0
- Is datapath-only: 0
- Is pipelined: 0
- Is top level: 0
Port [ Return ] is wired: 1; IO mode=ap_ctrl_hs:ce=0
Port [ A]:  wired=1; compound=1; hidden=0; nouse=0; global=0; static=0; extern=0; dir=0; type=1; pingpong=0; private_global=0; MemPort=[13]; IO mode=ap_memory:ce=0
---------------- STG Properties END ------------------

---------------- Datapath Model BEGIN ----------------

<LifeTime>
<method=bitvector/>
accum_01          (alloca           ) [ 011111111111]
j                 (alloca           ) [ 010000000000]
specinterface_ln0 (specinterface    ) [ 000000000000]
store_ln23        (store            ) [ 000000000000]
store_ln23        (store            ) [ 000000000000]
br_ln23           (br               ) [ 000000000000]
j_1               (load             ) [ 000000000000]
specpipeline_ln0  (specpipeline     ) [ 000000000000]
icmp_ln23         (icmp             ) [ 011111111000]
empty             (speclooptripcount) [ 000000000000]
add_ln23          (add              ) [ 000000000000]
br_ln23           (br               ) [ 000000000000]
trunc_ln24        (trunc            ) [ 000000000000]
zext_ln24         (zext             ) [ 000000000000]
A_addr            (getelementptr    ) [ 001000000000]
store_ln23        (store            ) [ 000000000000]
A_load            (load             ) [ 000100000000]
accum_01_load     (load             ) [ 011011111110]
bitcast_ln24      (bitcast          ) [ 011011111110]
accum             (fadd             ) [ 000100000001]
specloopname_ln22 (specloopname     ) [ 000000000000]
store_ln24        (store            ) [ 000000000000]
br_ln0            (br               ) [ 000000000000]
accum_01_load_1   (load             ) [ 000000000000]
ret_ln26          (ret              ) [ 000000000000]
</LifeTime>

<model>

<comp_list>
<comp id="0" class="1000" name="A">
<pin_list>
<pin id="1" dir="1" index="0" bw="1" slack="0"/>
</pin_list>
<bind>
<StgValue><ssdm name="A"/><MemPortTyVec>1 3 </MemPortTyVec>
</StgValue>
</bind>
</comp>

<comp id="2" class="1001" name="const_2">
<pin_list>
<pin id="3" dir="1" index="0" bw="1" slack="0"/>
</pin_list>
<bind>
<StgValue><ssdm name=""/></StgValue>
</bind>
</comp>

<comp id="4" class="1001" name="const_4">
<pin_list>
<pin id="5" dir="1" index="0" bw="1" slack="2147483647"/>
</pin_list>
<bind>
<StgValue><ssdm name="_ssdm_op_SpecInterface"/></StgValue>
</bind>
</comp>

<comp id="6" class="1001" name="const_6">
<pin_list>
<pin id="7" dir="1" index="0" bw="1" slack="2147483647"/>
</pin_list>
<bind>
<StgValue><ssdm name="empty"/></StgValue>
</bind>
</comp>

<comp id="8" class="1001" name="const_8">
<pin_list>
<pin id="9" dir="1" index="0" bw="1" slack="2147483647"/>
</pin_list>
<bind>
<StgValue><ssdm name=""/></StgValue>
</bind>
</comp>

<comp id="10" class="1001" name="const_10">
<pin_list>
<pin id="11" dir="1" index="0" bw="1" slack="2147483647"/>
</pin_list>
<bind>
<StgValue><ssdm name="empty_0"/></StgValue>
</bind>
</comp>

<comp id="12" class="1001" name="const_12">
<pin_list>
<pin id="13" dir="1" index="0" bw="1" slack="2147483647"/>
</pin_list>
<bind>
<StgValue><ssdm name=""/></StgValue>
</bind>
</comp>

<comp id="14" class="1001" name="const_14">
<pin_list>
<pin id="15" dir="1" index="0" bw="1" slack="0"/>
</pin_list>
<bind>
<StgValue><ssdm name=""/></StgValue>
</bind>
</comp>

<comp id="16" class="1001" name="const_16">
<pin_list>
<pin id="17" dir="1" index="0" bw="1" slack="0"/>
</pin_list>
<bind>
<StgValue><ssdm name=""/></StgValue>
</bind>
</comp>

<comp id="18" class="1001" name="const_18">
<pin_list>
<pin id="19" dir="1" index="0" bw="1" slack="2147483647"/>
</pin_list>
<bind>
<StgValue><ssdm name="_ssdm_op_SpecPipeline"/></StgValue>
</bind>
</comp>

<comp id="20" class="1001" name="const_20">
<pin_list>
<pin id="21" dir="1" index="0" bw="1" slack="2147483647"/>
</pin_list>
<bind>
<StgValue><ssdm name="p_str"/></StgValue>
</bind>
</comp>

<comp id="22" class="1001" name="const_22">
<pin_list>
<pin id="23" dir="1" index="0" bw="1" slack="0"/>
</pin_list>
<bind>
<StgValue><ssdm name=""/></StgValue>
</bind>
</comp>

<comp id="24" class="1001" name="const_24">
<pin_list>
<pin id="25" dir="1" index="0" bw="1" slack="2147483647"/>
</pin_list>
<bind>
<StgValue><ssdm name="_ssdm_op_SpecLoopTripCount"/></StgValue>
</bind>
</comp>

<comp id="26" class="1001" name="const_26">
<pin_list>
<pin id="27" dir="1" index="0" bw="1" slack="2147483647"/>
</pin_list>
<bind>
<StgValue><ssdm name=""/></StgValue>
</bind>
</comp>

<comp id="28" class="1001" name="const_28">
<pin_list>
<pin id="29" dir="1" index="0" bw="1" slack="0"/>
</pin_list>
<bind>
<StgValue><ssdm name=""/></StgValue>
</bind>
</comp>

<comp id="30" class="1001" name="const_30">
<pin_list>
<pin id="31" dir="1" index="0" bw="1" slack="0"/>
</pin_list>
<bind>
<StgValue><ssdm name=""/></StgValue>
</bind>
</comp>

<comp id="32" class="1001" name="const_32">
<pin_list>
<pin id="33" dir="1" index="0" bw="1" slack="2147483647"/>
</pin_list>
<bind>
<StgValue><ssdm name="_ssdm_op_SpecLoopName"/></StgValue>
</bind>
</comp>

<comp id="34" class="1001" name="const_34">
<pin_list>
<pin id="35" dir="1" index="0" bw="1" slack="2147483647"/>
</pin_list>
<bind>
<StgValue><ssdm name="empty_3"/></StgValue>
</bind>
</comp>

<comp id="36" class="1004" name="accum_01_fu_36">
<pin_list>
<pin id="37" dir="0" index="0" bw="1" slack="0"/>
<pin id="38" dir="1" index="1" bw="32" slack="0"/>
</pin_list>
<bind>
<opcode="alloca(26) " fcode="alloca"/>
<opset="accum_01/1 "/>
</bind>
</comp>

<comp id="40" class="1004" name="j_fu_40">
<pin_list>
<pin id="41" dir="0" index="0" bw="1" slack="0"/>
<pin id="42" dir="1" index="1" bw="11" slack="0"/>
</pin_list>
<bind>
<opcode="alloca(26) " fcode="alloca"/>
<opset="j/1 "/>
</bind>
</comp>

<comp id="44" class="1004" name="A_addr_gep_fu_44">
<pin_list>
<pin id="45" dir="0" index="0" bw="32" slack="0"/>
<pin id="46" dir="0" index="1" bw="1" slack="0"/>
<pin id="47" dir="0" index="2" bw="10" slack="0"/>
<pin id="48" dir="1" index="3" bw="10" slack="0"/>
</pin_list>
<bind>
<opcode="getelementptr(29) " fcode="getelementptr"/>
<opset="A_addr/1 "/>
</bind>
</comp>

<comp id="51" class="1004" name="grp_access_fu_51">
<pin_list>
<pin id="52" dir="0" index="0" bw="10" slack="0"/>
<pin id="53" dir="0" index="1" bw="32" slack="2147483647"/>
<pin id="54" dir="0" index="2" bw="0" slack="2147483647"/>
<pin id="55" dir="1" index="3" bw="32" slack="1"/>
</pin_list>
<bind>
<opcode="load(27) " fcode="load"/>
<opset="A_load/1 "/>
</bind>
</comp>

<comp id="57" class="1004" name="grp_fu_57">
<pin_list>
<pin id="58" dir="0" index="0" bw="32" slack="0"/>
<pin id="59" dir="0" index="1" bw="32" slack="0"/>
<pin id="60" dir="1" index="2" bw="32" slack="1"/>
</pin_list>
<bind>
<opcode="fadd(9) " fcode="fadd"/>
<opset="accum/3 "/>
</bind>
</comp>

<comp id="61" class="1004" name="store_ln23_store_fu_61">
<pin_list>
<pin id="62" dir="0" index="0" bw="1" slack="0"/>
<pin id="63" dir="0" index="1" bw="11" slack="0"/>
<pin id="64" dir="1" index="2" bw="0" slack="2147483647"/>
</pin_list>
<bind>
<opcode="store(28) " fcode="store"/>
<opset="store_ln23/1 "/>
</bind>
</comp>

<comp id="66" class="1004" name="store_ln23_store_fu_66">
<pin_list>
<pin id="67" dir="0" index="0" bw="32" slack="0"/>
<pin id="68" dir="0" index="1" bw="32" slack="0"/>
<pin id="69" dir="1" index="2" bw="0" slack="2147483647"/>
</pin_list>
<bind>
<opcode="store(28) " fcode="store"/>
<opset="store_ln23/1 "/>
</bind>
</comp>

<comp id="71" class="1004" name="j_1_load_fu_71">
<pin_list>
<pin id="72" dir="0" index="0" bw="11" slack="0"/>
<pin id="73" dir="1" index="1" bw="11" slack="0"/>
</pin_list>
<bind>
<opcode="load(27) " fcode="load"/>
<opset="j_1/1 "/>
</bind>
</comp>

<comp id="74" class="1004" name="icmp_ln23_fu_74">
<pin_list>
<pin id="75" dir="0" index="0" bw="11" slack="0"/>
<pin id="76" dir="0" index="1" bw="11" slack="0"/>
<pin id="77" dir="1" index="2" bw="1" slack="1"/>
</pin_list>
<bind>
<opcode="icmp(45) " fcode="icmp"/>
<opset="icmp_ln23/1 "/>
</bind>
</comp>

<comp id="80" class="1004" name="add_ln23_fu_80">
<pin_list>
<pin id="81" dir="0" index="0" bw="11" slack="0"/>
<pin id="82" dir="0" index="1" bw="1" slack="0"/>
<pin id="83" dir="1" index="2" bw="11" slack="0"/>
</pin_list>
<bind>
<opcode="add(8) " fcode="add"/>
<opset="add_ln23/1 "/>
</bind>
</comp>

<comp id="86" class="1004" name="trunc_ln24_fu_86">
<pin_list>
<pin id="87" dir="0" index="0" bw="11" slack="0"/>
<pin id="88" dir="1" index="1" bw="10" slack="0"/>
</pin_list>
<bind>
<opcode="trunc(33) " fcode="trunc"/>
<opset="trunc_ln24/1 "/>
</bind>
</comp>

<comp id="90" class="1004" name="zext_ln24_fu_90">
<pin_list>
<pin id="91" dir="0" index="0" bw="10" slack="0"/>
<pin id="92" dir="1" index="1" bw="64" slack="0"/>
</pin_list>
<bind>
<opcode="zext(34) " fcode="zext"/>
<opset="zext_ln24/1 "/>
</bind>
</comp>

<comp id="95" class="1004" name="store_ln23_store_fu_95">
<pin_list>
<pin id="96" dir="0" index="0" bw="11" slack="0"/>
<pin id="97" dir="0" index="1" bw="11" slack="0"/>
<pin id="98" dir="1" index="2" bw="0" slack="2147483647"/>
</pin_list>
<bind>
<opcode="store(28) " fcode="store"/>
<opset="store_ln23/1 "/>
</bind>
</comp>

<comp id="100" class="1004" name="accum_01_load_load_fu_100">
<pin_list>
<pin id="101" dir="0" index="0" bw="32" slack="2"/>
<pin id="102" dir="1" index="1" bw="32" slack="0"/>
</pin_list>
<bind>
<opcode="load(27) " fcode="load"/>
<opset="accum_01_load/3 "/>
</bind>
</comp>

<comp id="104" class="1004" name="bitcast_ln24_fu_104">
<pin_list>
<pin id="105" dir="0" index="0" bw="32" slack="1"/>
<pin id="106" dir="1" index="1" bw="32" slack="0"/>
</pin_list>
<bind>
<opcode="bitcast(44) " fcode="bitcast"/>
<opset="bitcast_ln24/3 "/>
</bind>
</comp>

<comp id="108" class="1004" name="store_ln24_store_fu_108">
<pin_list>
<pin id="109" dir="0" index="0" bw="32" slack="1"/>
<pin id="110" dir="0" index="1" bw="32" slack="10"/>
<pin id="111" dir="1" index="2" bw="0" slack="2147483647"/>
</pin_list>
<bind>
<opcode="store(28) " fcode="store"/>
<opset="store_ln24/11 "/>
</bind>
</comp>

<comp id="112" class="1004" name="accum_01_load_1_load_fu_112">
<pin_list>
<pin id="113" dir="0" index="0" bw="32" slack="2"/>
<pin id="114" dir="1" index="1" bw="32" slack="2147483647"/>
</pin_list>
<bind>
<opcode="load(27) " fcode="load"/>
<opset="accum_01_load_1/3 "/>
</bind>
</comp>

<comp id="115" class="1005" name="accum_01_reg_115">
<pin_list>
<pin id="116" dir="0" index="0" bw="32" slack="0"/>
<pin id="117" dir="1" index="1" bw="32" slack="0"/>
</pin_list>
<bind>
<opset="accum_01 "/>
</bind>
</comp>

<comp id="123" class="1005" name="j_reg_123">
<pin_list>
<pin id="124" dir="0" index="0" bw="11" slack="0"/>
<pin id="125" dir="1" index="1" bw="11" slack="0"/>
</pin_list>
<bind>
<opset="j "/>
</bind>
</comp>

<comp id="130" class="1005" name="icmp_ln23_reg_130">
<pin_list>
<pin id="131" dir="0" index="0" bw="1" slack="1"/>
<pin id="132" dir="1" index="1" bw="1" slack="2147483647"/>
</pin_list>
<bind>
<opset="icmp_ln23 "/>
</bind>
</comp>

<comp id="134" class="1005" name="A_addr_reg_134">
<pin_list>
<pin id="135" dir="0" index="0" bw="10" slack="1"/>
<pin id="136" dir="1" index="1" bw="10" slack="1"/>
</pin_list>
<bind>
<opset="A_addr "/>
</bind>
</comp>

<comp id="139" class="1005" name="A_load_reg_139">
<pin_list>
<pin id="140" dir="0" index="0" bw="32" slack="1"/>
<pin id="141" dir="1" index="1" bw="32" slack="1"/>
</pin_list>
<bind>
<opset="A_load "/>
</bind>
</comp>

<comp id="144" class="1005" name="accum_01_load_reg_144">
<pin_list>
<pin id="145" dir="0" index="0" bw="32" slack="1"/>
<pin id="146" dir="1" index="1" bw="32" slack="1"/>
</pin_list>
<bind>
<opset="accum_01_load "/>
</bind>
</comp>

<comp id="149" class="1005" name="bitcast_ln24_reg_149">
<pin_list>
<pin id="150" dir="0" index="0" bw="32" slack="1"/>
<pin id="151" dir="1" index="1" bw="32" slack="1"/>
</pin_list>
<bind>
<opset="bitcast_ln24 "/>
</bind>
</comp>

<comp id="154" class="1005" name="accum_reg_154">
<pin_list>
<pin id="155" dir="0" index="0" bw="32" slack="1"/>
<pin id="156" dir="1" index="1" bw="32" slack="1"/>
</pin_list>
<bind>
<opset="accum "/>
</bind>
</comp>

</comp_list>

<net_list>
<net id="39"><net_src comp="2" pin="0"/><net_sink comp="36" pin=0"/></net>

<net id="43"><net_src comp="2" pin="0"/><net_sink comp="40" pin=0"/></net>

<net id="49"><net_src comp="0" pin="0"/><net_sink comp="44" pin=0"/></net>

<net id="50"><net_src comp="30" pin="0"/><net_sink comp="44" pin=1"/></net>

<net id="56"><net_src comp="44" pin="3"/><net_sink comp="51" pin=0"/></net>

<net id="65"><net_src comp="14" pin="0"/><net_sink comp="61" pin=0"/></net>

<net id="70"><net_src comp="16" pin="0"/><net_sink comp="66" pin=0"/></net>

<net id="78"><net_src comp="71" pin="1"/><net_sink comp="74" pin=0"/></net>

<net id="79"><net_src comp="22" pin="0"/><net_sink comp="74" pin=1"/></net>

<net id="84"><net_src comp="71" pin="1"/><net_sink comp="80" pin=0"/></net>

<net id="85"><net_src comp="28" pin="0"/><net_sink comp="80" pin=1"/></net>

<net id="89"><net_src comp="71" pin="1"/><net_sink comp="86" pin=0"/></net>

<net id="93"><net_src comp="86" pin="1"/><net_sink comp="90" pin=0"/></net>

<net id="94"><net_src comp="90" pin="1"/><net_sink comp="44" pin=2"/></net>

<net id="99"><net_src comp="80" pin="2"/><net_sink comp="95" pin=0"/></net>

<net id="103"><net_src comp="100" pin="1"/><net_sink comp="57" pin=0"/></net>

<net id="107"><net_src comp="104" pin="1"/><net_sink comp="57" pin=1"/></net>

<net id="118"><net_src comp="36" pin="1"/><net_sink comp="115" pin=0"/></net>

<net id="119"><net_src comp="115" pin="1"/><net_sink comp="66" pin=1"/></net>

<net id="120"><net_src comp="115" pin="1"/><net_sink comp="100" pin=0"/></net>

<net id="121"><net_src comp="115" pin="1"/><net_sink comp="108" pin=1"/></net>

<net id="122"><net_src comp="115" pin="1"/><net_sink comp="112" pin=0"/></net>

<net id="126"><net_src comp="40" pin="1"/><net_sink comp="123" pin=0"/></net>

<net id="127"><net_src comp="123" pin="1"/><net_sink comp="61" pin=1"/></net>

<net id="128"><net_src comp="123" pin="1"/><net_sink comp="71" pin=0"/></net>

<net id="129"><net_src comp="123" pin="1"/><net_sink comp="95" pin=1"/></net>

<net id="133"><net_src comp="74" pin="2"/><net_sink comp="130" pin=0"/></net>

<net id="137"><net_src comp="44" pin="3"/><net_sink comp="134" pin=0"/></net>

<net id="138"><net_src comp="134" pin="1"/><net_sink comp="51" pin=0"/></net>

<net id="142"><net_src comp="51" pin="3"/><net_sink comp="139" pin=0"/></net>

<net id="143"><net_src comp="139" pin="1"/><net_sink comp="104" pin=0"/></net>

<net id="147"><net_src comp="100" pin="1"/><net_sink comp="144" pin=0"/></net>

<net id="148"><net_src comp="144" pin="1"/><net_sink comp="57" pin=0"/></net>

<net id="152"><net_src comp="104" pin="1"/><net_sink comp="149" pin=0"/></net>

<net id="153"><net_src comp="149" pin="1"/><net_sink comp="57" pin=1"/></net>

<net id="157"><net_src comp="57" pin="2"/><net_sink comp="154" pin=0"/></net>

<net id="158"><net_src comp="154" pin="1"/><net_sink comp="108" pin=0"/></net>

</net_list>

</model> 
---------------- Datapath Model END ------------------

* FSMD analyzer results:
  - Output states:
	Port: A | {}
 - Input state : 
	Port: reduce_basic_ii_is_3 : A | {1 2 }
  - Chain level:
	State 1
		store_ln23 : 1
		store_ln23 : 1
		j_1 : 1
		icmp_ln23 : 2
		add_ln23 : 2
		br_ln23 : 3
		trunc_ln24 : 2
		zext_ln24 : 3
		A_addr : 4
		A_load : 5
		store_ln23 : 3
	State 2
	State 3
		accum : 1
		ret_ln26 : 1
	State 4
	State 5
	State 6
	State 7
	State 8
	State 9
	State 10
	State 11


============================================================
+ Verbose Summary: Datapath Resource usage 
============================================================

* Functional unit list:
|----------|------------------|---------|---------|---------|
| Operation|  Functional Unit |   DSP   |    FF   |   LUT   |
|----------|------------------|---------|---------|---------|
|   fadd   |     grp_fu_57    |    2    |   296   |   239   |
|----------|------------------|---------|---------|---------|
|    add   |  add_ln23_fu_80  |    0    |    0    |    18   |
|----------|------------------|---------|---------|---------|
|   icmp   |  icmp_ln23_fu_74 |    0    |    0    |    11   |
|----------|------------------|---------|---------|---------|
|   trunc  | trunc_ln24_fu_86 |    0    |    0    |    0    |
|----------|------------------|---------|---------|---------|
|   zext   |  zext_ln24_fu_90 |    0    |    0    |    0    |
|----------|------------------|---------|---------|---------|
|   Total  |                  |    2    |   296   |   268   |
|----------|------------------|---------|---------|---------|

Memories:
N/A

* Register list:
+---------------------+--------+
|                     |   FF   |
+---------------------+--------+
|    A_addr_reg_134   |   10   |
|    A_load_reg_139   |   32   |
|accum_01_load_reg_144|   32   |
|   accum_01_reg_115  |   32   |
|    accum_reg_154    |   32   |
| bitcast_ln24_reg_149|   32   |
|  icmp_ln23_reg_130  |    1   |
|      j_reg_123      |   11   |
+---------------------+--------+
|        Total        |   182  |
+---------------------+--------+

* Multiplexer (MUX) list: 
|------------------|------|------|------|--------||---------||---------|
|       Comp       |  Pin | Size |  BW  | S x BW ||  Delay  ||   LUT   |
|------------------|------|------|------|--------||---------||---------|
| grp_access_fu_51 |  p0  |   2  |  10  |   20   ||    9    |
|     grp_fu_57    |  p0  |   2  |  32  |   64   ||    9    |
|     grp_fu_57    |  p1  |   2  |  32  |   64   ||    9    |
|------------------|------|------|------|--------||---------||---------|
|       Total      |      |      |      |   148  ||  1.281  ||    27   |
|------------------|------|------|------|--------||---------||---------|



* Summary:
+-----------+--------+--------+--------+--------+
|           |   DSP  |  Delay |   FF   |   LUT  |
+-----------+--------+--------+--------+--------+
|  Function |    2   |    -   |   296  |   268  |
|   Memory  |    -   |    -   |    -   |    -   |
|Multiplexer|    -   |    1   |    -   |   27   |
|  Register |    -   |    -   |   182  |    -   |
+-----------+--------+--------+--------+--------+
|   Total   |    2   |    1   |   478  |   295  |
+-----------+--------+--------+--------+--------+
