

================================================================
== Vitis HLS Report for 'mmm_basic_Pipeline_ak'
================================================================
* Date:           Sun Jul 10 13:00:26 2022

* Version:        2021.2 (Build 3367213 on Tue Oct 19 02:47:39 MDT 2021)
* Project:        mmm_example
* Solution:       solution1 (Vivado IP Flow Target)
* Product family: zynquplus
* Target device:  xczu7ev-ffvc1156-2-e


================================================================
== Performance Estimates
================================================================
+ Timing: 
    * Summary: 
    +--------+---------+----------+------------+
    |  Clock |  Target | Estimated| Uncertainty|
    +--------+---------+----------+------------+
    |ap_clk  |  5.00 ns|  3.454 ns|     1.35 ns|
    +--------+---------+----------+------------+

+ Latency: 
    * Summary: 
    +---------+---------+-----------+-----------+------+------+---------+
    |  Latency (cycles) |   Latency (absolute)  |   Interval  | Pipeline|
    |   min   |   max   |    min    |    max    |  min |  max |   Type  |
    +---------+---------+-----------+-----------+------+------+---------+
    |     2057|     2057|  10.285 us|  10.285 us|  2057|  2057|       no|
    +---------+---------+-----------+-----------+------+------+---------+

    + Detail: 
        * Instance: 
        N/A

        * Loop: 
        +----------+---------+---------+----------+-----------+-----------+------+----------+
        |          |  Latency (cycles) | Iteration|  Initiation Interval  | Trip |          |
        | Loop Name|   min   |   max   |  Latency |  achieved |   target  | Count| Pipelined|
        +----------+---------+---------+----------+-----------+-----------+------+----------+
        |- ak      |     2055|     2055|        24|         16|          1|   128|       yes|
        +----------+---------+---------+----------+-----------+-----------+------+----------+



================================================================
== Utilization Estimates
================================================================
* Summary: 
+-----------------+---------+------+--------+--------+-----+
|       Name      | BRAM_18K|  DSP |   FF   |   LUT  | URAM|
+-----------------+---------+------+--------+--------+-----+
|DSP              |        -|     -|       -|       -|    -|
|Expression       |        -|     -|       0|      40|    -|
|FIFO             |        -|     -|       -|       -|    -|
|Instance         |        -|     -|       -|       -|    -|
|Memory           |        -|     -|       -|       -|    -|
|Multiplexer      |        -|     -|       -|     209|    -|
|Register         |        -|     -|     285|       -|    -|
+-----------------+---------+------+--------+--------+-----+
|Total            |        0|     0|     285|     249|    0|
+-----------------+---------+------+--------+--------+-----+
|Available        |      624|  1728|  460800|  230400|   96|
+-----------------+---------+------+--------+--------+-----+
|Utilization (%)  |        0|     0|      ~0|      ~0|    0|
+-----------------+---------+------+--------+--------+-----+

+ Detail: 
    * Instance: 
    N/A

    * DSP: 
    N/A

    * Memory: 
    N/A

    * FIFO: 
    N/A

    * Expression: 
    +--------------------+----------+----+---+----+------------+------------+
    |    Variable Name   | Operation| DSP| FF| LUT| Bitwidth P0| Bitwidth P1|
    +--------------------+----------+----+---+----+------------+------------+
    |add_ln34_fu_223_p2  |         +|   0|  0|  16|           9|           2|
    |add_ln36_fu_212_p2  |         +|   0|  0|  22|          15|          15|
    |ap_enable_pp0       |       xor|   0|  0|   2|           1|           2|
    +--------------------+----------+----+---+----+------------+------------+
    |Total               |          |   0|  0|  40|          25|          19|
    +--------------------+----------+----+---+----+------------+------------+

    * Multiplexer: 
    +-----------------------------+----+-----------+-----+-----------+
    |             Name            | LUT| Input Size| Bits| Total Bits|
    +-----------------------------+----+-----------+-----+-----------+
    |ap_NS_fsm                    |  81|         17|    1|         17|
    |ap_done_int                  |   9|          2|    1|          2|
    |ap_enable_reg_pp0_iter0      |   9|          2|    1|          2|
    |ap_enable_reg_pp0_iter0_reg  |   9|          2|    1|          2|
    |ap_enable_reg_pp0_iter1      |   9|          2|    1|          2|
    |ap_sig_allocacmp_k_2         |   9|          2|    9|         18|
    |ap_sig_allocacmp_p_load      |   9|          2|   32|         64|
    |empty_fu_72                  |   9|          2|   32|         64|
    |grp_fu_131_p0                |  14|          3|   32|         96|
    |grp_fu_131_p1                |  14|          3|   32|         96|
    |grp_fu_135_p0                |  14|          3|   32|         96|
    |grp_fu_135_p1                |  14|          3|   32|         96|
    |k_fu_76                      |   9|          2|    9|         18|
    +-----------------------------+----+-----------+-----+-----------+
    |Total                        | 209|         45|  215|        573|
    +-----------------------------+----+-----------+-----+-----------+

    * Register: 
    +-----------------------------+----+----+-----+-----------+
    |             Name            | FF | LUT| Bits| Const Bits|
    +-----------------------------+----+----+-----+-----------+
    |ap_CS_fsm                    |  16|   0|   16|          0|
    |ap_done_reg                  |   1|   0|    1|          0|
    |ap_enable_reg_pp0_iter0_reg  |   1|   0|    1|          0|
    |ap_enable_reg_pp0_iter1      |   1|   0|    1|          0|
    |empty_fu_72                  |  32|   0|   32|          0|
    |k_fu_76                      |   9|   0|    9|          0|
    |mul_1_reg_370                |  32|   0|   32|          0|
    |mul_reg_360                  |  32|   0|   32|          0|
    |reg_139                      |  32|   0|   32|          0|
    |tmp_5_reg_330                |  32|   0|   32|          0|
    |tmp_6_reg_335                |  32|   0|   32|          0|
    |tmp_reg_306                  |   1|   0|    1|          0|
    |trunc_ln36_1_reg_320         |  32|   0|   32|          0|
    |trunc_ln36_2_reg_325         |  32|   0|   32|          0|
    +-----------------------------+----+----+-----+-----------+
    |Total                        | 285|   0|  285|          0|
    +-----------------------------+----+----+-----+-----------+



================================================================
== Interface
================================================================
* Summary: 
+---------------------+-----+-----+------------+-----------------------+--------------+
|      RTL Ports      | Dir | Bits|  Protocol  |     Source Object     |    C Type    |
+---------------------+-----+-----+------------+-----------------------+--------------+
|ap_clk               |   in|    1|  ap_ctrl_hs|  mmm_basic_Pipeline_ak|  return value|
|ap_rst               |   in|    1|  ap_ctrl_hs|  mmm_basic_Pipeline_ak|  return value|
|ap_start             |   in|    1|  ap_ctrl_hs|  mmm_basic_Pipeline_ak|  return value|
|ap_done              |  out|    1|  ap_ctrl_hs|  mmm_basic_Pipeline_ak|  return value|
|ap_idle              |  out|    1|  ap_ctrl_hs|  mmm_basic_Pipeline_ak|  return value|
|ap_ready             |  out|    1|  ap_ctrl_hs|  mmm_basic_Pipeline_ak|  return value|
|grp_fu_267_p_din0    |  out|   32|  ap_ctrl_hs|  mmm_basic_Pipeline_ak|  return value|
|grp_fu_267_p_din1    |  out|   32|  ap_ctrl_hs|  mmm_basic_Pipeline_ak|  return value|
|grp_fu_267_p_opcode  |  out|    2|  ap_ctrl_hs|  mmm_basic_Pipeline_ak|  return value|
|grp_fu_267_p_dout0   |   in|   32|  ap_ctrl_hs|  mmm_basic_Pipeline_ak|  return value|
|grp_fu_267_p_ce      |  out|    1|  ap_ctrl_hs|  mmm_basic_Pipeline_ak|  return value|
|grp_fu_271_p_din0    |  out|   32|  ap_ctrl_hs|  mmm_basic_Pipeline_ak|  return value|
|grp_fu_271_p_din1    |  out|   32|  ap_ctrl_hs|  mmm_basic_Pipeline_ak|  return value|
|grp_fu_271_p_dout0   |   in|   32|  ap_ctrl_hs|  mmm_basic_Pipeline_ak|  return value|
|grp_fu_271_p_ce      |  out|    1|  ap_ctrl_hs|  mmm_basic_Pipeline_ak|  return value|
|select_ln31_1        |   in|    9|     ap_none|          select_ln31_1|        scalar|
|trunc_ln36           |   in|    1|     ap_none|             trunc_ln36|        scalar|
|A_address0           |  out|   15|   ap_memory|                      A|         array|
|A_ce0                |  out|    1|   ap_memory|                      A|         array|
|A_q0                 |   in|   64|   ap_memory|                      A|         array|
|zext_ln32            |   in|    9|     ap_none|              zext_ln32|        scalar|
|B_address0           |  out|   15|   ap_memory|                      B|         array|
|B_ce0                |  out|    1|   ap_memory|                      B|         array|
|B_q0                 |   in|   64|   ap_memory|                      B|         array|
|p_out                |  out|   32|      ap_vld|                  p_out|       pointer|
|p_out_ap_vld         |  out|    1|      ap_vld|                  p_out|       pointer|
+---------------------+-----+-----+------------+-----------------------+--------------+

