

================================================================
== Vitis HLS Report for 'mmm_accum'
================================================================
* Date:           Sun Jul 10 13:00:27 2022

* Version:        2021.2 (Build 3367213 on Tue Oct 19 02:47:39 MDT 2021)
* Project:        mmm_example
* Solution:       solution1 (Vivado IP Flow Target)
* Product family: zynquplus
* Target device:  xczu7ev-ffvc1156-2-e


================================================================
== Performance Estimates
================================================================
+ Timing: 
    * Summary: 
    +--------+---------+----------+------------+
    |  Clock |  Target | Estimated| Uncertainty|
    +--------+---------+----------+------------+
    |ap_clk  |  5.00 ns|  3.454 ns|     1.35 ns|
    +--------+---------+----------+------------+

+ Latency: 
    * Summary: 
    +-----------+-----------+-----------+-----------+-----------+-----------+---------+
    |    Latency (cycles)   |   Latency (absolute)  |        Interval       | Pipeline|
    |    min    |    max    |    min    |    max    |    min    |    max    |   Type  |
    +-----------+-----------+-----------+-----------+-----------+-----------+---------+
    |  135528449|  135528449|  0.678 sec|  0.678 sec|  135528449|  135528449|       no|
    +-----------+-----------+-----------+-----------+-----------+-----------+---------+

    + Detail: 
        * Instance: 
        +---------------------------------+-----------------------+---------+---------+-----------+-----------+------+------+---------+
        |                                 |                       |  Latency (cycles) |   Latency (absolute)  |   Interval  | Pipeline|
        |             Instance            |         Module        |   min   |   max   |    min    |    max    |  min |  max |   Type  |
        +---------------------------------+-----------------------+---------+---------+-----------+-----------+------+------+---------+
        |grp_mmm_accum_Pipeline_ak_fu_81  |mmm_accum_Pipeline_ak  |     2057|     2057|  10.285 us|  10.285 us|  2057|  2057|       no|
        +---------------------------------+-----------------------+---------+---------+-----------+-----------+------+------+---------+

        * Loop: 
        +----------+-----------+-----------+----------+-----------+-----------+-------+----------+
        |          |    Latency (cycles)   | Iteration|  Initiation Interval  |  Trip |          |
        | Loop Name|    min    |    max    |  Latency |  achieved |   target  | Count | Pipelined|
        +----------+-----------+-----------+----------+-----------+-----------+-------+----------+
        |- ai_aj   |  135528448|  135528448|      2068|          -|          -|  65536|        no|
        +----------+-----------+-----------+----------+-----------+-----------+-------+----------+



================================================================
== Utilization Estimates
================================================================
* Summary: 
+-----------------+---------+------+--------+--------+-----+
|       Name      | BRAM_18K|  DSP |   FF   |   LUT  | URAM|
+-----------------+---------+------+--------+--------+-----+
|DSP              |        -|     -|       -|       -|    -|
|Expression       |        -|     -|       0|     121|    -|
|FIFO             |        -|     -|       -|       -|    -|
|Instance         |        -|     -|     285|     249|    -|
|Memory           |        -|     -|       -|       -|    -|
|Multiplexer      |        -|     -|       -|     138|    -|
|Register         |        -|     -|     115|       -|    -|
+-----------------+---------+------+--------+--------+-----+
|Total            |        0|     0|     400|     508|    0|
+-----------------+---------+------+--------+--------+-----+
|Available        |      624|  1728|  460800|  230400|   96|
+-----------------+---------+------+--------+--------+-----+
|Utilization (%)  |        0|     0|      ~0|      ~0|    0|
+-----------------+---------+------+--------+--------+-----+

+ Detail: 
    * Instance: 
    +---------------------------------+-----------------------+---------+----+-----+-----+-----+
    |             Instance            |         Module        | BRAM_18K| DSP|  FF | LUT | URAM|
    +---------------------------------+-----------------------+---------+----+-----+-----+-----+
    |grp_mmm_accum_Pipeline_ak_fu_81  |mmm_accum_Pipeline_ak  |        0|   0|  285|  249|    0|
    +---------------------------------+-----------------------+---------+----+-----+-----+-----+
    |Total                            |                       |        0|   0|  285|  249|    0|
    +---------------------------------+-----------------------+---------+----+-----+-----+-----+

    * DSP: 
    N/A

    * Memory: 
    N/A

    * FIFO: 
    N/A

    * Expression: 
    +-------------------------+----------+----+---+----+------------+------------+
    |      Variable Name      | Operation| DSP| FF| LUT| Bitwidth P0| Bitwidth P1|
    +-------------------------+----------+----+---+----+------------+------------+
    |add_ln48_1_fu_122_p2     |         +|   0|  0|  24|          17|           1|
    |add_ln48_fu_134_p2       |         +|   0|  0|  16|           9|           1|
    |add_ln49_fu_191_p2       |         +|   0|  0|  16|           9|           1|
    |add_ln52_fu_185_p2       |         +|   0|  0|  23|          16|          16|
    |icmp_ln48_fu_116_p2      |      icmp|   0|  0|  13|          17|          18|
    |icmp_ln49_fu_140_p2      |      icmp|   0|  0|  11|           9|          10|
    |select_ln48_1_fu_155_p3  |    select|   0|  0|   9|           1|           9|
    |select_ln48_fu_146_p3    |    select|   0|  0|   9|           1|           1|
    +-------------------------+----------+----+---+----+------------+------------+
    |Total                    |          |   0|  0| 121|          79|          57|
    +-------------------------+----------+----+---+----+------------+------------+

    * Multiplexer: 
    +----------------------+----+-----------+-----+-----------+
    |         Name         | LUT| Input Size| Bits| Total Bits|
    +----------------------+----+-----------+-----+-----------+
    |ap_NS_fsm             |  65|         13|    1|         13|
    |grp_fu_282_ce         |   9|          2|    1|          2|
    |grp_fu_93_ce          |   9|          2|    1|          2|
    |grp_fu_93_p0          |  14|          3|   32|         96|
    |grp_fu_93_p1          |  14|          3|   32|         96|
    |i_fu_56               |   9|          2|    9|         18|
    |indvar_flatten_fu_60  |   9|          2|   17|         34|
    |j_fu_52               |   9|          2|    9|         18|
    +----------------------+----+-----------+-----+-----------+
    |Total                 | 138|         29|  102|        279|
    +----------------------+----+-----------+-----+-----------+

    * Register: 
    +----------------------------------------------+----+----+-----+-----------+
    |                     Name                     | FF | LUT| Bits| Const Bits|
    +----------------------------------------------+----+----+-----+-----------+
    |add_ln52_reg_269                              |  16|   0|   16|          0|
    |add_reg_277                                   |  32|   0|   32|          0|
    |ap_CS_fsm                                     |  12|   0|   12|          0|
    |grp_mmm_accum_Pipeline_ak_fu_81_ap_start_reg  |   1|   0|    1|          0|
    |i_fu_56                                       |   9|   0|    9|          0|
    |indvar_flatten_fu_60                          |  17|   0|   17|          0|
    |j_fu_52                                       |   9|   0|    9|          0|
    |select_ln48_1_reg_259                         |   9|   0|    9|          0|
    |select_ln48_reg_254                           |   9|   0|    9|          0|
    |trunc_ln55_reg_264                            |   1|   0|    1|          0|
    +----------------------------------------------+----+----+-----+-----------+
    |Total                                         | 115|   0|  115|          0|
    +----------------------------------------------+----+----+-----+-----------+



================================================================
== Interface
================================================================
* Summary: 
+--------------------+-----+-----+------------+--------------+--------------+
|      RTL Ports     | Dir | Bits|  Protocol  | Source Object|    C Type    |
+--------------------+-----+-----+------------+--------------+--------------+
|ap_clk              |   in|    1|  ap_ctrl_hs|     mmm_accum|  return value|
|ap_rst              |   in|    1|  ap_ctrl_hs|     mmm_accum|  return value|
|ap_start            |   in|    1|  ap_ctrl_hs|     mmm_accum|  return value|
|ap_done             |  out|    1|  ap_ctrl_hs|     mmm_accum|  return value|
|ap_idle             |  out|    1|  ap_ctrl_hs|     mmm_accum|  return value|
|ap_ready            |  out|    1|  ap_ctrl_hs|     mmm_accum|  return value|
|grp_fu_74_p_din0    |  out|   32|  ap_ctrl_hs|     mmm_accum|  return value|
|grp_fu_74_p_din1    |  out|   32|  ap_ctrl_hs|     mmm_accum|  return value|
|grp_fu_74_p_dout0   |   in|   32|  ap_ctrl_hs|     mmm_accum|  return value|
|grp_fu_74_p_ce      |  out|    1|  ap_ctrl_hs|     mmm_accum|  return value|
|grp_fu_70_p_din0    |  out|   32|  ap_ctrl_hs|     mmm_accum|  return value|
|grp_fu_70_p_din1    |  out|   32|  ap_ctrl_hs|     mmm_accum|  return value|
|grp_fu_70_p_opcode  |  out|    2|  ap_ctrl_hs|     mmm_accum|  return value|
|grp_fu_70_p_dout0   |   in|   32|  ap_ctrl_hs|     mmm_accum|  return value|
|grp_fu_70_p_ce      |  out|    1|  ap_ctrl_hs|     mmm_accum|  return value|
|C_address0          |  out|   16|   ap_memory|             C|         array|
|C_ce0               |  out|    1|   ap_memory|             C|         array|
|C_we0               |  out|    1|   ap_memory|             C|         array|
|C_d0                |  out|   32|   ap_memory|             C|         array|
|A_address0          |  out|   15|   ap_memory|             A|         array|
|A_ce0               |  out|    1|   ap_memory|             A|         array|
|A_q0                |   in|   64|   ap_memory|             A|         array|
|B_address0          |  out|   15|   ap_memory|             B|         array|
|B_ce0               |  out|    1|   ap_memory|             B|         array|
|B_q0                |   in|   64|   ap_memory|             B|         array|
+--------------------+-----+-----+------------+--------------+--------------+

