

================================================================
== Vitis HLS Report for 'top'
================================================================
* Date:           Sun Jul 10 12:43:29 2022

* Version:        2021.2 (Build 3367213 on Tue Oct 19 02:47:39 MDT 2021)
* Project:        reduce_example
* Solution:       solution1 (Vivado IP Flow Target)
* Product family: zynquplus
* Target device:  xczu7ev-ffvc1156-2-e


================================================================
== Performance Estimates
================================================================
+ Timing: 
    * Summary: 
    +--------+---------+----------+------------+
    |  Clock |  Target | Estimated| Uncertainty|
    +--------+---------+----------+------------+
    |ap_clk  |  5.00 ns|  3.857 ns|     1.35 ns|
    +--------+---------+----------+------------+

+ Latency: 
    * Summary: 
    +---------+---------+----------+----------+-------+-------+---------+
    |  Latency (cycles) |  Latency (absolute) |    Interval   | Pipeline|
    |   min   |   max   |    min   |    max   |  min  |  max  |   Type  |
    +---------+---------+----------+----------+-------+-------+---------+
    |    28843|    28843|  0.144 ms|  0.144 ms|  28844|  28844|       no|
    +---------+---------+----------+----------+-------+-------+---------+

    + Detail: 
        * Instance: 
        +---------------------------------+-----------------------+---------+---------+-----------+-----------+------+------+---------+
        |                                 |                       |  Latency (cycles) |   Latency (absolute)  |   Interval  | Pipeline|
        |             Instance            |         Module        |   min   |   max   |    min    |    max    |  min |  max |   Type  |
        +---------------------------------+-----------------------+---------+---------+-----------+-----------+------+------+---------+
        |grp_reduce_basic_ii_is_3_fu_41   |reduce_basic_ii_is_3   |     8196|     8196|  40.980 us|  40.980 us|  8196|  8196|       no|
        |grp_reduce_accum2_ii_is_4_fu_47  |reduce_accum2_ii_is_4  |     9234|     9234|  46.170 us|  46.170 us|  9234|  9234|       no|
        |grp_reduce_accum4_ii_is_3_fu_53  |reduce_accum4_ii_is_3  |     9252|     9252|  46.260 us|  46.260 us|  9252|  9252|       no|
        |grp_reduce_accum8_ii_is_1_fu_59  |reduce_accum8_ii_is_1  |     2129|     2129|  10.645 us|  10.645 us|  2129|  2129|       no|
        +---------------------------------+-----------------------+---------+---------+-----------+-----------+------+------+---------+

        * Loop: 
        N/A



================================================================
== Utilization Estimates
================================================================
* Summary: 
+-----------------+---------+------+--------+--------+-----+
|       Name      | BRAM_18K|  DSP |   FF   |   LUT  | URAM|
+-----------------+---------+------+--------+--------+-----+
|DSP              |        -|     -|       -|       -|    -|
|Expression       |        -|     -|       -|       -|    -|
|FIFO             |        -|     -|       -|       -|    -|
|Instance         |        0|     4|    2068|    2372|    0|
|Memory           |        -|     -|       -|       -|    -|
|Multiplexer      |        -|     -|       -|     325|    -|
|Register         |        -|     -|     165|       -|    -|
+-----------------+---------+------+--------+--------+-----+
|Total            |        0|     4|    2233|    2697|    0|
+-----------------+---------+------+--------+--------+-----+
|Available        |      624|  1728|  460800|  230400|   96|
+-----------------+---------+------+--------+--------+-----+
|Utilization (%)  |        0|    ~0|      ~0|       1|    0|
+-----------------+---------+------+--------+--------+-----+

+ Detail: 
    * Instance: 
    +------------------------------------+--------------------------------+---------+----+-----+-----+-----+
    |              Instance              |             Module             | BRAM_18K| DSP|  FF | LUT | URAM|
    +------------------------------------+--------------------------------+---------+----+-----+-----+-----+
    |fadd_32ns_32ns_32_8_full_dsp_1_U46  |fadd_32ns_32ns_32_8_full_dsp_1  |        0|   2|  296|  239|    0|
    |fadd_32ns_32ns_32_8_full_dsp_1_U47  |fadd_32ns_32ns_32_8_full_dsp_1  |        0|   2|  296|  239|    0|
    |grp_reduce_accum2_ii_is_4_fu_47     |reduce_accum2_ii_is_4           |        0|   0|  364|  491|    0|
    |grp_reduce_accum4_ii_is_3_fu_53     |reduce_accum4_ii_is_3           |        0|   0|  479|  523|    0|
    |grp_reduce_accum8_ii_is_1_fu_59     |reduce_accum8_ii_is_1           |        0|   0|  514|  718|    0|
    |grp_reduce_basic_ii_is_3_fu_41      |reduce_basic_ii_is_3            |        0|   0|  119|  162|    0|
    +------------------------------------+--------------------------------+---------+----+-----+-----+-----+
    |Total                               |                                |        0|   4| 2068| 2372|    0|
    +------------------------------------+--------------------------------+---------+----+-----+-----+-----+

    * DSP: 
    N/A

    * Memory: 
    N/A

    * FIFO: 
    N/A

    * Expression: 
    N/A

    * Multiplexer: 
    +---------------+-----+-----------+-----+-----------+
    |      Name     | LUT | Input Size| Bits| Total Bits|
    +---------------+-----+-----------+-----+-----------+
    |A_address0     |   26|          5|   10|         50|
    |A_ce0          |   26|          5|    1|          5|
    |ap_NS_fsm      |  155|         34|    1|         34|
    |grp_fu_101_ce  |   26|          5|    1|          5|
    |grp_fu_101_p0  |   26|          5|   32|        160|
    |grp_fu_101_p1  |   26|          5|   32|        160|
    |grp_fu_65_p0   |   14|          3|   32|         96|
    |grp_fu_65_p1   |   26|          5|   32|        160|
    +---------------+-----+-----------+-----+-----------+
    |Total          |  325|         67|  141|        670|
    +---------------+-----+-----------+-----+-----------+

    * Register: 
    +----------------------------------------------+----+----+-----+-----------+
    |                     Name                     | FF | LUT| Bits| Const Bits|
    +----------------------------------------------+----+----+-----+-----------+
    |ap_CS_fsm                                     |  33|   0|   33|          0|
    |grp_reduce_accum2_ii_is_4_fu_47_ap_start_reg  |   1|   0|    1|          0|
    |grp_reduce_accum4_ii_is_3_fu_53_ap_start_reg  |   1|   0|    1|          0|
    |grp_reduce_accum8_ii_is_1_fu_59_ap_start_reg  |   1|   0|    1|          0|
    |grp_reduce_basic_ii_is_3_fu_41_ap_start_reg   |   1|   0|    1|          0|
    |reg_71                                        |  32|   0|   32|          0|
    |tmp_1_reg_86                                  |  32|   0|   32|          0|
    |tmp_2_reg_91                                  |  32|   0|   32|          0|
    |tmp_3_reg_96                                  |  32|   0|   32|          0|
    +----------------------------------------------+----+----+-----+-----------+
    |Total                                         | 165|   0|  165|          0|
    +----------------------------------------------+----+----+-----+-----------+



================================================================
== Interface
================================================================
* Summary: 
+-------------------+-----+-----+------------+--------------+--------------+
|     RTL Ports     | Dir | Bits|  Protocol  | Source Object|    C Type    |
+-------------------+-----+-----+------------+--------------+--------------+
|ap_local_block     |  out|    1|  ap_ctrl_hs|           top|  return value|
|ap_local_deadlock  |  out|    1|  ap_ctrl_hs|           top|  return value|
|ap_clk             |   in|    1|  ap_ctrl_hs|           top|  return value|
|ap_rst             |   in|    1|  ap_ctrl_hs|           top|  return value|
|ap_start           |   in|    1|  ap_ctrl_hs|           top|  return value|
|ap_done            |  out|    1|  ap_ctrl_hs|           top|  return value|
|ap_idle            |  out|    1|  ap_ctrl_hs|           top|  return value|
|ap_ready           |  out|    1|  ap_ctrl_hs|           top|  return value|
|A_address0         |  out|   10|   ap_memory|             A|         array|
|A_ce0              |  out|    1|   ap_memory|             A|         array|
|A_q0               |   in|   32|   ap_memory|             A|         array|
|B                  |  out|   32|      ap_vld|             B|       pointer|
|B_ap_vld           |  out|    1|      ap_vld|             B|       pointer|
+-------------------+-----+-----+------------+--------------+--------------+

