

================================================================
== Vitis HLS Report for 'mmm_accum2'
================================================================
* Date:           Sun Jul 10 13:00:26 2022

* Version:        2021.2 (Build 3367213 on Tue Oct 19 02:47:39 MDT 2021)
* Project:        mmm_example
* Solution:       solution1 (Vivado IP Flow Target)
* Product family: zynquplus
* Target device:  xczu7ev-ffvc1156-2-e


================================================================
== Performance Estimates
================================================================
+ Timing: 
    * Summary: 
    +--------+---------+----------+------------+
    |  Clock |  Target | Estimated| Uncertainty|
    +--------+---------+----------+------------+
    |ap_clk  |  5.00 ns|  3.454 ns|     1.35 ns|
    +--------+---------+----------+------------+

+ Latency: 
    * Summary: 
    +-----------+-----------+-----------+-----------+-----------+-----------+---------+
    |    Latency (cycles)   |   Latency (absolute)  |        Interval       | Pipeline|
    |    min    |    max    |    min    |    max    |    min    |    max    |   Type  |
    +-----------+-----------+-----------+-----------+-----------+-----------+---------+
    |  144769025|  144769025|  0.724 sec|  0.724 sec|  144769025|  144769025|       no|
    +-----------+-----------+-----------+-----------+-----------+-----------+---------+

    + Detail: 
        * Instance: 
        +-----------------------------------+------------------------+---------+---------+-----------+-----------+------+------+---------+
        |                                   |                        |  Latency (cycles) |   Latency (absolute)  |   Interval  | Pipeline|
        |              Instance             |         Module         |   min   |   max   |    min    |    max    |  min |  max |   Type  |
        +-----------------------------------+------------------------+---------+---------+-----------+-----------+------+------+---------+
        |grp_mmm_accum2_Pipeline_1_fu_103   |mmm_accum2_Pipeline_1   |        4|        4|  20.000 ns|  20.000 ns|     4|     4|       no|
        |grp_mmm_accum2_Pipeline_ak_fu_111  |mmm_accum2_Pipeline_ak  |     2184|     2184|  10.920 us|  10.920 us|  2184|  2184|       no|
        +-----------------------------------+------------------------+---------+---------+-----------+-----------+------+------+---------+

        * Loop: 
        +----------+-----------+-----------+----------+-----------+-----------+-------+----------+
        |          |    Latency (cycles)   | Iteration|  Initiation Interval  |  Trip |          |
        | Loop Name|    min    |    max    |  Latency |  achieved |   target  | Count | Pipelined|
        +----------+-----------+-----------+----------+-----------+-----------+-------+----------+
        |- ai_aj   |  144769024|  144769024|      2209|          -|          -|  65536|        no|
        +----------+-----------+-----------+----------+-----------+-----------+-------+----------+



================================================================
== Utilization Estimates
================================================================
* Summary: 
+-----------------+---------+------+--------+--------+-----+
|       Name      | BRAM_18K|  DSP |   FF   |   LUT  | URAM|
+-----------------+---------+------+--------+--------+-----+
|DSP              |        -|     -|       -|       -|    -|
|Expression       |        -|     -|       0|     121|    -|
|FIFO             |        -|     -|       -|       -|    -|
|Instance         |        -|     -|     485|     499|    -|
|Memory           |        -|     -|       -|       -|    -|
|Multiplexer      |        -|     -|       -|     201|    -|
|Register         |        -|     -|     190|       -|    -|
+-----------------+---------+------+--------+--------+-----+
|Total            |        0|     0|     675|     821|    0|
+-----------------+---------+------+--------+--------+-----+
|Available        |      624|  1728|  460800|  230400|   96|
+-----------------+---------+------+--------+--------+-----+
|Utilization (%)  |        0|     0|      ~0|      ~0|    0|
+-----------------+---------+------+--------+--------+-----+

+ Detail: 
    * Instance: 
    +-----------------------------------+------------------------+---------+----+-----+-----+-----+
    |              Instance             |         Module         | BRAM_18K| DSP|  FF | LUT | URAM|
    +-----------------------------------+------------------------+---------+----+-----+-----+-----+
    |grp_mmm_accum2_Pipeline_1_fu_103   |mmm_accum2_Pipeline_1   |        0|   0|   69|  128|    0|
    |grp_mmm_accum2_Pipeline_ak_fu_111  |mmm_accum2_Pipeline_ak  |        0|   0|  416|  371|    0|
    +-----------------------------------+------------------------+---------+----+-----+-----+-----+
    |Total                              |                        |        0|   0|  485|  499|    0|
    +-----------------------------------+------------------------+---------+----+-----+-----+-----+

    * DSP: 
    N/A

    * Memory: 
    N/A

    * FIFO: 
    N/A

    * Expression: 
    +-------------------------+----------+----+---+----+------------+------------+
    |      Variable Name      | Operation| DSP| FF| LUT| Bitwidth P0| Bitwidth P1|
    +-------------------------+----------+----+---+----+------------+------------+
    |add_ln68_1_fu_160_p2     |         +|   0|  0|  24|          17|           1|
    |add_ln68_fu_185_p2       |         +|   0|  0|  16|           9|           1|
    |add_ln69_fu_250_p2       |         +|   0|  0|  16|           9|           1|
    |add_ln72_fu_236_p2       |         +|   0|  0|  23|          16|          16|
    |icmp_ln68_fu_154_p2      |      icmp|   0|  0|  13|          17|          18|
    |icmp_ln69_fu_191_p2      |      icmp|   0|  0|  11|           9|          10|
    |select_ln68_1_fu_206_p3  |    select|   0|  0|   9|           1|           9|
    |select_ln68_fu_197_p3    |    select|   0|  0|   9|           1|           1|
    +-------------------------+----------+----+---+----+------------+------------+
    |Total                    |          |   0|  0| 121|          79|          57|
    +-------------------------+----------+----+---+----+------------+------------+

    * Multiplexer: 
    +----------------------+-----+-----------+-----+-----------+
    |         Name         | LUT | Input Size| Bits| Total Bits|
    +----------------------+-----+-----------+-----+-----------+
    |ap_NS_fsm             |  116|         23|    1|         23|
    |grp_fu_126_ce         |    9|          2|    1|          2|
    |grp_fu_126_p0         |   20|          4|   32|        128|
    |grp_fu_126_p1         |   20|          4|   32|        128|
    |grp_fu_391_ce         |    9|          2|    1|          2|
    |i_fu_66               |    9|          2|    9|         18|
    |indvar_flatten_fu_70  |    9|          2|   17|         34|
    |j_fu_54               |    9|          2|    9|         18|
    +----------------------+-----+-----------+-----+-----------+
    |Total                 |  201|         41|  102|        353|
    +----------------------+-----+-----------+-----+-----------+

    * Register: 
    +------------------------------------------------+----+----+-----+-----------+
    |                      Name                      | FF | LUT| Bits| Const Bits|
    +------------------------------------------------+----+----+-----+-----------+
    |accum_0_1_fu_58                                 |  32|   0|   32|          0|
    |accum_1_1_fu_62                                 |  32|   0|   32|          0|
    |add_ln72_reg_374                                |  16|   0|   16|          0|
    |ap_CS_fsm                                       |  22|   0|   22|          0|
    |grp_mmm_accum2_Pipeline_1_fu_103_ap_start_reg   |   1|   0|    1|          0|
    |grp_mmm_accum2_Pipeline_ak_fu_111_ap_start_reg  |   1|   0|    1|          0|
    |i_fu_66                                         |   9|   0|    9|          0|
    |indvar_flatten_fu_70                            |  17|   0|   17|          0|
    |j_fu_54                                         |   9|   0|    9|          0|
    |reg_131                                         |  32|   0|   32|          0|
    |select_ln68_1_reg_364                           |   9|   0|    9|          0|
    |select_ln68_reg_359                             |   9|   0|    9|          0|
    |trunc_ln75_reg_369                              |   1|   0|    1|          0|
    +------------------------------------------------+----+----+-----+-----------+
    |Total                                           | 190|   0|  190|          0|
    +------------------------------------------------+----+----+-----+-----------+



================================================================
== Interface
================================================================
* Summary: 
+--------------------+-----+-----+------------+--------------+--------------+
|      RTL Ports     | Dir | Bits|  Protocol  | Source Object|    C Type    |
+--------------------+-----+-----+------------+--------------+--------------+
|ap_clk              |   in|    1|  ap_ctrl_hs|    mmm_accum2|  return value|
|ap_rst              |   in|    1|  ap_ctrl_hs|    mmm_accum2|  return value|
|ap_start            |   in|    1|  ap_ctrl_hs|    mmm_accum2|  return value|
|ap_done             |  out|    1|  ap_ctrl_hs|    mmm_accum2|  return value|
|ap_idle             |  out|    1|  ap_ctrl_hs|    mmm_accum2|  return value|
|ap_ready            |  out|    1|  ap_ctrl_hs|    mmm_accum2|  return value|
|grp_fu_70_p_din0    |  out|   32|  ap_ctrl_hs|    mmm_accum2|  return value|
|grp_fu_70_p_din1    |  out|   32|  ap_ctrl_hs|    mmm_accum2|  return value|
|grp_fu_70_p_opcode  |  out|    2|  ap_ctrl_hs|    mmm_accum2|  return value|
|grp_fu_70_p_dout0   |   in|   32|  ap_ctrl_hs|    mmm_accum2|  return value|
|grp_fu_70_p_ce      |  out|    1|  ap_ctrl_hs|    mmm_accum2|  return value|
|grp_fu_74_p_din0    |  out|   32|  ap_ctrl_hs|    mmm_accum2|  return value|
|grp_fu_74_p_din1    |  out|   32|  ap_ctrl_hs|    mmm_accum2|  return value|
|grp_fu_74_p_dout0   |   in|   32|  ap_ctrl_hs|    mmm_accum2|  return value|
|grp_fu_74_p_ce      |  out|    1|  ap_ctrl_hs|    mmm_accum2|  return value|
|C_address0          |  out|   16|   ap_memory|             C|         array|
|C_ce0               |  out|    1|   ap_memory|             C|         array|
|C_we0               |  out|    1|   ap_memory|             C|         array|
|C_d0                |  out|   32|   ap_memory|             C|         array|
|A_address0          |  out|   15|   ap_memory|             A|         array|
|A_ce0               |  out|    1|   ap_memory|             A|         array|
|A_q0                |   in|   64|   ap_memory|             A|         array|
|B_address0          |  out|   15|   ap_memory|             B|         array|
|B_ce0               |  out|    1|   ap_memory|             B|         array|
|B_q0                |   in|   64|   ap_memory|             B|         array|
+--------------------+-----+-----+------------+--------------+--------------+

