

================================================================
== Vitis HLS Report for 'mmm_accum2_Pipeline_1'
================================================================
* Date:           Sun Jul 10 13:00:26 2022

* Version:        2021.2 (Build 3367213 on Tue Oct 19 02:47:39 MDT 2021)
* Project:        mmm_example
* Solution:       solution1 (Vivado IP Flow Target)
* Product family: zynquplus
* Target device:  xczu7ev-ffvc1156-2-e


================================================================
== Performance Estimates
================================================================
+ Timing: 
    * Summary: 
    +--------+---------+----------+------------+
    |  Clock |  Target | Estimated| Uncertainty|
    +--------+---------+----------+------------+
    |ap_clk  |  5.00 ns|  0.975 ns|     1.35 ns|
    +--------+---------+----------+------------+

+ Latency: 
    * Summary: 
    +---------+---------+-----------+-----------+-----+-----+---------+
    |  Latency (cycles) |   Latency (absolute)  |  Interval | Pipeline|
    |   min   |   max   |    min    |    max    | min | max |   Type  |
    +---------+---------+-----------+-----------+-----+-----+---------+
    |        4|        4|  20.000 ns|  20.000 ns|    4|    4|       no|
    +---------+---------+-----------+-----------+-----+-----+---------+

    + Detail: 
        * Instance: 
        N/A

        * Loop: 
        +----------+---------+---------+----------+-----------+-----------+------+----------+
        |          |  Latency (cycles) | Iteration|  Initiation Interval  | Trip |          |
        | Loop Name|   min   |   max   |  Latency |  achieved |   target  | Count| Pipelined|
        +----------+---------+---------+----------+-----------+-----------+------+----------+
        |- Loop 1  |        2|        2|         1|          1|          1|     2|       yes|
        +----------+---------+---------+----------+-----------+-----------+------+----------+



================================================================
== Utilization Estimates
================================================================
* Summary: 
+-----------------+---------+------+--------+--------+-----+
|       Name      | BRAM_18K|  DSP |   FF   |   LUT  | URAM|
+-----------------+---------+------+--------+--------+-----+
|DSP              |        -|     -|       -|       -|    -|
|Expression       |        -|     -|       0|      83|    -|
|FIFO             |        -|     -|       -|       -|    -|
|Instance         |        -|     -|       -|       -|    -|
|Memory           |        -|     -|       -|       -|    -|
|Multiplexer      |        -|     -|       -|      45|    -|
|Register         |        -|     -|      69|       -|    -|
+-----------------+---------+------+--------+--------+-----+
|Total            |        0|     0|      69|     128|    0|
+-----------------+---------+------+--------+--------+-----+
|Available        |      624|  1728|  460800|  230400|   96|
+-----------------+---------+------+--------+--------+-----+
|Utilization (%)  |        0|     0|      ~0|      ~0|    0|
+-----------------+---------+------+--------+--------+-----+

+ Detail: 
    * Instance: 
    N/A

    * DSP: 
    N/A

    * Memory: 
    N/A

    * FIFO: 
    N/A

    * Expression: 
    +---------------------+----------+----+---+----+------------+------------+
    |    Variable Name    | Operation| DSP| FF| LUT| Bitwidth P0| Bitwidth P1|
    +---------------------+----------+----+---+----+------------+------------+
    |empty_15_fu_96_p2    |         +|   0|  0|   9|           2|           1|
    |exitcond_fu_90_p2    |      icmp|   0|  0|   8|           2|           3|
    |accum_0_3_fu_120_p3  |    select|   0|  0|  32|           1|          32|
    |accum_1_3_fu_112_p3  |    select|   0|  0|  32|           1|           1|
    |ap_enable_pp0        |       xor|   0|  0|   2|           1|           2|
    +---------------------+----------+----+---+----+------------+------------+
    |Total                |          |   0|  0|  83|           7|          39|
    +---------------------+----------+----+---+----+------------+------------+

    * Multiplexer: 
    +-------------------------+----+-----------+-----+-----------+
    |           Name          | LUT| Input Size| Bits| Total Bits|
    +-------------------------+----+-----------+-----+-----------+
    |accum_0_2_fu_38          |   9|          2|   32|         64|
    |accum_1_2_fu_42          |   9|          2|   32|         64|
    |ap_done_int              |   9|          2|    1|          2|
    |ap_enable_reg_pp0_iter1  |   9|          2|    1|          2|
    |empty_fu_34              |   9|          2|    2|          4|
    +-------------------------+----+-----------+-----+-----------+
    |Total                    |  45|         10|   68|        136|
    +-------------------------+----+-----------+-----+-----------+

    * Register: 
    +-------------------------+----+----+-----+-----------+
    |           Name          | FF | LUT| Bits| Const Bits|
    +-------------------------+----+----+-----+-----------+
    |accum_0_2_fu_38          |  32|   0|   32|          0|
    |accum_1_2_fu_42          |  32|   0|   32|          0|
    |ap_CS_fsm                |   1|   0|    1|          0|
    |ap_done_reg              |   1|   0|    1|          0|
    |ap_enable_reg_pp0_iter1  |   1|   0|    1|          0|
    |empty_fu_34              |   2|   0|    2|          0|
    +-------------------------+----+----+-----+-----------+
    |Total                    |  69|   0|   69|          0|
    +-------------------------+----+----+-----+-----------+



================================================================
== Interface
================================================================
* Summary: 
+----------------------+-----+-----+------------+-----------------------+--------------+
|       RTL Ports      | Dir | Bits|  Protocol  |     Source Object     |    C Type    |
+----------------------+-----+-----+------------+-----------------------+--------------+
|ap_clk                |   in|    1|  ap_ctrl_hs|  mmm_accum2_Pipeline_1|  return value|
|ap_rst                |   in|    1|  ap_ctrl_hs|  mmm_accum2_Pipeline_1|  return value|
|ap_start              |   in|    1|  ap_ctrl_hs|  mmm_accum2_Pipeline_1|  return value|
|ap_done               |  out|    1|  ap_ctrl_hs|  mmm_accum2_Pipeline_1|  return value|
|ap_idle               |  out|    1|  ap_ctrl_hs|  mmm_accum2_Pipeline_1|  return value|
|ap_ready              |  out|    1|  ap_ctrl_hs|  mmm_accum2_Pipeline_1|  return value|
|accum_1_1             |   in|   32|     ap_none|              accum_1_1|        scalar|
|accum_0_1             |   in|   32|     ap_none|              accum_0_1|        scalar|
|accum_1_2_out         |  out|   32|      ap_vld|          accum_1_2_out|       pointer|
|accum_1_2_out_ap_vld  |  out|    1|      ap_vld|          accum_1_2_out|       pointer|
|accum_0_2_out         |  out|   32|      ap_vld|          accum_0_2_out|       pointer|
|accum_0_2_out_ap_vld  |  out|    1|      ap_vld|          accum_0_2_out|       pointer|
+----------------------+-----+-----+------------+-----------------------+--------------+

