

================================================================
== Vitis HLS Report for 'mmm_voodoo'
================================================================
* Date:           Sun Jul 10 13:00:27 2022

* Version:        2021.2 (Build 3367213 on Tue Oct 19 02:47:39 MDT 2021)
* Project:        mmm_example
* Solution:       solution1 (Vivado IP Flow Target)
* Product family: zynquplus
* Target device:  xczu7ev-ffvc1156-2-e


================================================================
== Performance Estimates
================================================================
+ Timing: 
    * Summary: 
    +--------+---------+----------+------------+
    |  Clock |  Target | Estimated| Uncertainty|
    +--------+---------+----------+------------+
    |ap_clk  |  5.00 ns|  3.454 ns|     1.35 ns|
    +--------+---------+----------+------------+

+ Latency: 
    * Summary: 
    +----------+----------+-----------+-----------+----------+----------+---------+
    |   Latency (cycles)  |   Latency (absolute)  |       Interval      | Pipeline|
    |    min   |    max   |    min    |    max    |    min   |    max   |   Type  |
    +----------+----------+-----------+-----------+----------+----------+---------+
    |  12124161|  12124161|  60.621 ms|  60.621 ms|  12124161|  12124161|       no|
    +----------+----------+-----------+-----------+----------+----------+---------+

    + Detail: 
        * Instance: 
        +-----------------------------------+------------------------+---------+---------+-----------+-----------+-----+-----+---------+
        |                                   |                        |  Latency (cycles) |   Latency (absolute)  |  Interval | Pipeline|
        |              Instance             |         Module         |   min   |   max   |    min    |    max    | min | max |   Type  |
        +-----------------------------------+------------------------+---------+---------+-----------+-----------+-----+-----+---------+
        |grp_mmm_voodoo_Pipeline_1_fu_108   |mmm_voodoo_Pipeline_1   |       10|       10|  50.000 ns|  50.000 ns|   10|   10|       no|
        |grp_mmm_voodoo_Pipeline_ak_fu_113  |mmm_voodoo_Pipeline_ak  |      152|      152|   0.760 us|   0.760 us|  152|  152|       no|
        +-----------------------------------+------------------------+---------+---------+-----------+-----------+-----+-----+---------+

        * Loop: 
        +----------+----------+----------+----------+-----------+-----------+-------+----------+
        |          |   Latency (cycles)  | Iteration|  Initiation Interval  |  Trip |          |
        | Loop Name|    min   |    max   |  Latency |  achieved |   target  | Count | Pipelined|
        +----------+----------+----------+----------+-----------+-----------+-------+----------+
        |- ai_aj   |  12124160|  12124160|       185|          -|          -|  65536|        no|
        +----------+----------+----------+----------+-----------+-----------+-------+----------+



================================================================
== Utilization Estimates
================================================================
* Summary: 
+-----------------+---------+------+--------+--------+-----+
|       Name      | BRAM_18K|  DSP |   FF   |   LUT  | URAM|
+-----------------+---------+------+--------+--------+-----+
|DSP              |        -|     -|       -|       -|    -|
|Expression       |        -|     -|       0|     121|    -|
|FIFO             |        -|     -|       -|       -|    -|
|Instance         |        -|     5|     991|     604|    -|
|Memory           |        0|     -|      64|       4|    0|
|Multiplexer      |        -|     -|       -|     306|    -|
|Register         |        -|     -|     192|       -|    -|
+-----------------+---------+------+--------+--------+-----+
|Total            |        0|     5|    1247|    1035|    0|
+-----------------+---------+------+--------+--------+-----+
|Available        |      624|  1728|  460800|  230400|   96|
+-----------------+---------+------+--------+--------+-----+
|Utilization (%)  |        0|    ~0|      ~0|      ~0|    0|
+-----------------+---------+------+--------+--------+-----+

+ Detail: 
    * Instance: 
    +-----------------------------------+------------------------+---------+----+-----+-----+-----+
    |              Instance             |         Module         | BRAM_18K| DSP|  FF | LUT | URAM|
    +-----------------------------------+------------------------+---------+----+-----+-----+-----+
    |grp_mmm_voodoo_Pipeline_1_fu_108   |mmm_voodoo_Pipeline_1   |        0|   0|    6|   48|    0|
    |grp_mmm_voodoo_Pipeline_ak_fu_113  |mmm_voodoo_Pipeline_ak  |        0|   5|  985|  556|    0|
    +-----------------------------------+------------------------+---------+----+-----+-----+-----+
    |Total                              |                        |        0|   5|  991|  604|    0|
    +-----------------------------------+------------------------+---------+----+-----+-----+-----+

    * DSP: 
    N/A

    * Memory: 
    +---------+--------------------------------+---------+----+----+-----+------+-----+------+-------------+
    |  Memory |             Module             | BRAM_18K| FF | LUT| URAM| Words| Bits| Banks| W*Bits*Banks|
    +---------+--------------------------------+---------+----+----+-----+------+-----+------+-------------+
    |accum_U  |mmm_voodoo_accum_RAM_AUTO_1R1W  |        0|  64|   4|    0|     8|   32|     1|          256|
    +---------+--------------------------------+---------+----+----+-----+------+-----+------+-------------+
    |Total    |                                |        0|  64|   4|    0|     8|   32|     1|          256|
    +---------+--------------------------------+---------+----+----+-----+------+-----+------+-------------+

    * FIFO: 
    N/A

    * Expression: 
    +-------------------------+----------+----+---+----+------------+------------+
    |      Variable Name      | Operation| DSP| FF| LUT| Bitwidth P0| Bitwidth P1|
    +-------------------------+----------+----+---+----+------------+------------+
    |add_ln88_1_fu_159_p2     |         +|   0|  0|  24|          17|           1|
    |add_ln88_fu_176_p2       |         +|   0|  0|  16|           9|           1|
    |add_ln89_fu_233_p2       |         +|   0|  0|  16|           9|           1|
    |add_ln92_fu_227_p2       |         +|   0|  0|  23|          16|          16|
    |icmp_ln88_fu_153_p2      |      icmp|   0|  0|  13|          17|          18|
    |icmp_ln89_fu_182_p2      |      icmp|   0|  0|  11|           9|          10|
    |select_ln88_1_fu_197_p3  |    select|   0|  0|   9|           1|           9|
    |select_ln88_fu_188_p3    |    select|   0|  0|   9|           1|           1|
    +-------------------------+----------+----+---+----+------------+------------+
    |Total                    |          |   0|  0| 121|          79|          57|
    +-------------------------+----------+----+---+----+------------+------------+

    * Multiplexer: 
    +----------------------+-----+-----------+-----+-----------+
    |         Name         | LUT | Input Size| Bits| Total Bits|
    +----------------------+-----+-----------+-----+-----------+
    |accum_address0        |   20|          4|    3|         12|
    |accum_address1        |   14|          3|    3|          9|
    |accum_ce0             |   20|          4|    1|          4|
    |accum_ce1             |   14|          3|    1|          3|
    |accum_d0              |   14|          3|   32|         96|
    |accum_we0             |   14|          3|    1|          3|
    |ap_NS_fsm             |  125|         25|    1|         25|
    |grp_fu_125_ce         |    9|          2|    1|          2|
    |grp_fu_125_p0         |   20|          4|   32|        128|
    |grp_fu_125_p1         |   20|          4|   32|        128|
    |grp_fu_322_ce         |    9|          2|    1|          2|
    |i_fu_58               |    9|          2|    9|         18|
    |indvar_flatten_fu_62  |    9|          2|   17|         34|
    |j_fu_54               |    9|          2|    9|         18|
    +----------------------+-----+-----------+-----+-----------+
    |Total                 |  306|         63|  143|        482|
    +----------------------+-----+-----------+-----+-----------+

    * Register: 
    +------------------------------------------------+----+----+-----+-----------+
    |                      Name                      | FF | LUT| Bits| Const Bits|
    +------------------------------------------------+----+----+-----+-----------+
    |accum_load_1_reg_317                            |  32|   0|   32|          0|
    |accum_load_reg_312                              |  32|   0|   32|          0|
    |add_ln92_reg_307                                |  16|   0|   16|          0|
    |ap_CS_fsm                                       |  24|   0|   24|          0|
    |grp_mmm_voodoo_Pipeline_1_fu_108_ap_start_reg   |   1|   0|    1|          0|
    |grp_mmm_voodoo_Pipeline_ak_fu_113_ap_start_reg  |   1|   0|    1|          0|
    |i_fu_58                                         |   9|   0|    9|          0|
    |indvar_flatten_fu_62                            |  17|   0|   17|          0|
    |j_fu_54                                         |   9|   0|    9|          0|
    |reg_130                                         |  32|   0|   32|          0|
    |select_ln88_1_reg_297                           |   9|   0|    9|          0|
    |select_ln88_reg_292                             |   9|   0|    9|          0|
    |trunc_ln95_reg_302                              |   1|   0|    1|          0|
    +------------------------------------------------+----+----+-----+-----------+
    |Total                                           | 192|   0|  192|          0|
    +------------------------------------------------+----+----+-----+-----------+



================================================================
== Interface
================================================================
* Summary: 
+--------------------+-----+-----+------------+--------------+--------------+
|      RTL Ports     | Dir | Bits|  Protocol  | Source Object|    C Type    |
+--------------------+-----+-----+------------+--------------+--------------+
|ap_clk              |   in|    1|  ap_ctrl_hs|    mmm_voodoo|  return value|
|ap_rst              |   in|    1|  ap_ctrl_hs|    mmm_voodoo|  return value|
|ap_start            |   in|    1|  ap_ctrl_hs|    mmm_voodoo|  return value|
|ap_done             |  out|    1|  ap_ctrl_hs|    mmm_voodoo|  return value|
|ap_idle             |  out|    1|  ap_ctrl_hs|    mmm_voodoo|  return value|
|ap_ready            |  out|    1|  ap_ctrl_hs|    mmm_voodoo|  return value|
|grp_fu_70_p_din0    |  out|   32|  ap_ctrl_hs|    mmm_voodoo|  return value|
|grp_fu_70_p_din1    |  out|   32|  ap_ctrl_hs|    mmm_voodoo|  return value|
|grp_fu_70_p_opcode  |  out|    2|  ap_ctrl_hs|    mmm_voodoo|  return value|
|grp_fu_70_p_dout0   |   in|   32|  ap_ctrl_hs|    mmm_voodoo|  return value|
|grp_fu_70_p_ce      |  out|    1|  ap_ctrl_hs|    mmm_voodoo|  return value|
|grp_fu_74_p_din0    |  out|   32|  ap_ctrl_hs|    mmm_voodoo|  return value|
|grp_fu_74_p_din1    |  out|   32|  ap_ctrl_hs|    mmm_voodoo|  return value|
|grp_fu_74_p_dout0   |   in|   32|  ap_ctrl_hs|    mmm_voodoo|  return value|
|grp_fu_74_p_ce      |  out|    1|  ap_ctrl_hs|    mmm_voodoo|  return value|
|C_address0          |  out|   16|   ap_memory|             C|         array|
|C_ce0               |  out|    1|   ap_memory|             C|         array|
|C_we0               |  out|    1|   ap_memory|             C|         array|
|C_d0                |  out|   32|   ap_memory|             C|         array|
|A_address0          |  out|   15|   ap_memory|             A|         array|
|A_ce0               |  out|    1|   ap_memory|             A|         array|
|A_q0                |   in|   64|   ap_memory|             A|         array|
|B_address0          |  out|   15|   ap_memory|             B|         array|
|B_ce0               |  out|    1|   ap_memory|             B|         array|
|B_q0                |   in|   64|   ap_memory|             B|         array|
+--------------------+-----+-----+------------+--------------+--------------+

