

================================================================
== Vitis HLS Report for 'reduce_accum4_ii_is_3_Pipeline_accum4'
================================================================
* Date:           Sun Jul 10 12:43:28 2022

* Version:        2021.2 (Build 3367213 on Tue Oct 19 02:47:39 MDT 2021)
* Project:        reduce_example
* Solution:       solution1 (Vivado IP Flow Target)
* Product family: zynquplus
* Target device:  xczu7ev-ffvc1156-2-e


================================================================
== Performance Estimates
================================================================
+ Timing: 
    * Summary: 
    +--------+---------+----------+------------+
    |  Clock |  Target | Estimated| Uncertainty|
    +--------+---------+----------+------------+
    |ap_clk  |  5.00 ns|  3.454 ns|     1.35 ns|
    +--------+---------+----------+------------+

+ Latency: 
    * Summary: 
    +---------+---------+-----------+-----------+------+------+---------+
    |  Latency (cycles) |   Latency (absolute)  |   Interval  | Pipeline|
    |   min   |   max   |    min    |    max    |  min |  max |   Type  |
    +---------+---------+-----------+-----------+------+------+---------+
    |     9219|     9219|  46.095 us|  46.095 us|  9219|  9219|       no|
    +---------+---------+-----------+-----------+------+------+---------+

    + Detail: 
        * Instance: 
        N/A

        * Loop: 
        +----------+---------+---------+----------+-----------+-----------+------+----------+
        |          |  Latency (cycles) | Iteration|  Initiation Interval  | Trip |          |
        | Loop Name|   min   |   max   |  Latency |  achieved |   target  | Count| Pipelined|
        +----------+---------+---------+----------+-----------+-----------+------+----------+
        |- accum4  |     9217|     9217|        11|          9|          1|  1024|       yes|
        +----------+---------+---------+----------+-----------+-----------+------+----------+



================================================================
== Utilization Estimates
================================================================
* Summary: 
+-----------------+---------+------+--------+--------+-----+
|       Name      | BRAM_18K|  DSP |   FF   |   LUT  | URAM|
+-----------------+---------+------+--------+--------+-----+
|DSP              |        -|     -|       -|       -|    -|
|Expression       |        -|     -|       0|      32|    -|
|FIFO             |        -|     -|       -|       -|    -|
|Instance         |        -|     -|       0|      20|    -|
|Memory           |        -|     -|       -|       -|    -|
|Multiplexer      |        -|     -|       -|     216|    -|
|Register         |        -|     -|     380|       -|    -|
+-----------------+---------+------+--------+--------+-----+
|Total            |        0|     0|     380|     268|    0|
+-----------------+---------+------+--------+--------+-----+
|Available        |      624|  1728|  460800|  230400|   96|
+-----------------+---------+------+--------+--------+-----+
|Utilization (%)  |        0|     0|      ~0|      ~0|    0|
+-----------------+---------+------+--------+--------+-----+

+ Detail: 
    * Instance: 
    +-------------------+---------------+---------+----+---+----+-----+
    |      Instance     |     Module    | BRAM_18K| DSP| FF| LUT| URAM|
    +-------------------+---------------+---------+----+---+----+-----+
    |mux_42_32_1_1_U22  |mux_42_32_1_1  |        0|   0|  0|  20|    0|
    +-------------------+---------------+---------+----+---+----+-----+
    |Total              |               |        0|   0|  0|  20|    0|
    +-------------------+---------------+---------+----+---+----+-----+

    * DSP: 
    N/A

    * Memory: 
    N/A

    * FIFO: 
    N/A

    * Expression: 
    +---------------------+----------+----+---+----+------------+------------+
    |    Variable Name    | Operation| DSP| FF| LUT| Bitwidth P0| Bitwidth P1|
    +---------------------+----------+----+---+----+------------+------------+
    |add_ln44_fu_253_p2   |         +|   0|  0|  18|          11|           1|
    |icmp_ln44_fu_247_p2  |      icmp|   0|  0|  12|          11|          12|
    |ap_enable_pp0        |       xor|   0|  0|   2|           1|           2|
    +---------------------+----------+----+---+----+------------+------------+
    |Total                |          |   0|  0|  32|          23|          15|
    +---------------------+----------+----+---+----+------------+------------+

    * Multiplexer: 
    +---------------------------------+----+-----------+-----+-----------+
    |               Name              | LUT| Input Size| Bits| Total Bits|
    +---------------------------------+----+-----------+-----+-----------+
    |accum_1_1_fu_78                  |   9|          2|   32|         64|
    |accum_1_2_fu_94                  |   9|          2|   32|         64|
    |accum_1_3_fu_82                  |   9|          2|   32|         64|
    |accum_1_4_fu_86                  |   9|          2|   32|         64|
    |accum_1_5_fu_90                  |   9|          2|   32|         64|
    |accum_1_6_fu_98                  |   9|          2|   32|         64|
    |accum_1_7_fu_102                 |   9|          2|   32|         64|
    |accum_1_fu_74                    |   9|          2|   32|         64|
    |ap_NS_fsm                        |  54|         10|    1|         10|
    |ap_done_int                      |   9|          2|    1|          2|
    |ap_enable_reg_pp0_iter0          |   9|          2|    1|          2|
    |ap_enable_reg_pp0_iter0_reg      |   9|          2|    1|          2|
    |ap_enable_reg_pp0_iter1          |   9|          2|    1|          2|
    |ap_sig_allocacmp_accum_1_2_load  |   9|          2|   32|         64|
    |ap_sig_allocacmp_accum_1_5_load  |   9|          2|   32|         64|
    |ap_sig_allocacmp_accum_1_6_load  |   9|          2|   32|         64|
    |ap_sig_allocacmp_accum_1_7_load  |   9|          2|   32|         64|
    |ap_sig_allocacmp_j_3             |   9|          2|   11|         22|
    |j_fu_70                          |   9|          2|   11|         22|
    +---------------------------------+----+-----------+-----+-----------+
    |Total                            | 216|         46|  411|        830|
    +---------------------------------+----+-----------+-----+-----------+

    * Register: 
    +------------------------------------+----+----+-----+-----------+
    |                Name                | FF | LUT| Bits| Const Bits|
    +------------------------------------+----+----+-----+-----------+
    |A_load_reg_431                      |  32|   0|   32|          0|
    |accum_1_1_fu_78                     |  32|   0|   32|          0|
    |accum_1_2_fu_94                     |  32|   0|   32|          0|
    |accum_1_3_fu_82                     |  32|   0|   32|          0|
    |accum_1_4_fu_86                     |  32|   0|   32|          0|
    |accum_1_5_fu_90                     |  32|   0|   32|          0|
    |accum_1_6_fu_98                     |  32|   0|   32|          0|
    |accum_1_7_fu_102                    |  32|   0|   32|          0|
    |accum_1_9_reg_446                   |  32|   0|   32|          0|
    |accum_1_fu_74                       |  32|   0|   32|          0|
    |ap_CS_fsm                           |   9|   0|    9|          0|
    |ap_done_reg                         |   1|   0|    1|          0|
    |ap_enable_reg_pp0_iter0_reg         |   1|   0|    1|          0|
    |ap_enable_reg_pp0_iter1             |   1|   0|    1|          0|
    |icmp_ln44_reg_417                   |   1|   0|    1|          0|
    |j_fu_70                             |  11|   0|   11|          0|
    |tmp_reg_436                         |  32|   0|   32|          0|
    |trunc_ln45_1_reg_426                |   2|   0|    2|          0|
    |trunc_ln45_1_reg_426_pp0_iter1_reg  |   2|   0|    2|          0|
    +------------------------------------+----+----+-----+-----------+
    |Total                               | 380|   0|  380|          0|
    +------------------------------------+----+----+-----+-----------+



================================================================
== Interface
================================================================
* Summary: 
+--------------------------+-----+-----+------------+---------------------------------------+--------------+
|         RTL Ports        | Dir | Bits|  Protocol  |             Source Object             |    C Type    |
+--------------------------+-----+-----+------------+---------------------------------------+--------------+
|ap_clk                    |   in|    1|  ap_ctrl_hs|  reduce_accum4_ii_is_3_Pipeline_accum4|  return value|
|ap_rst                    |   in|    1|  ap_ctrl_hs|  reduce_accum4_ii_is_3_Pipeline_accum4|  return value|
|ap_start                  |   in|    1|  ap_ctrl_hs|  reduce_accum4_ii_is_3_Pipeline_accum4|  return value|
|ap_done                   |  out|    1|  ap_ctrl_hs|  reduce_accum4_ii_is_3_Pipeline_accum4|  return value|
|ap_idle                   |  out|    1|  ap_ctrl_hs|  reduce_accum4_ii_is_3_Pipeline_accum4|  return value|
|ap_ready                  |  out|    1|  ap_ctrl_hs|  reduce_accum4_ii_is_3_Pipeline_accum4|  return value|
|grp_fu_96_p_din0          |  out|   32|  ap_ctrl_hs|  reduce_accum4_ii_is_3_Pipeline_accum4|  return value|
|grp_fu_96_p_din1          |  out|   32|  ap_ctrl_hs|  reduce_accum4_ii_is_3_Pipeline_accum4|  return value|
|grp_fu_96_p_opcode        |  out|    2|  ap_ctrl_hs|  reduce_accum4_ii_is_3_Pipeline_accum4|  return value|
|grp_fu_96_p_dout0         |   in|   32|  ap_ctrl_hs|  reduce_accum4_ii_is_3_Pipeline_accum4|  return value|
|grp_fu_96_p_ce            |  out|    1|  ap_ctrl_hs|  reduce_accum4_ii_is_3_Pipeline_accum4|  return value|
|accum_3_0_reload          |   in|   32|     ap_none|                       accum_3_0_reload|        scalar|
|accum_2_0_reload          |   in|   32|     ap_none|                       accum_2_0_reload|        scalar|
|accum_1_0_reload          |   in|   32|     ap_none|                       accum_1_0_reload|        scalar|
|accum_0_0_reload          |   in|   32|     ap_none|                       accum_0_0_reload|        scalar|
|accum_load_1145_reload    |   in|   32|     ap_none|                 accum_load_1145_reload|        scalar|
|accum_load_1041_reload    |   in|   32|     ap_none|                 accum_load_1041_reload|        scalar|
|accum_load_937_reload     |   in|   32|     ap_none|                  accum_load_937_reload|        scalar|
|accum_load33_reload       |   in|   32|     ap_none|                    accum_load33_reload|        scalar|
|A_address0                |  out|   10|   ap_memory|                                      A|         array|
|A_ce0                     |  out|    1|   ap_memory|                                      A|         array|
|A_q0                      |   in|   32|   ap_memory|                                      A|         array|
|accum_load_11_out         |  out|   32|      ap_vld|                      accum_load_11_out|       pointer|
|accum_load_11_out_ap_vld  |  out|    1|      ap_vld|                      accum_load_11_out|       pointer|
|accum_load_10_out         |  out|   32|      ap_vld|                      accum_load_10_out|       pointer|
|accum_load_10_out_ap_vld  |  out|    1|      ap_vld|                      accum_load_10_out|       pointer|
|accum_load_9_out          |  out|   32|      ap_vld|                       accum_load_9_out|       pointer|
|accum_load_9_out_ap_vld   |  out|    1|      ap_vld|                       accum_load_9_out|       pointer|
|accum_load_out            |  out|   32|      ap_vld|                         accum_load_out|       pointer|
|accum_load_out_ap_vld     |  out|    1|      ap_vld|                         accum_load_out|       pointer|
+--------------------------+-----+-----+------------+---------------------------------------+--------------+

