

================================================================
== Vitis HLS Report for 'reduce_accum2_ii_is_4'
================================================================
* Date:           Sun Jul 10 12:43:28 2022

* Version:        2021.2 (Build 3367213 on Tue Oct 19 02:47:39 MDT 2021)
* Project:        reduce_example
* Solution:       solution1 (Vivado IP Flow Target)
* Product family: zynquplus
* Target device:  xczu7ev-ffvc1156-2-e


================================================================
== Performance Estimates
================================================================
+ Timing: 
    * Summary: 
    +--------+---------+----------+------------+
    |  Clock |  Target | Estimated| Uncertainty|
    +--------+---------+----------+------------+
    |ap_clk  |  5.00 ns|  3.454 ns|     1.35 ns|
    +--------+---------+----------+------------+

+ Latency: 
    * Summary: 
    +---------+---------+-----------+-----------+------+------+---------+
    |  Latency (cycles) |   Latency (absolute)  |   Interval  | Pipeline|
    |   min   |   max   |    min    |    max    |  min |  max |   Type  |
    +---------+---------+-----------+-----------+------+------+---------+
    |     9234|     9234|  46.170 us|  46.170 us|  9234|  9234|       no|
    +---------+---------+-----------+-----------+------+------+---------+

    + Detail: 
        * Instance: 
        +-------------------------------------------------+---------------------------------------+---------+---------+-----------+-----------+------+------+---------+
        |                                                 |                                       |  Latency (cycles) |   Latency (absolute)  |   Interval  | Pipeline|
        |                     Instance                    |                 Module                |   min   |   max   |    min    |    max    |  min |  max |   Type  |
        +-------------------------------------------------+---------------------------------------+---------+---------+-----------+-----------+------+------+---------+
        |grp_reduce_accum2_ii_is_4_Pipeline_1_fu_34       |reduce_accum2_ii_is_4_Pipeline_1       |        4|        4|  20.000 ns|  20.000 ns|     4|     4|       no|
        |grp_reduce_accum2_ii_is_4_Pipeline_accum2_fu_40  |reduce_accum2_ii_is_4_Pipeline_accum2  |     9219|     9219|  46.095 us|  46.095 us|  9219|  9219|       no|
        +-------------------------------------------------+---------------------------------------+---------+---------+-----------+-----------+------+------+---------+

        * Loop: 
        N/A



================================================================
== Utilization Estimates
================================================================
* Summary: 
+-----------------+---------+------+--------+--------+-----+
|       Name      | BRAM_18K|  DSP |   FF   |   LUT  | URAM|
+-----------------+---------+------+--------+--------+-----+
|DSP              |        -|     -|       -|       -|    -|
|Expression       |        -|     -|       -|       -|    -|
|FIFO             |        -|     -|       -|       -|    -|
|Instance         |        -|     -|     318|     380|    -|
|Memory           |        -|     -|       -|       -|    -|
|Multiplexer      |        -|     -|       -|     111|    -|
|Register         |        -|     -|      46|       -|    -|
+-----------------+---------+------+--------+--------+-----+
|Total            |        0|     0|     364|     491|    0|
+-----------------+---------+------+--------+--------+-----+
|Available        |      624|  1728|  460800|  230400|   96|
+-----------------+---------+------+--------+--------+-----+
|Utilization (%)  |        0|     0|      ~0|      ~0|    0|
+-----------------+---------+------+--------+--------+-----+

+ Detail: 
    * Instance: 
    +-------------------------------------------------+---------------------------------------+---------+----+-----+-----+-----+
    |                     Instance                    |                 Module                | BRAM_18K| DSP|  FF | LUT | URAM|
    +-------------------------------------------------+---------------------------------------+---------+----+-----+-----+-----+
    |grp_reduce_accum2_ii_is_4_Pipeline_1_fu_34       |reduce_accum2_ii_is_4_Pipeline_1       |        0|   0|   68|  108|    0|
    |grp_reduce_accum2_ii_is_4_Pipeline_accum2_fu_40  |reduce_accum2_ii_is_4_Pipeline_accum2  |        0|   0|  250|  272|    0|
    +-------------------------------------------------+---------------------------------------+---------+----+-----+-----+-----+
    |Total                                            |                                       |        0|   0|  318|  380|    0|
    +-------------------------------------------------+---------------------------------------+---------+----+-----+-----+-----+

    * DSP: 
    N/A

    * Memory: 
    N/A

    * FIFO: 
    N/A

    * Expression: 
    N/A

    * Multiplexer: 
    +--------------+----+-----------+-----+-----------+
    |     Name     | LUT| Input Size| Bits| Total Bits|
    +--------------+----+-----------+-----+-----------+
    |ap_NS_fsm     |  65|         13|    1|         13|
    |ap_return     |   9|          2|   32|         64|
    |grp_fu_50_ce  |   9|          2|    1|          2|
    |grp_fu_50_p0  |  14|          3|   32|         96|
    |grp_fu_50_p1  |  14|          3|   32|         96|
    +--------------+----+-----------+-----+-----------+
    |Total         | 111|         23|   98|        271|
    +--------------+----+-----------+-----+-----------+

    * Register: 
    +--------------------------------------------------------------+----+----+-----+-----------+
    |                             Name                             | FF | LUT| Bits| Const Bits|
    +--------------------------------------------------------------+----+----+-----+-----------+
    |ap_CS_fsm                                                     |  12|   0|   12|          0|
    |ap_return_preg                                                |  32|   0|   32|          0|
    |grp_reduce_accum2_ii_is_4_Pipeline_1_fu_34_ap_start_reg       |   1|   0|    1|          0|
    |grp_reduce_accum2_ii_is_4_Pipeline_accum2_fu_40_ap_start_reg  |   1|   0|    1|          0|
    +--------------------------------------------------------------+----+----+-----+-----------+
    |Total                                                         |  46|   0|   46|          0|
    +--------------------------------------------------------------+----+----+-----+-----------+



================================================================
== Interface
================================================================
* Summary: 
+---------------------+-----+-----+------------+-----------------------+--------------+
|      RTL Ports      | Dir | Bits|  Protocol  |     Source Object     |    C Type    |
+---------------------+-----+-----+------------+-----------------------+--------------+
|ap_clk               |   in|    1|  ap_ctrl_hs|  reduce_accum2_ii_is_4|  return value|
|ap_rst               |   in|    1|  ap_ctrl_hs|  reduce_accum2_ii_is_4|  return value|
|ap_start             |   in|    1|  ap_ctrl_hs|  reduce_accum2_ii_is_4|  return value|
|ap_done              |  out|    1|  ap_ctrl_hs|  reduce_accum2_ii_is_4|  return value|
|ap_idle              |  out|    1|  ap_ctrl_hs|  reduce_accum2_ii_is_4|  return value|
|ap_ready             |  out|    1|  ap_ctrl_hs|  reduce_accum2_ii_is_4|  return value|
|ap_return            |  out|   32|  ap_ctrl_hs|  reduce_accum2_ii_is_4|  return value|
|grp_fu_101_p_din0    |  out|   32|  ap_ctrl_hs|  reduce_accum2_ii_is_4|  return value|
|grp_fu_101_p_din1    |  out|   32|  ap_ctrl_hs|  reduce_accum2_ii_is_4|  return value|
|grp_fu_101_p_opcode  |  out|    2|  ap_ctrl_hs|  reduce_accum2_ii_is_4|  return value|
|grp_fu_101_p_dout0   |   in|   32|  ap_ctrl_hs|  reduce_accum2_ii_is_4|  return value|
|grp_fu_101_p_ce      |  out|    1|  ap_ctrl_hs|  reduce_accum2_ii_is_4|  return value|
|A_address0           |  out|   10|   ap_memory|                      A|         array|
|A_ce0                |  out|    1|   ap_memory|                      A|         array|
|A_q0                 |   in|   32|   ap_memory|                      A|         array|
+---------------------+-----+-----+------------+-----------------------+--------------+

