

================================================================
== Vitis HLS Report for 'reduce_accum2_ii_is_4_Pipeline_accum2'
================================================================
* Date:           Sun Jul 10 12:43:28 2022

* Version:        2021.2 (Build 3367213 on Tue Oct 19 02:47:39 MDT 2021)
* Project:        reduce_example
* Solution:       solution1 (Vivado IP Flow Target)
* Product family: zynquplus
* Target device:  xczu7ev-ffvc1156-2-e


================================================================
== Performance Estimates
================================================================
+ Timing: 
    * Summary: 
    +--------+---------+----------+------------+
    |  Clock |  Target | Estimated| Uncertainty|
    +--------+---------+----------+------------+
    |ap_clk  |  5.00 ns|  3.454 ns|     1.35 ns|
    +--------+---------+----------+------------+

+ Latency: 
    * Summary: 
    +---------+---------+-----------+-----------+------+------+---------+
    |  Latency (cycles) |   Latency (absolute)  |   Interval  | Pipeline|
    |   min   |   max   |    min    |    max    |  min |  max |   Type  |
    +---------+---------+-----------+-----------+------+------+---------+
    |     9219|     9219|  46.095 us|  46.095 us|  9219|  9219|       no|
    +---------+---------+-----------+-----------+------+------+---------+

    + Detail: 
        * Instance: 
        N/A

        * Loop: 
        +----------+---------+---------+----------+-----------+-----------+------+----------+
        |          |  Latency (cycles) | Iteration|  Initiation Interval  | Trip |          |
        | Loop Name|   min   |   max   |  Latency |  achieved |   target  | Count| Pipelined|
        +----------+---------+---------+----------+-----------+-----------+------+----------+
        |- accum2  |     9217|     9217|        11|          9|          1|  1024|       yes|
        +----------+---------+---------+----------+-----------+-----------+------+----------+



================================================================
== Utilization Estimates
================================================================
* Summary: 
+-----------------+---------+------+--------+--------+-----+
|       Name      | BRAM_18K|  DSP |   FF   |   LUT  | URAM|
+-----------------+---------+------+--------+--------+-----+
|DSP              |        -|     -|       -|       -|    -|
|Expression       |        -|     -|       0|     128|    -|
|FIFO             |        -|     -|       -|       -|    -|
|Instance         |        -|     -|       -|       -|    -|
|Memory           |        -|     -|       -|       -|    -|
|Multiplexer      |        -|     -|       -|     144|    -|
|Register         |        -|     -|     250|       -|    -|
+-----------------+---------+------+--------+--------+-----+
|Total            |        0|     0|     250|     272|    0|
+-----------------+---------+------+--------+--------+-----+
|Available        |      624|  1728|  460800|  230400|   96|
+-----------------+---------+------+--------+--------+-----+
|Utilization (%)  |        0|     0|      ~0|      ~0|    0|
+-----------------+---------+------+--------+--------+-----+

+ Detail: 
    * Instance: 
    N/A

    * DSP: 
    N/A

    * Memory: 
    N/A

    * FIFO: 
    N/A

    * Expression: 
    +-----------------------+----------+----+---+----+------------+------------+
    |     Variable Name     | Operation| DSP| FF| LUT| Bitwidth P0| Bitwidth P1|
    +-----------------------+----------+----+---+----+------------+------------+
    |add_ln33_fu_125_p2     |         +|   0|  0|  18|          11|           1|
    |icmp_ln33_fu_119_p2    |      icmp|   0|  0|  12|          11|          12|
    |accum_1_12_fu_166_p3   |    select|   0|  0|  32|           1|          32|
    |accum_1_13_fu_171_p3   |    select|   0|  0|  32|           1|          32|
    |select_ln34_fu_155_p3  |    select|   0|  0|  32|           1|          32|
    |ap_enable_pp0          |       xor|   0|  0|   2|           1|           2|
    +-----------------------+----------+----+---+----+------------+------------+
    |Total                  |          |   0|  0| 128|          26|         111|
    +-----------------------+----------+----+---+----+------------+------------+

    * Multiplexer: 
    +------------------------------------+----+-----------+-----+-----------+
    |                Name                | LUT| Input Size| Bits| Total Bits|
    +------------------------------------+----+-----------+-----+-----------+
    |accum_1_10_fu_54                    |   9|          2|   32|         64|
    |accum_1_fu_50                       |   9|          2|   32|         64|
    |ap_NS_fsm                           |  54|         10|    1|         10|
    |ap_done_int                         |   9|          2|    1|          2|
    |ap_enable_reg_pp0_iter0             |   9|          2|    1|          2|
    |ap_enable_reg_pp0_iter0_reg         |   9|          2|    1|          2|
    |ap_enable_reg_pp0_iter1             |   9|          2|    1|          2|
    |ap_sig_allocacmp_accum_1_10_load_1  |   9|          2|   32|         64|
    |ap_sig_allocacmp_accum_1_load_1     |   9|          2|   32|         64|
    |ap_sig_allocacmp_j_4                |   9|          2|   11|         22|
    |j_fu_46                             |   9|          2|   11|         22|
    +------------------------------------+----+-----------+-----+-----------+
    |Total                               | 144|         30|  155|        318|
    +------------------------------------+----+-----------+-----+-----------+

    * Register: 
    +------------------------------------+----+----+-----+-----------+
    |                Name                | FF | LUT| Bits| Const Bits|
    +------------------------------------+----+----+-----+-----------+
    |A_load_reg_243                      |  32|   0|   32|          0|
    |accum_0_reg_258                     |  32|   0|   32|          0|
    |accum_1_10_fu_54                    |  32|   0|   32|          0|
    |accum_1_10_load_1_reg_238           |  32|   0|   32|          0|
    |accum_1_fu_50                       |  32|   0|   32|          0|
    |accum_1_load_1_reg_233              |  32|   0|   32|          0|
    |ap_CS_fsm                           |   9|   0|    9|          0|
    |ap_done_reg                         |   1|   0|    1|          0|
    |ap_enable_reg_pp0_iter0_reg         |   1|   0|    1|          0|
    |ap_enable_reg_pp0_iter1             |   1|   0|    1|          0|
    |icmp_ln33_reg_217                   |   1|   0|    1|          0|
    |j_fu_46                             |  11|   0|   11|          0|
    |select_ln34_reg_248                 |  32|   0|   32|          0|
    |trunc_ln34_1_reg_226                |   1|   0|    1|          0|
    |trunc_ln34_1_reg_226_pp0_iter1_reg  |   1|   0|    1|          0|
    +------------------------------------+----+----+-----+-----------+
    |Total                               | 250|   0|  250|          0|
    +------------------------------------+----+----+-----+-----------+



================================================================
== Interface
================================================================
* Summary: 
+----------------------+-----+-----+------------+---------------------------------------+--------------+
|       RTL Ports      | Dir | Bits|  Protocol  |             Source Object             |    C Type    |
+----------------------+-----+-----+------------+---------------------------------------+--------------+
|ap_clk                |   in|    1|  ap_ctrl_hs|  reduce_accum2_ii_is_4_Pipeline_accum2|  return value|
|ap_rst                |   in|    1|  ap_ctrl_hs|  reduce_accum2_ii_is_4_Pipeline_accum2|  return value|
|ap_start              |   in|    1|  ap_ctrl_hs|  reduce_accum2_ii_is_4_Pipeline_accum2|  return value|
|ap_done               |  out|    1|  ap_ctrl_hs|  reduce_accum2_ii_is_4_Pipeline_accum2|  return value|
|ap_idle               |  out|    1|  ap_ctrl_hs|  reduce_accum2_ii_is_4_Pipeline_accum2|  return value|
|ap_ready              |  out|    1|  ap_ctrl_hs|  reduce_accum2_ii_is_4_Pipeline_accum2|  return value|
|grp_fu_50_p_din0      |  out|   32|  ap_ctrl_hs|  reduce_accum2_ii_is_4_Pipeline_accum2|  return value|
|grp_fu_50_p_din1      |  out|   32|  ap_ctrl_hs|  reduce_accum2_ii_is_4_Pipeline_accum2|  return value|
|grp_fu_50_p_opcode    |  out|    2|  ap_ctrl_hs|  reduce_accum2_ii_is_4_Pipeline_accum2|  return value|
|grp_fu_50_p_dout0     |   in|   32|  ap_ctrl_hs|  reduce_accum2_ii_is_4_Pipeline_accum2|  return value|
|grp_fu_50_p_ce        |  out|    1|  ap_ctrl_hs|  reduce_accum2_ii_is_4_Pipeline_accum2|  return value|
|accum_1_0_reload      |   in|   32|     ap_none|                       accum_1_0_reload|        scalar|
|accum_0_0_reload      |   in|   32|     ap_none|                       accum_0_0_reload|        scalar|
|A_address0            |  out|   10|   ap_memory|                                      A|         array|
|A_ce0                 |  out|    1|   ap_memory|                                      A|         array|
|A_q0                  |   in|   32|   ap_memory|                                      A|         array|
|accum_1_2_out         |  out|   32|      ap_vld|                          accum_1_2_out|       pointer|
|accum_1_2_out_ap_vld  |  out|    1|      ap_vld|                          accum_1_2_out|       pointer|
|accum_0_2_out         |  out|   32|      ap_vld|                          accum_0_2_out|       pointer|
|accum_0_2_out_ap_vld  |  out|    1|      ap_vld|                          accum_0_2_out|       pointer|
+----------------------+-----+-----+------------+---------------------------------------+--------------+

