

================================================================
== Vitis HLS Report for 'reduce_accum8_ii_is_1'
================================================================
* Date:           Sun Jul 10 12:43:28 2022

* Version:        2021.2 (Build 3367213 on Tue Oct 19 02:47:39 MDT 2021)
* Project:        reduce_example
* Solution:       solution1 (Vivado IP Flow Target)
* Product family: zynquplus
* Target device:  xczu7ev-ffvc1156-2-e


================================================================
== Performance Estimates
================================================================
+ Timing: 
    * Summary: 
    +--------+---------+----------+------------+
    |  Clock |  Target | Estimated| Uncertainty|
    +--------+---------+----------+------------+
    |ap_clk  |  5.00 ns|  3.857 ns|     1.35 ns|
    +--------+---------+----------+------------+

+ Latency: 
    * Summary: 
    +---------+---------+-----------+-----------+------+------+---------+
    |  Latency (cycles) |   Latency (absolute)  |   Interval  | Pipeline|
    |   min   |   max   |    min    |    max    |  min |  max |   Type  |
    +---------+---------+-----------+-----------+------+------+---------+
    |     2129|     2129|  10.645 us|  10.645 us|  2129|  2129|       no|
    +---------+---------+-----------+-----------+------+------+---------+

    + Detail: 
        * Instance: 
        +--------------------------------------------------+---------------------------------------+---------+---------+-----------+-----------+------+------+---------+
        |                                                  |                                       |  Latency (cycles) |   Latency (absolute)  |   Interval  | Pipeline|
        |                     Instance                     |                 Module                |   min   |   max   |    min    |    max    |  min |  max |   Type  |
        +--------------------------------------------------+---------------------------------------+---------+---------+-----------+-----------+------+------+---------+
        |grp_reduce_accum8_ii_is_1_Pipeline_1_fu_109       |reduce_accum8_ii_is_1_Pipeline_1       |       10|       10|  50.000 ns|  50.000 ns|    10|    10|       no|
        |grp_reduce_accum8_ii_is_1_Pipeline_accum8_fu_115  |reduce_accum8_ii_is_1_Pipeline_accum8  |     2058|     2058|  10.290 us|  10.290 us|  2058|  2058|       no|
        +--------------------------------------------------+---------------------------------------+---------+---------+-----------+-----------+------+------+---------+

        * Loop: 
        N/A



================================================================
== Utilization Estimates
================================================================
* Summary: 
+-----------------+---------+------+--------+--------+-----+
|       Name      | BRAM_18K|  DSP |   FF   |   LUT  | URAM|
+-----------------+---------+------+--------+--------+-----+
|DSP              |        -|     -|       -|       -|    -|
|Expression       |        -|     -|       -|       -|    -|
|FIFO             |        -|     -|       -|       -|    -|
|Instance         |        -|     -|     258|     248|    -|
|Memory           |        0|     -|      64|       4|    0|
|Multiplexer      |        -|     -|       -|     466|    -|
|Register         |        -|     -|     192|       -|    -|
+-----------------+---------+------+--------+--------+-----+
|Total            |        0|     0|     514|     718|    0|
+-----------------+---------+------+--------+--------+-----+
|Available        |      624|  1728|  460800|  230400|   96|
+-----------------+---------+------+--------+--------+-----+
|Utilization (%)  |        0|     0|      ~0|      ~0|    0|
+-----------------+---------+------+--------+--------+-----+

+ Detail: 
    * Instance: 
    +--------------------------------------------------+---------------------------------------+---------+----+-----+-----+-----+
    |                     Instance                     |                 Module                | BRAM_18K| DSP|  FF | LUT | URAM|
    +--------------------------------------------------+---------------------------------------+---------+----+-----+-----+-----+
    |grp_reduce_accum8_ii_is_1_Pipeline_1_fu_109       |reduce_accum8_ii_is_1_Pipeline_1       |        0|   0|    6|   48|    0|
    |grp_reduce_accum8_ii_is_1_Pipeline_accum8_fu_115  |reduce_accum8_ii_is_1_Pipeline_accum8  |        0|   0|  252|  200|    0|
    +--------------------------------------------------+---------------------------------------+---------+----+-----+-----+-----+
    |Total                                             |                                       |        0|   0|  258|  248|    0|
    +--------------------------------------------------+---------------------------------------+---------+----+-----+-----+-----+

    * DSP: 
    N/A

    * Memory: 
    +---------+-------------------------------------------+---------+----+----+-----+------+-----+------+-------------+
    |  Memory |                   Module                  | BRAM_18K| FF | LUT| URAM| Words| Bits| Banks| W*Bits*Banks|
    +---------+-------------------------------------------+---------+----+----+-----+------+-----+------+-------------+
    |accum_U  |reduce_accum8_ii_is_1_accum_RAM_AUTO_1R1W  |        0|  64|   4|    0|     8|   32|     1|          256|
    +---------+-------------------------------------------+---------+----+----+-----+------+-----+------+-------------+
    |Total    |                                           |        0|  64|   4|    0|     8|   32|     1|          256|
    +---------+-------------------------------------------+---------+----+----+-----+------+-----+------+-------------+

    * FIFO: 
    N/A

    * Expression: 
    N/A

    * Multiplexer: 
    +----------------+-----+-----------+-----+-----------+
    |      Name      | LUT | Input Size| Bits| Total Bits|
    +----------------+-----+-----------+-----+-----------+
    |accum_address0  |   37|          7|    3|         21|
    |accum_address1  |   31|          6|    3|         18|
    |accum_ce0       |   20|          4|    1|          4|
    |accum_ce1       |   14|          3|    1|          3|
    |accum_d0        |   14|          3|   32|         96|
    |accum_we0       |   14|          3|    1|          3|
    |ap_NS_fsm       |  269|         63|    1|         63|
    |ap_return       |    9|          2|   32|         64|
    |grp_fu_122_ce   |    9|          2|    1|          2|
    |grp_fu_122_p0   |   20|          4|   32|        128|
    |grp_fu_122_p1   |   20|          4|   32|        128|
    |reg_126         |    9|          2|   32|         64|
    +----------------+-----+-----------+-----+-----------+
    |Total           |  466|        103|  171|        594|
    +----------------+-----+-----------+-----+-----------+

    * Register: 
    +---------------------------------------------------------------+----+----+-----+-----------+
    |                              Name                             | FF | LUT| Bits| Const Bits|
    +---------------------------------------------------------------+----+----+-----+-----------+
    |accum_load_1_reg_148                                           |  32|   0|   32|          0|
    |ap_CS_fsm                                                      |  62|   0|   62|          0|
    |ap_return_preg                                                 |  32|   0|   32|          0|
    |grp_reduce_accum8_ii_is_1_Pipeline_1_fu_109_ap_start_reg       |   1|   0|    1|          0|
    |grp_reduce_accum8_ii_is_1_Pipeline_accum8_fu_115_ap_start_reg  |   1|   0|    1|          0|
    |reg_126                                                        |  32|   0|   32|          0|
    |reg_133                                                        |  32|   0|   32|          0|
    +---------------------------------------------------------------+----+----+-----+-----------+
    |Total                                                          | 192|   0|  192|          0|
    +---------------------------------------------------------------+----+----+-----+-----------+



================================================================
== Interface
================================================================
* Summary: 
+---------------------+-----+-----+------------+-----------------------+--------------+
|      RTL Ports      | Dir | Bits|  Protocol  |     Source Object     |    C Type    |
+---------------------+-----+-----+------------+-----------------------+--------------+
|ap_clk               |   in|    1|  ap_ctrl_hs|  reduce_accum8_ii_is_1|  return value|
|ap_rst               |   in|    1|  ap_ctrl_hs|  reduce_accum8_ii_is_1|  return value|
|ap_start             |   in|    1|  ap_ctrl_hs|  reduce_accum8_ii_is_1|  return value|
|ap_done              |  out|    1|  ap_ctrl_hs|  reduce_accum8_ii_is_1|  return value|
|ap_idle              |  out|    1|  ap_ctrl_hs|  reduce_accum8_ii_is_1|  return value|
|ap_ready             |  out|    1|  ap_ctrl_hs|  reduce_accum8_ii_is_1|  return value|
|ap_return            |  out|   32|  ap_ctrl_hs|  reduce_accum8_ii_is_1|  return value|
|grp_fu_101_p_din0    |  out|   32|  ap_ctrl_hs|  reduce_accum8_ii_is_1|  return value|
|grp_fu_101_p_din1    |  out|   32|  ap_ctrl_hs|  reduce_accum8_ii_is_1|  return value|
|grp_fu_101_p_opcode  |  out|    2|  ap_ctrl_hs|  reduce_accum8_ii_is_1|  return value|
|grp_fu_101_p_dout0   |   in|   32|  ap_ctrl_hs|  reduce_accum8_ii_is_1|  return value|
|grp_fu_101_p_ce      |  out|    1|  ap_ctrl_hs|  reduce_accum8_ii_is_1|  return value|
|A_address0           |  out|   10|   ap_memory|                      A|         array|
|A_ce0                |  out|    1|   ap_memory|                      A|         array|
|A_q0                 |   in|   32|   ap_memory|                      A|         array|
+---------------------+-----+-----+------------+-----------------------+--------------+

