

================================================================
== Vitis HLS Report for 'reduce_accum2_ii_is_4_Pipeline_accum2'
================================================================
* Date:           Sun Jul 10 12:43:25 2022

* Version:        2021.2 (Build 3367213 on Tue Oct 19 02:47:39 MDT 2021)
* Project:        reduce_example
* Solution:       solution1 (Vivado IP Flow Target)
* Product family: zynquplus
* Target device:  xczu7ev-ffvc1156-2-e


================================================================
== Performance Estimates
================================================================
+ Timing: 
    * Summary: 
    +--------+---------+----------+------------+
    |  Clock |  Target | Estimated| Uncertainty|
    +--------+---------+----------+------------+
    |ap_clk  |  5.00 ns|  3.454 ns|     1.35 ns|
    +--------+---------+----------+------------+

+ Latency: 
    * Summary: 
    +---------+---------+-----------+-----------+------+------+---------+
    |  Latency (cycles) |   Latency (absolute)  |   Interval  | Pipeline|
    |   min   |   max   |    min    |    max    |  min |  max |   Type  |
    +---------+---------+-----------+-----------+------+------+---------+
    |     9219|     9219|  46.095 us|  46.095 us|  9219|  9219|       no|
    +---------+---------+-----------+-----------+------+------+---------+

    + Detail: 
        * Instance: 
        N/A

        * Loop: 
        +----------+---------+---------+----------+-----------+-----------+------+----------+
        |          |  Latency (cycles) | Iteration|  Initiation Interval  | Trip |          |
        | Loop Name|   min   |   max   |  Latency |  achieved |   target  | Count| Pipelined|
        +----------+---------+---------+----------+-----------+-----------+------+----------+
        |- accum2  |     9217|     9217|        11|          9|          1|  1024|       yes|
        +----------+---------+---------+----------+-----------+-----------+------+----------+

============================================================
+ Verbose Summary: Synthesis Manager
============================================================
InlineROM: 1
ExposeGlobal: 0
============================================================
+ Verbose Summary: CDFG Model
============================================================
IsTopModel: 0
ResetActiveHigh: 1
IsCombinational: 0
IsDatapathOnly: 0
HasWiredReturn: 1
HasMFsm: 2
HasVarLatency: 1
IsPipeline: 0
IsRtlPipelined: 0
IsInstanceOverlapped: 0
IsDontTouch: 0
HasImplIP: 0
IsGatedGlobalClock: 0

+ Individual pipeline summary: 
  * Pipeline-0: initiation interval (II) = 9, depth = 11


============================================================
+ Verbose Summary: Schedule
============================================================
* Number of FSM states : 11
* Pipeline : 1
  Pipeline-0 : II = 9, D = 11, States = { 1 2 3 4 5 6 7 8 9 10 11 }
* Dataflow Pipeline: 0

* FSM state transitions: 
1 --> 2 
2 --> 3 
3 --> 4 
4 --> 5 
5 --> 6 
6 --> 7 
7 --> 8 
8 --> 9 
9 --> 10 
10 --> 11 
11 --> 

* FSM state operations: 

State 1 <SV = 0> <Delay = 1.37>
ST_1 : Operation 14 [1/1] (0.00ns)   --->   "%j = alloca i32 1"   --->   Operation 14 'alloca' 'j' <Predicate = true> <Delay = 0.00>
ST_1 : Operation 15 [1/1] (0.00ns)   --->   "%accum_1 = alloca i32 1"   --->   Operation 15 'alloca' 'accum_1' <Predicate = true> <Delay = 0.00>
ST_1 : Operation 16 [1/1] (0.00ns)   --->   "%accum_1_10 = alloca i32 1"   --->   Operation 16 'alloca' 'accum_1_10' <Predicate = true> <Delay = 0.00>
ST_1 : Operation 17 [1/1] (0.00ns)   --->   "%specinterface_ln0 = specinterface void @_ssdm_op_SpecInterface, i32 %A, void @empty, i32 0, i32 0, void @empty_0, i32 4294967295, i32 0, void @empty_0, void @empty_0, void @empty_0, i32 0, i32 0, i32 0, i32 0, void @empty_0, void @empty_0"   --->   Operation 17 'specinterface' 'specinterface_ln0' <Predicate = true> <Delay = 0.00>
ST_1 : Operation 18 [1/1] (0.00ns)   --->   "%accum_0_0_reload_read = read i32 @_ssdm_op_Read.ap_auto.float, i32 %accum_0_0_reload"   --->   Operation 18 'read' 'accum_0_0_reload_read' <Predicate = true> <Delay = 0.00>
ST_1 : Operation 19 [1/1] (0.00ns)   --->   "%accum_1_0_reload_read = read i32 @_ssdm_op_Read.ap_auto.float, i32 %accum_1_0_reload"   --->   Operation 19 'read' 'accum_1_0_reload_read' <Predicate = true> <Delay = 0.00>
ST_1 : Operation 20 [1/1] (0.42ns)   --->   "%store_ln0 = store i32 %accum_1_0_reload_read, i32 %accum_1_10"   --->   Operation 20 'store' 'store_ln0' <Predicate = true> <Delay = 0.42>
ST_1 : Operation 21 [1/1] (0.42ns)   --->   "%store_ln0 = store i32 %accum_0_0_reload_read, i32 %accum_1"   --->   Operation 21 'store' 'store_ln0' <Predicate = true> <Delay = 0.42>
ST_1 : Operation 22 [1/1] (0.42ns)   --->   "%store_ln0 = store i11 0, i11 %j"   --->   Operation 22 'store' 'store_ln0' <Predicate = true> <Delay = 0.42>
ST_1 : Operation 23 [1/1] (0.00ns)   --->   "%br_ln0 = br void %split"   --->   Operation 23 'br' 'br_ln0' <Predicate = true> <Delay = 0.00>
ST_1 : Operation 24 [1/1] (0.00ns)   --->   "%j_4 = load i11 %j" [reduce.cpp:34]   --->   Operation 24 'load' 'j_4' <Predicate = true> <Delay = 0.00>
ST_1 : Operation 25 [1/1] (0.00ns)   --->   "%specpipeline_ln0 = specpipeline void @_ssdm_op_SpecPipeline, i32 4294967295, i32 0, i32 1, i32 0, void @p_str"   --->   Operation 25 'specpipeline' 'specpipeline_ln0' <Predicate = true> <Delay = 0.00>
ST_1 : Operation 26 [1/1] (0.94ns)   --->   "%icmp_ln33 = icmp_eq  i11 %j_4, i11 1024" [reduce.cpp:33]   --->   Operation 26 'icmp' 'icmp_ln33' <Predicate = true> <Delay = 0.94> <CoreInst = "Cmp">   --->   Core 9 'Cmp' <Latency = 0> <II = 1> <Delay = 0.94> <FuncUnit> <Opcode : 'icmp'> <InPorts = 2> <OutPorts = 1>
ST_1 : Operation 27 [1/1] (0.00ns)   --->   "%empty = speclooptripcount i32 @_ssdm_op_SpecLoopTripCount, i64 1024, i64 1024, i64 1024"   --->   Operation 27 'speclooptripcount' 'empty' <Predicate = true> <Delay = 0.00>
ST_1 : Operation 28 [1/1] (0.79ns)   --->   "%add_ln33 = add i11 %j_4, i11 1" [reduce.cpp:33]   --->   Operation 28 'add' 'add_ln33' <Predicate = true> <Delay = 0.79> <CoreInst = "Adder">   --->   Core 1 'Adder' <Latency = 0> <II = 1> <Delay = 0.79> <FuncUnit> <Opcode : 'add' 'sub'> <InPorts = 2> <OutPorts = 1>
ST_1 : Operation 29 [1/1] (0.00ns)   --->   "%br_ln33 = br i1 %icmp_ln33, void %.split, void %.exitStub" [reduce.cpp:33]   --->   Operation 29 'br' 'br_ln33' <Predicate = true> <Delay = 0.00>
ST_1 : Operation 30 [1/1] (0.00ns)   --->   "%trunc_ln34 = trunc i11 %j_4" [reduce.cpp:34]   --->   Operation 30 'trunc' 'trunc_ln34' <Predicate = (!icmp_ln33)> <Delay = 0.00>
ST_1 : Operation 31 [1/1] (0.00ns)   --->   "%zext_ln34 = zext i10 %trunc_ln34" [reduce.cpp:34]   --->   Operation 31 'zext' 'zext_ln34' <Predicate = (!icmp_ln33)> <Delay = 0.00>
ST_1 : Operation 32 [1/1] (0.00ns)   --->   "%A_addr = getelementptr i32 %A, i64 0, i64 %zext_ln34" [reduce.cpp:34]   --->   Operation 32 'getelementptr' 'A_addr' <Predicate = (!icmp_ln33)> <Delay = 0.00>
ST_1 : Operation 33 [2/2] (1.23ns)   --->   "%A_load = load i10 %A_addr" [reduce.cpp:34]   --->   Operation 33 'load' 'A_load' <Predicate = (!icmp_ln33)> <Delay = 1.23> <CoreInst = "RAM">   --->   Core 83 'RAM' <Latency = 1> <II = 1> <Delay = 1.23> <Storage> <Opcode : 'load' 'store'> <Ports = 2> <Width = 32> <Depth = 1024> <RAM>
ST_1 : Operation 34 [1/1] (0.00ns)   --->   "%trunc_ln34_1 = trunc i11 %j_4" [reduce.cpp:34]   --->   Operation 34 'trunc' 'trunc_ln34_1' <Predicate = (!icmp_ln33)> <Delay = 0.00>
ST_1 : Operation 35 [1/1] (0.42ns)   --->   "%store_ln33 = store i11 %add_ln33, i11 %j" [reduce.cpp:33]   --->   Operation 35 'store' 'store_ln33' <Predicate = (!icmp_ln33)> <Delay = 0.42>

State 2 <SV = 1> <Delay = 1.23>
ST_2 : Operation 36 [1/1] (0.00ns)   --->   "%accum_1_load_1 = load i32 %accum_1" [reduce.cpp:34]   --->   Operation 36 'load' 'accum_1_load_1' <Predicate = (!icmp_ln33)> <Delay = 0.00>
ST_2 : Operation 37 [1/1] (0.00ns)   --->   "%accum_1_10_load_1 = load i32 %accum_1_10" [reduce.cpp:34]   --->   Operation 37 'load' 'accum_1_10_load_1' <Predicate = (!icmp_ln33)> <Delay = 0.00>
ST_2 : Operation 38 [1/2] (1.23ns)   --->   "%A_load = load i10 %A_addr" [reduce.cpp:34]   --->   Operation 38 'load' 'A_load' <Predicate = (!icmp_ln33)> <Delay = 1.23> <CoreInst = "RAM">   --->   Core 83 'RAM' <Latency = 1> <II = 1> <Delay = 1.23> <Storage> <Opcode : 'load' 'store'> <Ports = 2> <Width = 32> <Depth = 1024> <RAM>
ST_2 : Operation 39 [1/1] (0.44ns)   --->   "%select_ln34 = select i1 %trunc_ln34_1, i32 %accum_1_10_load_1, i32 %accum_1_load_1" [reduce.cpp:34]   --->   Operation 39 'select' 'select_ln34' <Predicate = (!icmp_ln33)> <Delay = 0.44> <CoreInst = "Sel">   --->   Core 73 'Sel' <Latency = 0> <II = 1> <Delay = 0.44> <FuncUnit> <Opcode : 'select'> <InPorts = 3> <OutPorts = 1>
ST_2 : Operation 55 [1/1] (0.00ns)   --->   "%accum_1_load = load i32 %accum_1"   --->   Operation 55 'load' 'accum_1_load' <Predicate = (icmp_ln33)> <Delay = 0.00>
ST_2 : Operation 56 [1/1] (0.00ns)   --->   "%accum_1_10_load = load i32 %accum_1_10"   --->   Operation 56 'load' 'accum_1_10_load' <Predicate = (icmp_ln33)> <Delay = 0.00>
ST_2 : Operation 57 [1/1] (0.00ns)   --->   "%write_ln0 = write void @_ssdm_op_Write.ap_auto.floatP0A, i32 %accum_1_2_out, i32 %accum_1_10_load"   --->   Operation 57 'write' 'write_ln0' <Predicate = (icmp_ln33)> <Delay = 0.00>
ST_2 : Operation 58 [1/1] (0.00ns)   --->   "%write_ln0 = write void @_ssdm_op_Write.ap_auto.floatP0A, i32 %accum_0_2_out, i32 %accum_1_load"   --->   Operation 58 'write' 'write_ln0' <Predicate = (icmp_ln33)> <Delay = 0.00>
ST_2 : Operation 59 [1/1] (0.00ns)   --->   "%ret_ln0 = ret"   --->   Operation 59 'ret' 'ret_ln0' <Predicate = (icmp_ln33)> <Delay = 0.00>

State 3 <SV = 2> <Delay = 3.45>
ST_3 : Operation 40 [1/1] (0.00ns)   --->   "%bitcast_ln34 = bitcast i32 %A_load" [reduce.cpp:34]   --->   Operation 40 'bitcast' 'bitcast_ln34' <Predicate = (!icmp_ln33)> <Delay = 0.00>
ST_3 : Operation 41 [8/8] (3.45ns)   --->   "%accum_0 = fadd i32 %select_ln34, i32 %bitcast_ln34" [reduce.cpp:34]   --->   Operation 41 'fadd' 'accum_0' <Predicate = (!icmp_ln33)> <Delay = 3.45> <CoreInst = "FAddSub_fulldsp">   --->   Core 18 'FAddSub_fulldsp' <Latency = 7> <II = 1> <Delay = 3.45> <FuncUnit> <Opcode : 'fadd' 'fsub'> <InPorts = 2> <OutPorts = 1>

State 4 <SV = 3> <Delay = 3.45>
ST_4 : Operation 42 [7/8] (3.45ns)   --->   "%accum_0 = fadd i32 %select_ln34, i32 %bitcast_ln34" [reduce.cpp:34]   --->   Operation 42 'fadd' 'accum_0' <Predicate = (!icmp_ln33)> <Delay = 3.45> <CoreInst = "FAddSub_fulldsp">   --->   Core 18 'FAddSub_fulldsp' <Latency = 7> <II = 1> <Delay = 3.45> <FuncUnit> <Opcode : 'fadd' 'fsub'> <InPorts = 2> <OutPorts = 1>

State 5 <SV = 4> <Delay = 3.45>
ST_5 : Operation 43 [6/8] (3.45ns)   --->   "%accum_0 = fadd i32 %select_ln34, i32 %bitcast_ln34" [reduce.cpp:34]   --->   Operation 43 'fadd' 'accum_0' <Predicate = (!icmp_ln33)> <Delay = 3.45> <CoreInst = "FAddSub_fulldsp">   --->   Core 18 'FAddSub_fulldsp' <Latency = 7> <II = 1> <Delay = 3.45> <FuncUnit> <Opcode : 'fadd' 'fsub'> <InPorts = 2> <OutPorts = 1>

State 6 <SV = 5> <Delay = 3.45>
ST_6 : Operation 44 [5/8] (3.45ns)   --->   "%accum_0 = fadd i32 %select_ln34, i32 %bitcast_ln34" [reduce.cpp:34]   --->   Operation 44 'fadd' 'accum_0' <Predicate = (!icmp_ln33)> <Delay = 3.45> <CoreInst = "FAddSub_fulldsp">   --->   Core 18 'FAddSub_fulldsp' <Latency = 7> <II = 1> <Delay = 3.45> <FuncUnit> <Opcode : 'fadd' 'fsub'> <InPorts = 2> <OutPorts = 1>

State 7 <SV = 6> <Delay = 3.45>
ST_7 : Operation 45 [4/8] (3.45ns)   --->   "%accum_0 = fadd i32 %select_ln34, i32 %bitcast_ln34" [reduce.cpp:34]   --->   Operation 45 'fadd' 'accum_0' <Predicate = (!icmp_ln33)> <Delay = 3.45> <CoreInst = "FAddSub_fulldsp">   --->   Core 18 'FAddSub_fulldsp' <Latency = 7> <II = 1> <Delay = 3.45> <FuncUnit> <Opcode : 'fadd' 'fsub'> <InPorts = 2> <OutPorts = 1>

State 8 <SV = 7> <Delay = 3.45>
ST_8 : Operation 46 [3/8] (3.45ns)   --->   "%accum_0 = fadd i32 %select_ln34, i32 %bitcast_ln34" [reduce.cpp:34]   --->   Operation 46 'fadd' 'accum_0' <Predicate = (!icmp_ln33)> <Delay = 3.45> <CoreInst = "FAddSub_fulldsp">   --->   Core 18 'FAddSub_fulldsp' <Latency = 7> <II = 1> <Delay = 3.45> <FuncUnit> <Opcode : 'fadd' 'fsub'> <InPorts = 2> <OutPorts = 1>

State 9 <SV = 8> <Delay = 3.45>
ST_9 : Operation 47 [2/8] (3.45ns)   --->   "%accum_0 = fadd i32 %select_ln34, i32 %bitcast_ln34" [reduce.cpp:34]   --->   Operation 47 'fadd' 'accum_0' <Predicate = (!icmp_ln33)> <Delay = 3.45> <CoreInst = "FAddSub_fulldsp">   --->   Core 18 'FAddSub_fulldsp' <Latency = 7> <II = 1> <Delay = 3.45> <FuncUnit> <Opcode : 'fadd' 'fsub'> <InPorts = 2> <OutPorts = 1>

State 10 <SV = 9> <Delay = 3.45>
ST_10 : Operation 48 [1/8] (3.45ns)   --->   "%accum_0 = fadd i32 %select_ln34, i32 %bitcast_ln34" [reduce.cpp:34]   --->   Operation 48 'fadd' 'accum_0' <Predicate = true> <Delay = 3.45> <CoreInst = "FAddSub_fulldsp">   --->   Core 18 'FAddSub_fulldsp' <Latency = 7> <II = 1> <Delay = 3.45> <FuncUnit> <Opcode : 'fadd' 'fsub'> <InPorts = 2> <OutPorts = 1>

State 11 <SV = 10> <Delay = 0.87>
ST_11 : Operation 49 [1/1] (0.00ns)   --->   "%specloopname_ln33 = specloopname void @_ssdm_op_SpecLoopName, void @empty_4" [reduce.cpp:33]   --->   Operation 49 'specloopname' 'specloopname_ln33' <Predicate = true> <Delay = 0.00>
ST_11 : Operation 50 [1/1] (0.44ns)   --->   "%accum_1_12 = select i1 %trunc_ln34_1, i32 %accum_0, i32 %accum_1_10_load_1" [reduce.cpp:34]   --->   Operation 50 'select' 'accum_1_12' <Predicate = true> <Delay = 0.44> <CoreInst = "Sel">   --->   Core 73 'Sel' <Latency = 0> <II = 1> <Delay = 0.44> <FuncUnit> <Opcode : 'select'> <InPorts = 3> <OutPorts = 1>
ST_11 : Operation 51 [1/1] (0.44ns)   --->   "%accum_1_13 = select i1 %trunc_ln34_1, i32 %accum_1_load_1, i32 %accum_0" [reduce.cpp:34]   --->   Operation 51 'select' 'accum_1_13' <Predicate = true> <Delay = 0.44> <CoreInst = "Sel">   --->   Core 73 'Sel' <Latency = 0> <II = 1> <Delay = 0.44> <FuncUnit> <Opcode : 'select'> <InPorts = 3> <OutPorts = 1>
ST_11 : Operation 52 [1/1] (0.42ns)   --->   "%store_ln34 = store i32 %accum_1_12, i32 %accum_1_10" [reduce.cpp:34]   --->   Operation 52 'store' 'store_ln34' <Predicate = true> <Delay = 0.42>
ST_11 : Operation 53 [1/1] (0.42ns)   --->   "%store_ln34 = store i32 %accum_1_13, i32 %accum_1" [reduce.cpp:34]   --->   Operation 53 'store' 'store_ln34' <Predicate = true> <Delay = 0.42>
ST_11 : Operation 54 [1/1] (0.00ns)   --->   "%br_ln0 = br void %split"   --->   Operation 54 'br' 'br_ln0' <Predicate = true> <Delay = 0.00>


============================================================
+ Verbose Summary: Timing violations
============================================================
Target clock period: 5ns, clock uncertainty: 1.35ns.

 <State 1>: 1.37ns
The critical path consists of the following:
	'alloca' operation ('j') [6]  (0 ns)
	'load' operation ('j', reduce.cpp:34) on local variable 'j' [17]  (0 ns)
	'getelementptr' operation ('A_addr', reduce.cpp:34) [29]  (0 ns)
	'load' operation ('A_load', reduce.cpp:34) on array 'A' [30]  (1.24 ns)
	blocking operation 0.134 ns on control path)

 <State 2>: 1.24ns
The critical path consists of the following:
	'load' operation ('A_load', reduce.cpp:34) on array 'A' [30]  (1.24 ns)

 <State 3>: 3.45ns
The critical path consists of the following:
	'fadd' operation ('accum[0]', reduce.cpp:34) [34]  (3.45 ns)

 <State 4>: 3.45ns
The critical path consists of the following:
	'fadd' operation ('accum[0]', reduce.cpp:34) [34]  (3.45 ns)

 <State 5>: 3.45ns
The critical path consists of the following:
	'fadd' operation ('accum[0]', reduce.cpp:34) [34]  (3.45 ns)

 <State 6>: 3.45ns
The critical path consists of the following:
	'fadd' operation ('accum[0]', reduce.cpp:34) [34]  (3.45 ns)

 <State 7>: 3.45ns
The critical path consists of the following:
	'fadd' operation ('accum[0]', reduce.cpp:34) [34]  (3.45 ns)

 <State 8>: 3.45ns
The critical path consists of the following:
	'fadd' operation ('accum[0]', reduce.cpp:34) [34]  (3.45 ns)

 <State 9>: 3.45ns
The critical path consists of the following:
	'fadd' operation ('accum[0]', reduce.cpp:34) [34]  (3.45 ns)

 <State 10>: 3.45ns
The critical path consists of the following:
	'fadd' operation ('accum[0]', reduce.cpp:34) [34]  (3.45 ns)

 <State 11>: 0.876ns
The critical path consists of the following:
	'select' operation ('accum[1]', reduce.cpp:34) [35]  (0.449 ns)
	'store' operation ('store_ln34', reduce.cpp:34) of variable 'accum[1]', reduce.cpp:34 on local variable 'accum[1]' [37]  (0.427 ns)


============================================================
+ Verbose Summary: Binding
============================================================
N/A
* FSMD analyzer results:
  - Output states:
 - Input state : 
  - Chain level:
	State 1
	State 2
	State 3
	State 4
	State 5
	State 6
	State 7
	State 8
	State 9
	State 10
	State 11


============================================================
+ Verbose Summary: Datapath Resource usage 
============================================================
N/A
