

================================================================
== Vitis HLS Report for 'reduce_accum4_ii_is_3_Pipeline_accum4'
================================================================
* Date:           Sun Jul 10 12:43:26 2022

* Version:        2021.2 (Build 3367213 on Tue Oct 19 02:47:39 MDT 2021)
* Project:        reduce_example
* Solution:       solution1 (Vivado IP Flow Target)
* Product family: zynquplus
* Target device:  xczu7ev-ffvc1156-2-e


================================================================
== Performance Estimates
================================================================
+ Timing: 
    * Summary: 
    +--------+---------+----------+------------+
    |  Clock |  Target | Estimated| Uncertainty|
    +--------+---------+----------+------------+
    |ap_clk  |  5.00 ns|  3.454 ns|     1.35 ns|
    +--------+---------+----------+------------+

+ Latency: 
    * Summary: 
    +---------+---------+-----------+-----------+------+------+---------+
    |  Latency (cycles) |   Latency (absolute)  |   Interval  | Pipeline|
    |   min   |   max   |    min    |    max    |  min |  max |   Type  |
    +---------+---------+-----------+-----------+------+------+---------+
    |     9219|     9219|  46.095 us|  46.095 us|  9219|  9219|       no|
    +---------+---------+-----------+-----------+------+------+---------+

    + Detail: 
        * Instance: 
        N/A

        * Loop: 
        +----------+---------+---------+----------+-----------+-----------+------+----------+
        |          |  Latency (cycles) | Iteration|  Initiation Interval  | Trip |          |
        | Loop Name|   min   |   max   |  Latency |  achieved |   target  | Count| Pipelined|
        +----------+---------+---------+----------+-----------+-----------+------+----------+
        |- accum4  |     9217|     9217|        11|          9|          1|  1024|       yes|
        +----------+---------+---------+----------+-----------+-----------+------+----------+

============================================================
+ Verbose Summary: Synthesis Manager
============================================================
InlineROM: 1
ExposeGlobal: 0
============================================================
+ Verbose Summary: CDFG Model
============================================================
IsTopModel: 0
ResetActiveHigh: 1
IsCombinational: 0
IsDatapathOnly: 0
HasWiredReturn: 1
HasMFsm: 2
HasVarLatency: 1
IsPipeline: 0
IsRtlPipelined: 0
IsInstanceOverlapped: 0
IsDontTouch: 0
HasImplIP: 0
IsGatedGlobalClock: 0

+ Individual pipeline summary: 
  * Pipeline-0: initiation interval (II) = 9, depth = 11


============================================================
+ Verbose Summary: Schedule
============================================================
* Number of FSM states : 11
* Pipeline : 1
  Pipeline-0 : II = 9, D = 11, States = { 1 2 3 4 5 6 7 8 9 10 11 }
* Dataflow Pipeline: 0

* FSM state transitions: 
1 --> 2 
2 --> 3 
3 --> 4 
4 --> 5 
5 --> 6 
6 --> 7 
7 --> 8 
8 --> 9 
9 --> 10 
10 --> 11 
11 --> 

* FSM state operations: 

State 1 <SV = 0> <Delay = 1.37>
ST_1 : Operation 14 [1/1] (0.00ns)   --->   "%j = alloca i32 1"   --->   Operation 14 'alloca' 'j' <Predicate = true> <Delay = 0.00>
ST_1 : Operation 15 [1/1] (0.00ns)   --->   "%accum_1 = alloca i32 1"   --->   Operation 15 'alloca' 'accum_1' <Predicate = true> <Delay = 0.00>
ST_1 : Operation 16 [1/1] (0.00ns)   --->   "%accum_1_1 = alloca i32 1"   --->   Operation 16 'alloca' 'accum_1_1' <Predicate = true> <Delay = 0.00>
ST_1 : Operation 17 [1/1] (0.00ns)   --->   "%accum_1_3 = alloca i32 1"   --->   Operation 17 'alloca' 'accum_1_3' <Predicate = true> <Delay = 0.00>
ST_1 : Operation 18 [1/1] (0.00ns)   --->   "%accum_1_4 = alloca i32 1"   --->   Operation 18 'alloca' 'accum_1_4' <Predicate = true> <Delay = 0.00>
ST_1 : Operation 19 [1/1] (0.00ns)   --->   "%accum_1_5 = alloca i32 1"   --->   Operation 19 'alloca' 'accum_1_5' <Predicate = true> <Delay = 0.00>
ST_1 : Operation 20 [1/1] (0.00ns)   --->   "%accum_1_2 = alloca i32 1"   --->   Operation 20 'alloca' 'accum_1_2' <Predicate = true> <Delay = 0.00>
ST_1 : Operation 21 [1/1] (0.00ns)   --->   "%accum_1_6 = alloca i32 1"   --->   Operation 21 'alloca' 'accum_1_6' <Predicate = true> <Delay = 0.00>
ST_1 : Operation 22 [1/1] (0.00ns)   --->   "%accum_1_7 = alloca i32 1"   --->   Operation 22 'alloca' 'accum_1_7' <Predicate = true> <Delay = 0.00>
ST_1 : Operation 23 [1/1] (0.00ns)   --->   "%specinterface_ln0 = specinterface void @_ssdm_op_SpecInterface, i32 %A, void @empty, i32 0, i32 0, void @empty_0, i32 4294967295, i32 0, void @empty_0, void @empty_0, void @empty_0, i32 0, i32 0, i32 0, i32 0, void @empty_0, void @empty_0"   --->   Operation 23 'specinterface' 'specinterface_ln0' <Predicate = true> <Delay = 0.00>
ST_1 : Operation 24 [1/1] (0.00ns)   --->   "%accum_load33_reload_read = read i32 @_ssdm_op_Read.ap_auto.float, i32 %accum_load33_reload"   --->   Operation 24 'read' 'accum_load33_reload_read' <Predicate = true> <Delay = 0.00>
ST_1 : Operation 25 [1/1] (0.00ns)   --->   "%accum_load_937_reload_read = read i32 @_ssdm_op_Read.ap_auto.float, i32 %accum_load_937_reload"   --->   Operation 25 'read' 'accum_load_937_reload_read' <Predicate = true> <Delay = 0.00>
ST_1 : Operation 26 [1/1] (0.00ns)   --->   "%accum_load_1041_reload_read = read i32 @_ssdm_op_Read.ap_auto.float, i32 %accum_load_1041_reload"   --->   Operation 26 'read' 'accum_load_1041_reload_read' <Predicate = true> <Delay = 0.00>
ST_1 : Operation 27 [1/1] (0.00ns)   --->   "%accum_load_1145_reload_read = read i32 @_ssdm_op_Read.ap_auto.float, i32 %accum_load_1145_reload"   --->   Operation 27 'read' 'accum_load_1145_reload_read' <Predicate = true> <Delay = 0.00>
ST_1 : Operation 28 [1/1] (0.00ns)   --->   "%accum_0_0_reload_read = read i32 @_ssdm_op_Read.ap_auto.float, i32 %accum_0_0_reload"   --->   Operation 28 'read' 'accum_0_0_reload_read' <Predicate = true> <Delay = 0.00>
ST_1 : Operation 29 [1/1] (0.00ns)   --->   "%accum_1_0_reload_read = read i32 @_ssdm_op_Read.ap_auto.float, i32 %accum_1_0_reload"   --->   Operation 29 'read' 'accum_1_0_reload_read' <Predicate = true> <Delay = 0.00>
ST_1 : Operation 30 [1/1] (0.00ns)   --->   "%accum_2_0_reload_read = read i32 @_ssdm_op_Read.ap_auto.float, i32 %accum_2_0_reload"   --->   Operation 30 'read' 'accum_2_0_reload_read' <Predicate = true> <Delay = 0.00>
ST_1 : Operation 31 [1/1] (0.00ns)   --->   "%accum_3_0_reload_read = read i32 @_ssdm_op_Read.ap_auto.float, i32 %accum_3_0_reload"   --->   Operation 31 'read' 'accum_3_0_reload_read' <Predicate = true> <Delay = 0.00>
ST_1 : Operation 32 [1/1] (0.42ns)   --->   "%store_ln0 = store i32 %accum_3_0_reload_read, i32 %accum_1_7"   --->   Operation 32 'store' 'store_ln0' <Predicate = true> <Delay = 0.42>
ST_1 : Operation 33 [1/1] (0.42ns)   --->   "%store_ln0 = store i32 %accum_2_0_reload_read, i32 %accum_1_6"   --->   Operation 33 'store' 'store_ln0' <Predicate = true> <Delay = 0.42>
ST_1 : Operation 34 [1/1] (0.42ns)   --->   "%store_ln0 = store i32 %accum_1_0_reload_read, i32 %accum_1_2"   --->   Operation 34 'store' 'store_ln0' <Predicate = true> <Delay = 0.42>
ST_1 : Operation 35 [1/1] (0.42ns)   --->   "%store_ln0 = store i32 %accum_0_0_reload_read, i32 %accum_1_5"   --->   Operation 35 'store' 'store_ln0' <Predicate = true> <Delay = 0.42>
ST_1 : Operation 36 [1/1] (0.42ns)   --->   "%store_ln0 = store i32 %accum_load_1145_reload_read, i32 %accum_1_4"   --->   Operation 36 'store' 'store_ln0' <Predicate = true> <Delay = 0.42>
ST_1 : Operation 37 [1/1] (0.42ns)   --->   "%store_ln0 = store i32 %accum_load_1041_reload_read, i32 %accum_1_3"   --->   Operation 37 'store' 'store_ln0' <Predicate = true> <Delay = 0.42>
ST_1 : Operation 38 [1/1] (0.42ns)   --->   "%store_ln0 = store i32 %accum_load_937_reload_read, i32 %accum_1_1"   --->   Operation 38 'store' 'store_ln0' <Predicate = true> <Delay = 0.42>
ST_1 : Operation 39 [1/1] (0.42ns)   --->   "%store_ln0 = store i32 %accum_load33_reload_read, i32 %accum_1"   --->   Operation 39 'store' 'store_ln0' <Predicate = true> <Delay = 0.42>
ST_1 : Operation 40 [1/1] (0.42ns)   --->   "%store_ln0 = store i11 0, i11 %j"   --->   Operation 40 'store' 'store_ln0' <Predicate = true> <Delay = 0.42>
ST_1 : Operation 41 [1/1] (0.00ns)   --->   "%br_ln0 = br void %split"   --->   Operation 41 'br' 'br_ln0' <Predicate = true> <Delay = 0.00>
ST_1 : Operation 42 [1/1] (0.00ns)   --->   "%j_3 = load i11 %j" [reduce.cpp:45]   --->   Operation 42 'load' 'j_3' <Predicate = true> <Delay = 0.00>
ST_1 : Operation 43 [1/1] (0.00ns)   --->   "%specpipeline_ln0 = specpipeline void @_ssdm_op_SpecPipeline, i32 4294967295, i32 0, i32 1, i32 0, void @p_str"   --->   Operation 43 'specpipeline' 'specpipeline_ln0' <Predicate = true> <Delay = 0.00>
ST_1 : Operation 44 [1/1] (0.94ns)   --->   "%icmp_ln44 = icmp_eq  i11 %j_3, i11 1024" [reduce.cpp:44]   --->   Operation 44 'icmp' 'icmp_ln44' <Predicate = true> <Delay = 0.94> <CoreInst = "Cmp">   --->   Core 9 'Cmp' <Latency = 0> <II = 1> <Delay = 0.94> <FuncUnit> <Opcode : 'icmp'> <InPorts = 2> <OutPorts = 1>
ST_1 : Operation 45 [1/1] (0.00ns)   --->   "%empty = speclooptripcount i32 @_ssdm_op_SpecLoopTripCount, i64 1024, i64 1024, i64 1024"   --->   Operation 45 'speclooptripcount' 'empty' <Predicate = true> <Delay = 0.00>
ST_1 : Operation 46 [1/1] (0.79ns)   --->   "%add_ln44 = add i11 %j_3, i11 1" [reduce.cpp:44]   --->   Operation 46 'add' 'add_ln44' <Predicate = true> <Delay = 0.79> <CoreInst = "Adder">   --->   Core 1 'Adder' <Latency = 0> <II = 1> <Delay = 0.79> <FuncUnit> <Opcode : 'add' 'sub'> <InPorts = 2> <OutPorts = 1>
ST_1 : Operation 47 [1/1] (0.00ns)   --->   "%br_ln44 = br i1 %icmp_ln44, void %.split, void %.exitStub" [reduce.cpp:44]   --->   Operation 47 'br' 'br_ln44' <Predicate = true> <Delay = 0.00>
ST_1 : Operation 48 [1/1] (0.00ns)   --->   "%trunc_ln45 = trunc i11 %j_3" [reduce.cpp:45]   --->   Operation 48 'trunc' 'trunc_ln45' <Predicate = (!icmp_ln44)> <Delay = 0.00>
ST_1 : Operation 49 [1/1] (0.00ns)   --->   "%zext_ln45 = zext i10 %trunc_ln45" [reduce.cpp:45]   --->   Operation 49 'zext' 'zext_ln45' <Predicate = (!icmp_ln44)> <Delay = 0.00>
ST_1 : Operation 50 [1/1] (0.00ns)   --->   "%A_addr = getelementptr i32 %A, i64 0, i64 %zext_ln45" [reduce.cpp:45]   --->   Operation 50 'getelementptr' 'A_addr' <Predicate = (!icmp_ln44)> <Delay = 0.00>
ST_1 : Operation 51 [2/2] (1.23ns)   --->   "%A_load = load i10 %A_addr" [reduce.cpp:45]   --->   Operation 51 'load' 'A_load' <Predicate = (!icmp_ln44)> <Delay = 1.23> <CoreInst = "RAM">   --->   Core 83 'RAM' <Latency = 1> <II = 1> <Delay = 1.23> <Storage> <Opcode : 'load' 'store'> <Ports = 2> <Width = 32> <Depth = 1024> <RAM>
ST_1 : Operation 52 [1/1] (0.00ns)   --->   "%trunc_ln45_1 = trunc i11 %j_3" [reduce.cpp:45]   --->   Operation 52 'trunc' 'trunc_ln45_1' <Predicate = (!icmp_ln44)> <Delay = 0.00>
ST_1 : Operation 53 [1/1] (0.72ns)   --->   "%switch_ln45 = switch i2 %trunc_ln45_1, void %branch3, i2 0, void %.split..split24_crit_edge, i2 1, void %.split..split24_crit_edge9, i2 2, void %branch2" [reduce.cpp:45]   --->   Operation 53 'switch' 'switch_ln45' <Predicate = (!icmp_ln44)> <Delay = 0.72>
ST_1 : Operation 54 [1/1] (0.42ns)   --->   "%store_ln44 = store i11 %add_ln44, i11 %j" [reduce.cpp:44]   --->   Operation 54 'store' 'store_ln44' <Predicate = (!icmp_ln44)> <Delay = 0.42>
ST_1 : Operation 55 [1/1] (0.00ns)   --->   "%br_ln0 = br void %split"   --->   Operation 55 'br' 'br_ln0' <Predicate = (!icmp_ln44)> <Delay = 0.00>

State 2 <SV = 1> <Delay = 1.23>
ST_2 : Operation 56 [1/1] (0.00ns)   --->   "%accum_1_5_load = load i32 %accum_1_5" [reduce.cpp:45]   --->   Operation 56 'load' 'accum_1_5_load' <Predicate = (!icmp_ln44)> <Delay = 0.00>
ST_2 : Operation 57 [1/1] (0.00ns)   --->   "%accum_1_2_load = load i32 %accum_1_2" [reduce.cpp:45]   --->   Operation 57 'load' 'accum_1_2_load' <Predicate = (!icmp_ln44)> <Delay = 0.00>
ST_2 : Operation 58 [1/1] (0.00ns)   --->   "%accum_1_6_load = load i32 %accum_1_6" [reduce.cpp:45]   --->   Operation 58 'load' 'accum_1_6_load' <Predicate = (!icmp_ln44)> <Delay = 0.00>
ST_2 : Operation 59 [1/1] (0.00ns)   --->   "%accum_1_7_load = load i32 %accum_1_7" [reduce.cpp:45]   --->   Operation 59 'load' 'accum_1_7_load' <Predicate = (!icmp_ln44)> <Delay = 0.00>
ST_2 : Operation 60 [1/2] (1.23ns)   --->   "%A_load = load i10 %A_addr" [reduce.cpp:45]   --->   Operation 60 'load' 'A_load' <Predicate = (!icmp_ln44)> <Delay = 1.23> <CoreInst = "RAM">   --->   Core 83 'RAM' <Latency = 1> <II = 1> <Delay = 1.23> <Storage> <Opcode : 'load' 'store'> <Ports = 2> <Width = 32> <Depth = 1024> <RAM>
ST_2 : Operation 61 [1/1] (0.52ns)   --->   "%tmp = mux i32 @_ssdm_op_Mux.ap_auto.4float.i2, i32 %accum_1_5_load, i32 %accum_1_2_load, i32 %accum_1_6_load, i32 %accum_1_7_load, i2 %trunc_ln45_1" [reduce.cpp:45]   --->   Operation 61 'mux' 'tmp' <Predicate = (!icmp_ln44)> <Delay = 0.52> <CoreInst = "Multiplexer">   --->   Core 76 'Multiplexer' <Latency = 0> <II = 1> <Delay = 0.52> <FuncUnit> <Opcode : 'mux'> <InPorts = 2> <OutPorts = 1>
ST_2 : Operation 84 [1/1] (0.00ns)   --->   "%accum_1_load = load i32 %accum_1"   --->   Operation 84 'load' 'accum_1_load' <Predicate = (icmp_ln44)> <Delay = 0.00>
ST_2 : Operation 85 [1/1] (0.00ns)   --->   "%accum_1_1_load = load i32 %accum_1_1"   --->   Operation 85 'load' 'accum_1_1_load' <Predicate = (icmp_ln44)> <Delay = 0.00>
ST_2 : Operation 86 [1/1] (0.00ns)   --->   "%accum_1_3_load = load i32 %accum_1_3"   --->   Operation 86 'load' 'accum_1_3_load' <Predicate = (icmp_ln44)> <Delay = 0.00>
ST_2 : Operation 87 [1/1] (0.00ns)   --->   "%accum_1_4_load = load i32 %accum_1_4"   --->   Operation 87 'load' 'accum_1_4_load' <Predicate = (icmp_ln44)> <Delay = 0.00>
ST_2 : Operation 88 [1/1] (0.00ns)   --->   "%write_ln0 = write void @_ssdm_op_Write.ap_auto.floatP0A, i32 %accum_load_11_out, i32 %accum_1_4_load"   --->   Operation 88 'write' 'write_ln0' <Predicate = (icmp_ln44)> <Delay = 0.00>
ST_2 : Operation 89 [1/1] (0.00ns)   --->   "%write_ln0 = write void @_ssdm_op_Write.ap_auto.floatP0A, i32 %accum_load_10_out, i32 %accum_1_3_load"   --->   Operation 89 'write' 'write_ln0' <Predicate = (icmp_ln44)> <Delay = 0.00>
ST_2 : Operation 90 [1/1] (0.00ns)   --->   "%write_ln0 = write void @_ssdm_op_Write.ap_auto.floatP0A, i32 %accum_load_9_out, i32 %accum_1_1_load"   --->   Operation 90 'write' 'write_ln0' <Predicate = (icmp_ln44)> <Delay = 0.00>
ST_2 : Operation 91 [1/1] (0.00ns)   --->   "%write_ln0 = write void @_ssdm_op_Write.ap_auto.floatP0A, i32 %accum_load_out, i32 %accum_1_load"   --->   Operation 91 'write' 'write_ln0' <Predicate = (icmp_ln44)> <Delay = 0.00>
ST_2 : Operation 92 [1/1] (0.00ns)   --->   "%ret_ln0 = ret"   --->   Operation 92 'ret' 'ret_ln0' <Predicate = (icmp_ln44)> <Delay = 0.00>

State 3 <SV = 2> <Delay = 3.45>
ST_3 : Operation 62 [1/1] (0.00ns)   --->   "%bitcast_ln45 = bitcast i32 %A_load" [reduce.cpp:45]   --->   Operation 62 'bitcast' 'bitcast_ln45' <Predicate = (!icmp_ln44)> <Delay = 0.00>
ST_3 : Operation 63 [8/8] (3.45ns)   --->   "%accum_1_9 = fadd i32 %tmp, i32 %bitcast_ln45" [reduce.cpp:45]   --->   Operation 63 'fadd' 'accum_1_9' <Predicate = (!icmp_ln44)> <Delay = 3.45> <CoreInst = "FAddSub_fulldsp">   --->   Core 18 'FAddSub_fulldsp' <Latency = 7> <II = 1> <Delay = 3.45> <FuncUnit> <Opcode : 'fadd' 'fsub'> <InPorts = 2> <OutPorts = 1>

State 4 <SV = 3> <Delay = 3.45>
ST_4 : Operation 64 [7/8] (3.45ns)   --->   "%accum_1_9 = fadd i32 %tmp, i32 %bitcast_ln45" [reduce.cpp:45]   --->   Operation 64 'fadd' 'accum_1_9' <Predicate = (!icmp_ln44)> <Delay = 3.45> <CoreInst = "FAddSub_fulldsp">   --->   Core 18 'FAddSub_fulldsp' <Latency = 7> <II = 1> <Delay = 3.45> <FuncUnit> <Opcode : 'fadd' 'fsub'> <InPorts = 2> <OutPorts = 1>

State 5 <SV = 4> <Delay = 3.45>
ST_5 : Operation 65 [6/8] (3.45ns)   --->   "%accum_1_9 = fadd i32 %tmp, i32 %bitcast_ln45" [reduce.cpp:45]   --->   Operation 65 'fadd' 'accum_1_9' <Predicate = (!icmp_ln44)> <Delay = 3.45> <CoreInst = "FAddSub_fulldsp">   --->   Core 18 'FAddSub_fulldsp' <Latency = 7> <II = 1> <Delay = 3.45> <FuncUnit> <Opcode : 'fadd' 'fsub'> <InPorts = 2> <OutPorts = 1>

State 6 <SV = 5> <Delay = 3.45>
ST_6 : Operation 66 [5/8] (3.45ns)   --->   "%accum_1_9 = fadd i32 %tmp, i32 %bitcast_ln45" [reduce.cpp:45]   --->   Operation 66 'fadd' 'accum_1_9' <Predicate = (!icmp_ln44)> <Delay = 3.45> <CoreInst = "FAddSub_fulldsp">   --->   Core 18 'FAddSub_fulldsp' <Latency = 7> <II = 1> <Delay = 3.45> <FuncUnit> <Opcode : 'fadd' 'fsub'> <InPorts = 2> <OutPorts = 1>

State 7 <SV = 6> <Delay = 3.45>
ST_7 : Operation 67 [4/8] (3.45ns)   --->   "%accum_1_9 = fadd i32 %tmp, i32 %bitcast_ln45" [reduce.cpp:45]   --->   Operation 67 'fadd' 'accum_1_9' <Predicate = (!icmp_ln44)> <Delay = 3.45> <CoreInst = "FAddSub_fulldsp">   --->   Core 18 'FAddSub_fulldsp' <Latency = 7> <II = 1> <Delay = 3.45> <FuncUnit> <Opcode : 'fadd' 'fsub'> <InPorts = 2> <OutPorts = 1>

State 8 <SV = 7> <Delay = 3.45>
ST_8 : Operation 68 [3/8] (3.45ns)   --->   "%accum_1_9 = fadd i32 %tmp, i32 %bitcast_ln45" [reduce.cpp:45]   --->   Operation 68 'fadd' 'accum_1_9' <Predicate = (!icmp_ln44)> <Delay = 3.45> <CoreInst = "FAddSub_fulldsp">   --->   Core 18 'FAddSub_fulldsp' <Latency = 7> <II = 1> <Delay = 3.45> <FuncUnit> <Opcode : 'fadd' 'fsub'> <InPorts = 2> <OutPorts = 1>

State 9 <SV = 8> <Delay = 3.45>
ST_9 : Operation 69 [2/8] (3.45ns)   --->   "%accum_1_9 = fadd i32 %tmp, i32 %bitcast_ln45" [reduce.cpp:45]   --->   Operation 69 'fadd' 'accum_1_9' <Predicate = (!icmp_ln44)> <Delay = 3.45> <CoreInst = "FAddSub_fulldsp">   --->   Core 18 'FAddSub_fulldsp' <Latency = 7> <II = 1> <Delay = 3.45> <FuncUnit> <Opcode : 'fadd' 'fsub'> <InPorts = 2> <OutPorts = 1>

State 10 <SV = 9> <Delay = 3.45>
ST_10 : Operation 70 [1/1] (0.00ns)   --->   "%specloopname_ln44 = specloopname void @_ssdm_op_SpecLoopName, void @empty_5" [reduce.cpp:44]   --->   Operation 70 'specloopname' 'specloopname_ln44' <Predicate = true> <Delay = 0.00>
ST_10 : Operation 71 [1/8] (3.45ns)   --->   "%accum_1_9 = fadd i32 %tmp, i32 %bitcast_ln45" [reduce.cpp:45]   --->   Operation 71 'fadd' 'accum_1_9' <Predicate = true> <Delay = 3.45> <CoreInst = "FAddSub_fulldsp">   --->   Core 18 'FAddSub_fulldsp' <Latency = 7> <II = 1> <Delay = 3.45> <FuncUnit> <Opcode : 'fadd' 'fsub'> <InPorts = 2> <OutPorts = 1>

State 11 <SV = 10> <Delay = 0.42>
ST_11 : Operation 72 [1/1] (0.42ns)   --->   "%store_ln45 = store i32 %accum_1_9, i32 %accum_1_6" [reduce.cpp:45]   --->   Operation 72 'store' 'store_ln45' <Predicate = (trunc_ln45_1 == 2)> <Delay = 0.42>
ST_11 : Operation 73 [1/1] (0.42ns)   --->   "%store_ln45 = store i32 %accum_1_9, i32 %accum_1_3" [reduce.cpp:45]   --->   Operation 73 'store' 'store_ln45' <Predicate = (trunc_ln45_1 == 2)> <Delay = 0.42>
ST_11 : Operation 74 [1/1] (0.00ns)   --->   "%br_ln45 = br void %.split24" [reduce.cpp:45]   --->   Operation 74 'br' 'br_ln45' <Predicate = (trunc_ln45_1 == 2)> <Delay = 0.00>
ST_11 : Operation 75 [1/1] (0.42ns)   --->   "%store_ln45 = store i32 %accum_1_9, i32 %accum_1_2" [reduce.cpp:45]   --->   Operation 75 'store' 'store_ln45' <Predicate = (trunc_ln45_1 == 1)> <Delay = 0.42>
ST_11 : Operation 76 [1/1] (0.42ns)   --->   "%store_ln45 = store i32 %accum_1_9, i32 %accum_1_1" [reduce.cpp:45]   --->   Operation 76 'store' 'store_ln45' <Predicate = (trunc_ln45_1 == 1)> <Delay = 0.42>
ST_11 : Operation 77 [1/1] (0.00ns)   --->   "%br_ln45 = br void %.split24" [reduce.cpp:45]   --->   Operation 77 'br' 'br_ln45' <Predicate = (trunc_ln45_1 == 1)> <Delay = 0.00>
ST_11 : Operation 78 [1/1] (0.42ns)   --->   "%store_ln45 = store i32 %accum_1_9, i32 %accum_1_5" [reduce.cpp:45]   --->   Operation 78 'store' 'store_ln45' <Predicate = (trunc_ln45_1 == 0)> <Delay = 0.42>
ST_11 : Operation 79 [1/1] (0.42ns)   --->   "%store_ln45 = store i32 %accum_1_9, i32 %accum_1" [reduce.cpp:45]   --->   Operation 79 'store' 'store_ln45' <Predicate = (trunc_ln45_1 == 0)> <Delay = 0.42>
ST_11 : Operation 80 [1/1] (0.00ns)   --->   "%br_ln45 = br void %.split24" [reduce.cpp:45]   --->   Operation 80 'br' 'br_ln45' <Predicate = (trunc_ln45_1 == 0)> <Delay = 0.00>
ST_11 : Operation 81 [1/1] (0.42ns)   --->   "%store_ln45 = store i32 %accum_1_9, i32 %accum_1_7" [reduce.cpp:45]   --->   Operation 81 'store' 'store_ln45' <Predicate = (trunc_ln45_1 == 3)> <Delay = 0.42>
ST_11 : Operation 82 [1/1] (0.42ns)   --->   "%store_ln45 = store i32 %accum_1_9, i32 %accum_1_4" [reduce.cpp:45]   --->   Operation 82 'store' 'store_ln45' <Predicate = (trunc_ln45_1 == 3)> <Delay = 0.42>
ST_11 : Operation 83 [1/1] (0.00ns)   --->   "%br_ln45 = br void %.split24" [reduce.cpp:45]   --->   Operation 83 'br' 'br_ln45' <Predicate = (trunc_ln45_1 == 3)> <Delay = 0.00>


============================================================
+ Verbose Summary: Binding
============================================================
STG Binding: 
---------------- STG Properties BEGIN ----------------
- Is combinational: 0
- Is one-state seq: 0
- Is datapath-only: 0
- Is pipelined: 0
- Is top level: 0
Port [ Return ] is wired: 1; IO mode=ap_ctrl_hs:ce=0
Port [ accum_3_0_reload]:  wired=1; compound=0; hidden=0; nouse=0; global=0; static=0; extern=0; dir=0; type=0; pingpong=0; private_global=0; IO mode=ap_none:ce=0
Port [ accum_2_0_reload]:  wired=1; compound=0; hidden=0; nouse=0; global=0; static=0; extern=0; dir=0; type=0; pingpong=0; private_global=0; IO mode=ap_none:ce=0
Port [ accum_1_0_reload]:  wired=1; compound=0; hidden=0; nouse=0; global=0; static=0; extern=0; dir=0; type=0; pingpong=0; private_global=0; IO mode=ap_none:ce=0
Port [ accum_0_0_reload]:  wired=1; compound=0; hidden=0; nouse=0; global=0; static=0; extern=0; dir=0; type=0; pingpong=0; private_global=0; IO mode=ap_none:ce=0
Port [ accum_load_1145_reload]:  wired=1; compound=0; hidden=0; nouse=0; global=0; static=0; extern=0; dir=0; type=0; pingpong=0; private_global=0; IO mode=ap_none:ce=0
Port [ accum_load_1041_reload]:  wired=1; compound=0; hidden=0; nouse=0; global=0; static=0; extern=0; dir=0; type=0; pingpong=0; private_global=0; IO mode=ap_none:ce=0
Port [ accum_load_937_reload]:  wired=1; compound=0; hidden=0; nouse=0; global=0; static=0; extern=0; dir=0; type=0; pingpong=0; private_global=0; IO mode=ap_none:ce=0
Port [ accum_load33_reload]:  wired=1; compound=0; hidden=0; nouse=0; global=0; static=0; extern=0; dir=0; type=0; pingpong=0; private_global=0; IO mode=ap_none:ce=0
Port [ A]:  wired=1; compound=1; hidden=0; nouse=0; global=0; static=0; extern=0; dir=0; type=1; pingpong=0; private_global=0; MemPort=[13]; IO mode=ap_memory:ce=0
Port [ accum_load_11_out]:  wired=1; compound=0; hidden=0; nouse=0; global=0; static=0; extern=0; dir=1; type=0; pingpong=0; private_global=0; IO mode=ap_vld:ce=0
Port [ accum_load_10_out]:  wired=1; compound=0; hidden=0; nouse=0; global=0; static=0; extern=0; dir=1; type=0; pingpong=0; private_global=0; IO mode=ap_vld:ce=0
Port [ accum_load_9_out]:  wired=1; compound=0; hidden=0; nouse=0; global=0; static=0; extern=0; dir=1; type=0; pingpong=0; private_global=0; IO mode=ap_vld:ce=0
Port [ accum_load_out]:  wired=1; compound=0; hidden=0; nouse=0; global=0; static=0; extern=0; dir=1; type=0; pingpong=0; private_global=0; IO mode=ap_vld:ce=0
---------------- STG Properties END ------------------

---------------- Datapath Model BEGIN ----------------

<LifeTime>
<method=bitvector/>
j                           (alloca           ) [ 010000000000]
accum_1                     (alloca           ) [ 011111111111]
accum_1_1                   (alloca           ) [ 011111111111]
accum_1_3                   (alloca           ) [ 011111111111]
accum_1_4                   (alloca           ) [ 011111111111]
accum_1_5                   (alloca           ) [ 011111111111]
accum_1_2                   (alloca           ) [ 011111111111]
accum_1_6                   (alloca           ) [ 011111111111]
accum_1_7                   (alloca           ) [ 011111111111]
specinterface_ln0           (specinterface    ) [ 000000000000]
accum_load33_reload_read    (read             ) [ 000000000000]
accum_load_937_reload_read  (read             ) [ 000000000000]
accum_load_1041_reload_read (read             ) [ 000000000000]
accum_load_1145_reload_read (read             ) [ 000000000000]
accum_0_0_reload_read       (read             ) [ 000000000000]
accum_1_0_reload_read       (read             ) [ 000000000000]
accum_2_0_reload_read       (read             ) [ 000000000000]
accum_3_0_reload_read       (read             ) [ 000000000000]
store_ln0                   (store            ) [ 000000000000]
store_ln0                   (store            ) [ 000000000000]
store_ln0                   (store            ) [ 000000000000]
store_ln0                   (store            ) [ 000000000000]
store_ln0                   (store            ) [ 000000000000]
store_ln0                   (store            ) [ 000000000000]
store_ln0                   (store            ) [ 000000000000]
store_ln0                   (store            ) [ 000000000000]
store_ln0                   (store            ) [ 000000000000]
br_ln0                      (br               ) [ 000000000000]
j_3                         (load             ) [ 000000000000]
specpipeline_ln0            (specpipeline     ) [ 000000000000]
icmp_ln44                   (icmp             ) [ 011111111100]
empty                       (speclooptripcount) [ 000000000000]
add_ln44                    (add              ) [ 000000000000]
br_ln44                     (br               ) [ 000000000000]
trunc_ln45                  (trunc            ) [ 000000000000]
zext_ln45                   (zext             ) [ 000000000000]
A_addr                      (getelementptr    ) [ 001000000000]
trunc_ln45_1                (trunc            ) [ 011111111111]
switch_ln45                 (switch           ) [ 000000000000]
store_ln44                  (store            ) [ 000000000000]
br_ln0                      (br               ) [ 000000000000]
accum_1_5_load              (load             ) [ 000000000000]
accum_1_2_load              (load             ) [ 000000000000]
accum_1_6_load              (load             ) [ 000000000000]
accum_1_7_load              (load             ) [ 000000000000]
A_load                      (load             ) [ 000100000000]
tmp                         (mux              ) [ 010111111110]
bitcast_ln45                (bitcast          ) [ 010011111110]
specloopname_ln44           (specloopname     ) [ 000000000000]
accum_1_9                   (fadd             ) [ 001000000001]
store_ln45                  (store            ) [ 000000000000]
store_ln45                  (store            ) [ 000000000000]
br_ln45                     (br               ) [ 000000000000]
store_ln45                  (store            ) [ 000000000000]
store_ln45                  (store            ) [ 000000000000]
br_ln45                     (br               ) [ 000000000000]
store_ln45                  (store            ) [ 000000000000]
store_ln45                  (store            ) [ 000000000000]
br_ln45                     (br               ) [ 000000000000]
store_ln45                  (store            ) [ 000000000000]
store_ln45                  (store            ) [ 000000000000]
br_ln45                     (br               ) [ 000000000000]
accum_1_load                (load             ) [ 000000000000]
accum_1_1_load              (load             ) [ 000000000000]
accum_1_3_load              (load             ) [ 000000000000]
accum_1_4_load              (load             ) [ 000000000000]
write_ln0                   (write            ) [ 000000000000]
write_ln0                   (write            ) [ 000000000000]
write_ln0                   (write            ) [ 000000000000]
write_ln0                   (write            ) [ 000000000000]
ret_ln0                     (ret              ) [ 000000000000]
</LifeTime>

<model>

<comp_list>
<comp id="0" class="1000" name="accum_3_0_reload">
<pin_list>
<pin id="1" dir="1" index="0" bw="1" slack="0"/>
</pin_list>
<bind>
<StgValue><ssdm name="accum_3_0_reload"/></StgValue>
</bind>
</comp>

<comp id="2" class="1000" name="accum_2_0_reload">
<pin_list>
<pin id="3" dir="1" index="0" bw="1" slack="0"/>
</pin_list>
<bind>
<StgValue><ssdm name="accum_2_0_reload"/></StgValue>
</bind>
</comp>

<comp id="4" class="1000" name="accum_1_0_reload">
<pin_list>
<pin id="5" dir="1" index="0" bw="1" slack="0"/>
</pin_list>
<bind>
<StgValue><ssdm name="accum_1_0_reload"/></StgValue>
</bind>
</comp>

<comp id="6" class="1000" name="accum_0_0_reload">
<pin_list>
<pin id="7" dir="1" index="0" bw="1" slack="0"/>
</pin_list>
<bind>
<StgValue><ssdm name="accum_0_0_reload"/></StgValue>
</bind>
</comp>

<comp id="8" class="1000" name="accum_load_1145_reload">
<pin_list>
<pin id="9" dir="1" index="0" bw="1" slack="0"/>
</pin_list>
<bind>
<StgValue><ssdm name="accum_load_1145_reload"/></StgValue>
</bind>
</comp>

<comp id="10" class="1000" name="accum_load_1041_reload">
<pin_list>
<pin id="11" dir="1" index="0" bw="1" slack="0"/>
</pin_list>
<bind>
<StgValue><ssdm name="accum_load_1041_reload"/></StgValue>
</bind>
</comp>

<comp id="12" class="1000" name="accum_load_937_reload">
<pin_list>
<pin id="13" dir="1" index="0" bw="1" slack="0"/>
</pin_list>
<bind>
<StgValue><ssdm name="accum_load_937_reload"/></StgValue>
</bind>
</comp>

<comp id="14" class="1000" name="accum_load33_reload">
<pin_list>
<pin id="15" dir="1" index="0" bw="1" slack="0"/>
</pin_list>
<bind>
<StgValue><ssdm name="accum_load33_reload"/></StgValue>
</bind>
</comp>

<comp id="16" class="1000" name="A">
<pin_list>
<pin id="17" dir="1" index="0" bw="1" slack="0"/>
</pin_list>
<bind>
<StgValue><ssdm name="A"/><MemPortTyVec>1 3 </MemPortTyVec>
</StgValue>
</bind>
</comp>

<comp id="18" class="1000" name="accum_load_11_out">
<pin_list>
<pin id="19" dir="1" index="0" bw="1" slack="0"/>
</pin_list>
<bind>
<StgValue><ssdm name="accum_load_11_out"/></StgValue>
</bind>
</comp>

<comp id="20" class="1000" name="accum_load_10_out">
<pin_list>
<pin id="21" dir="1" index="0" bw="1" slack="0"/>
</pin_list>
<bind>
<StgValue><ssdm name="accum_load_10_out"/></StgValue>
</bind>
</comp>

<comp id="22" class="1000" name="accum_load_9_out">
<pin_list>
<pin id="23" dir="1" index="0" bw="1" slack="0"/>
</pin_list>
<bind>
<StgValue><ssdm name="accum_load_9_out"/></StgValue>
</bind>
</comp>

<comp id="24" class="1000" name="accum_load_out">
<pin_list>
<pin id="25" dir="1" index="0" bw="1" slack="0"/>
</pin_list>
<bind>
<StgValue><ssdm name="accum_load_out"/></StgValue>
</bind>
</comp>

<comp id="26" class="1001" name="const_26">
<pin_list>
<pin id="27" dir="1" index="0" bw="1" slack="0"/>
</pin_list>
<bind>
<StgValue><ssdm name=""/></StgValue>
</bind>
</comp>

<comp id="28" class="1001" name="const_28">
<pin_list>
<pin id="29" dir="1" index="0" bw="1" slack="2147483647"/>
</pin_list>
<bind>
<StgValue><ssdm name="_ssdm_op_SpecInterface"/></StgValue>
</bind>
</comp>

<comp id="30" class="1001" name="const_30">
<pin_list>
<pin id="31" dir="1" index="0" bw="1" slack="2147483647"/>
</pin_list>
<bind>
<StgValue><ssdm name="empty"/></StgValue>
</bind>
</comp>

<comp id="32" class="1001" name="const_32">
<pin_list>
<pin id="33" dir="1" index="0" bw="1" slack="2147483647"/>
</pin_list>
<bind>
<StgValue><ssdm name=""/></StgValue>
</bind>
</comp>

<comp id="34" class="1001" name="const_34">
<pin_list>
<pin id="35" dir="1" index="0" bw="1" slack="2147483647"/>
</pin_list>
<bind>
<StgValue><ssdm name="empty_0"/></StgValue>
</bind>
</comp>

<comp id="36" class="1001" name="const_36">
<pin_list>
<pin id="37" dir="1" index="0" bw="1" slack="2147483647"/>
</pin_list>
<bind>
<StgValue><ssdm name=""/></StgValue>
</bind>
</comp>

<comp id="38" class="1001" name="const_38">
<pin_list>
<pin id="39" dir="1" index="0" bw="1" slack="0"/>
</pin_list>
<bind>
<StgValue><ssdm name="_ssdm_op_Read.ap_auto.float"/></StgValue>
</bind>
</comp>

<comp id="40" class="1001" name="const_40">
<pin_list>
<pin id="41" dir="1" index="0" bw="1" slack="0"/>
</pin_list>
<bind>
<StgValue><ssdm name=""/></StgValue>
</bind>
</comp>

<comp id="42" class="1001" name="const_42">
<pin_list>
<pin id="43" dir="1" index="0" bw="1" slack="2147483647"/>
</pin_list>
<bind>
<StgValue><ssdm name="_ssdm_op_SpecPipeline"/></StgValue>
</bind>
</comp>

<comp id="44" class="1001" name="const_44">
<pin_list>
<pin id="45" dir="1" index="0" bw="1" slack="2147483647"/>
</pin_list>
<bind>
<StgValue><ssdm name="p_str"/></StgValue>
</bind>
</comp>

<comp id="46" class="1001" name="const_46">
<pin_list>
<pin id="47" dir="1" index="0" bw="1" slack="0"/>
</pin_list>
<bind>
<StgValue><ssdm name=""/></StgValue>
</bind>
</comp>

<comp id="48" class="1001" name="const_48">
<pin_list>
<pin id="49" dir="1" index="0" bw="1" slack="2147483647"/>
</pin_list>
<bind>
<StgValue><ssdm name="_ssdm_op_SpecLoopTripCount"/></StgValue>
</bind>
</comp>

<comp id="50" class="1001" name="const_50">
<pin_list>
<pin id="51" dir="1" index="0" bw="1" slack="2147483647"/>
</pin_list>
<bind>
<StgValue><ssdm name=""/></StgValue>
</bind>
</comp>

<comp id="52" class="1001" name="const_52">
<pin_list>
<pin id="53" dir="1" index="0" bw="1" slack="0"/>
</pin_list>
<bind>
<StgValue><ssdm name=""/></StgValue>
</bind>
</comp>

<comp id="54" class="1001" name="const_54">
<pin_list>
<pin id="55" dir="1" index="0" bw="1" slack="0"/>
</pin_list>
<bind>
<StgValue><ssdm name=""/></StgValue>
</bind>
</comp>

<comp id="56" class="1001" name="const_56">
<pin_list>
<pin id="57" dir="1" index="0" bw="1" slack="2147483647"/>
</pin_list>
<bind>
<StgValue><ssdm name=""/></StgValue>
</bind>
</comp>

<comp id="58" class="1001" name="const_58">
<pin_list>
<pin id="59" dir="1" index="0" bw="1" slack="2147483647"/>
</pin_list>
<bind>
<StgValue><ssdm name=""/></StgValue>
</bind>
</comp>

<comp id="60" class="1001" name="const_60">
<pin_list>
<pin id="61" dir="1" index="0" bw="1" slack="2147483647"/>
</pin_list>
<bind>
<StgValue><ssdm name=""/></StgValue>
</bind>
</comp>

<comp id="62" class="1001" name="const_62">
<pin_list>
<pin id="63" dir="1" index="0" bw="1" slack="0"/>
</pin_list>
<bind>
<StgValue><ssdm name="_ssdm_op_Mux.ap_auto.4float.i2"/></StgValue>
</bind>
</comp>

<comp id="64" class="1001" name="const_64">
<pin_list>
<pin id="65" dir="1" index="0" bw="1" slack="2147483647"/>
</pin_list>
<bind>
<StgValue><ssdm name="_ssdm_op_SpecLoopName"/></StgValue>
</bind>
</comp>

<comp id="66" class="1001" name="const_66">
<pin_list>
<pin id="67" dir="1" index="0" bw="1" slack="2147483647"/>
</pin_list>
<bind>
<StgValue><ssdm name="empty_5"/></StgValue>
</bind>
</comp>

<comp id="68" class="1001" name="const_68">
<pin_list>
<pin id="69" dir="1" index="0" bw="1" slack="0"/>
</pin_list>
<bind>
<StgValue><ssdm name="_ssdm_op_Write.ap_auto.floatP0A"/></StgValue>
</bind>
</comp>

<comp id="70" class="1004" name="j_fu_70">
<pin_list>
<pin id="71" dir="0" index="0" bw="1" slack="0"/>
<pin id="72" dir="1" index="1" bw="11" slack="0"/>
</pin_list>
<bind>
<opcode="alloca(26) " fcode="alloca"/>
<opset="j/1 "/>
</bind>
</comp>

<comp id="74" class="1004" name="accum_1_fu_74">
<pin_list>
<pin id="75" dir="0" index="0" bw="1" slack="0"/>
<pin id="76" dir="1" index="1" bw="32" slack="0"/>
</pin_list>
<bind>
<opcode="alloca(26) " fcode="alloca"/>
<opset="accum_1/1 "/>
</bind>
</comp>

<comp id="78" class="1004" name="accum_1_1_fu_78">
<pin_list>
<pin id="79" dir="0" index="0" bw="1" slack="0"/>
<pin id="80" dir="1" index="1" bw="32" slack="0"/>
</pin_list>
<bind>
<opcode="alloca(26) " fcode="alloca"/>
<opset="accum_1_1/1 "/>
</bind>
</comp>

<comp id="82" class="1004" name="accum_1_3_fu_82">
<pin_list>
<pin id="83" dir="0" index="0" bw="1" slack="0"/>
<pin id="84" dir="1" index="1" bw="32" slack="0"/>
</pin_list>
<bind>
<opcode="alloca(26) " fcode="alloca"/>
<opset="accum_1_3/1 "/>
</bind>
</comp>

<comp id="86" class="1004" name="accum_1_4_fu_86">
<pin_list>
<pin id="87" dir="0" index="0" bw="1" slack="0"/>
<pin id="88" dir="1" index="1" bw="32" slack="0"/>
</pin_list>
<bind>
<opcode="alloca(26) " fcode="alloca"/>
<opset="accum_1_4/1 "/>
</bind>
</comp>

<comp id="90" class="1004" name="accum_1_5_fu_90">
<pin_list>
<pin id="91" dir="0" index="0" bw="1" slack="0"/>
<pin id="92" dir="1" index="1" bw="32" slack="0"/>
</pin_list>
<bind>
<opcode="alloca(26) " fcode="alloca"/>
<opset="accum_1_5/1 "/>
</bind>
</comp>

<comp id="94" class="1004" name="accum_1_2_fu_94">
<pin_list>
<pin id="95" dir="0" index="0" bw="1" slack="0"/>
<pin id="96" dir="1" index="1" bw="32" slack="0"/>
</pin_list>
<bind>
<opcode="alloca(26) " fcode="alloca"/>
<opset="accum_1_2/1 "/>
</bind>
</comp>

<comp id="98" class="1004" name="accum_1_6_fu_98">
<pin_list>
<pin id="99" dir="0" index="0" bw="1" slack="0"/>
<pin id="100" dir="1" index="1" bw="32" slack="0"/>
</pin_list>
<bind>
<opcode="alloca(26) " fcode="alloca"/>
<opset="accum_1_6/1 "/>
</bind>
</comp>

<comp id="102" class="1004" name="accum_1_7_fu_102">
<pin_list>
<pin id="103" dir="0" index="0" bw="1" slack="0"/>
<pin id="104" dir="1" index="1" bw="32" slack="0"/>
</pin_list>
<bind>
<opcode="alloca(26) " fcode="alloca"/>
<opset="accum_1_7/1 "/>
</bind>
</comp>

<comp id="106" class="1004" name="accum_load33_reload_read_read_fu_106">
<pin_list>
<pin id="107" dir="0" index="0" bw="32" slack="0"/>
<pin id="108" dir="0" index="1" bw="32" slack="0"/>
<pin id="109" dir="1" index="2" bw="32" slack="0"/>
</pin_list>
<bind>
<opcode="read(1150) " fcode="read"/>
<opset="accum_load33_reload_read/1 "/>
</bind>
</comp>

<comp id="112" class="1004" name="accum_load_937_reload_read_read_fu_112">
<pin_list>
<pin id="113" dir="0" index="0" bw="32" slack="0"/>
<pin id="114" dir="0" index="1" bw="32" slack="0"/>
<pin id="115" dir="1" index="2" bw="32" slack="0"/>
</pin_list>
<bind>
<opcode="read(1150) " fcode="read"/>
<opset="accum_load_937_reload_read/1 "/>
</bind>
</comp>

<comp id="118" class="1004" name="accum_load_1041_reload_read_read_fu_118">
<pin_list>
<pin id="119" dir="0" index="0" bw="32" slack="0"/>
<pin id="120" dir="0" index="1" bw="32" slack="0"/>
<pin id="121" dir="1" index="2" bw="32" slack="0"/>
</pin_list>
<bind>
<opcode="read(1150) " fcode="read"/>
<opset="accum_load_1041_reload_read/1 "/>
</bind>
</comp>

<comp id="124" class="1004" name="accum_load_1145_reload_read_read_fu_124">
<pin_list>
<pin id="125" dir="0" index="0" bw="32" slack="0"/>
<pin id="126" dir="0" index="1" bw="32" slack="0"/>
<pin id="127" dir="1" index="2" bw="32" slack="0"/>
</pin_list>
<bind>
<opcode="read(1150) " fcode="read"/>
<opset="accum_load_1145_reload_read/1 "/>
</bind>
</comp>

<comp id="130" class="1004" name="accum_0_0_reload_read_read_fu_130">
<pin_list>
<pin id="131" dir="0" index="0" bw="32" slack="0"/>
<pin id="132" dir="0" index="1" bw="32" slack="0"/>
<pin id="133" dir="1" index="2" bw="32" slack="0"/>
</pin_list>
<bind>
<opcode="read(1150) " fcode="read"/>
<opset="accum_0_0_reload_read/1 "/>
</bind>
</comp>

<comp id="136" class="1004" name="accum_1_0_reload_read_read_fu_136">
<pin_list>
<pin id="137" dir="0" index="0" bw="32" slack="0"/>
<pin id="138" dir="0" index="1" bw="32" slack="0"/>
<pin id="139" dir="1" index="2" bw="32" slack="0"/>
</pin_list>
<bind>
<opcode="read(1150) " fcode="read"/>
<opset="accum_1_0_reload_read/1 "/>
</bind>
</comp>

<comp id="142" class="1004" name="accum_2_0_reload_read_read_fu_142">
<pin_list>
<pin id="143" dir="0" index="0" bw="32" slack="0"/>
<pin id="144" dir="0" index="1" bw="32" slack="0"/>
<pin id="145" dir="1" index="2" bw="32" slack="0"/>
</pin_list>
<bind>
<opcode="read(1150) " fcode="read"/>
<opset="accum_2_0_reload_read/1 "/>
</bind>
</comp>

<comp id="148" class="1004" name="accum_3_0_reload_read_read_fu_148">
<pin_list>
<pin id="149" dir="0" index="0" bw="32" slack="0"/>
<pin id="150" dir="0" index="1" bw="32" slack="0"/>
<pin id="151" dir="1" index="2" bw="32" slack="0"/>
</pin_list>
<bind>
<opcode="read(1150) " fcode="read"/>
<opset="accum_3_0_reload_read/1 "/>
</bind>
</comp>

<comp id="154" class="1004" name="write_ln0_write_fu_154">
<pin_list>
<pin id="155" dir="0" index="0" bw="0" slack="0"/>
<pin id="156" dir="0" index="1" bw="32" slack="0"/>
<pin id="157" dir="0" index="2" bw="32" slack="0"/>
<pin id="158" dir="1" index="3" bw="0" slack="2147483647"/>
</pin_list>
<bind>
<opcode="write(1151) " fcode="write"/>
<opset="write_ln0/2 "/>
</bind>
</comp>

<comp id="161" class="1004" name="write_ln0_write_fu_161">
<pin_list>
<pin id="162" dir="0" index="0" bw="0" slack="0"/>
<pin id="163" dir="0" index="1" bw="32" slack="0"/>
<pin id="164" dir="0" index="2" bw="32" slack="0"/>
<pin id="165" dir="1" index="3" bw="0" slack="2147483647"/>
</pin_list>
<bind>
<opcode="write(1151) " fcode="write"/>
<opset="write_ln0/2 "/>
</bind>
</comp>

<comp id="168" class="1004" name="write_ln0_write_fu_168">
<pin_list>
<pin id="169" dir="0" index="0" bw="0" slack="0"/>
<pin id="170" dir="0" index="1" bw="32" slack="0"/>
<pin id="171" dir="0" index="2" bw="32" slack="0"/>
<pin id="172" dir="1" index="3" bw="0" slack="2147483647"/>
</pin_list>
<bind>
<opcode="write(1151) " fcode="write"/>
<opset="write_ln0/2 "/>
</bind>
</comp>

<comp id="175" class="1004" name="write_ln0_write_fu_175">
<pin_list>
<pin id="176" dir="0" index="0" bw="0" slack="0"/>
<pin id="177" dir="0" index="1" bw="32" slack="0"/>
<pin id="178" dir="0" index="2" bw="32" slack="0"/>
<pin id="179" dir="1" index="3" bw="0" slack="2147483647"/>
</pin_list>
<bind>
<opcode="write(1151) " fcode="write"/>
<opset="write_ln0/2 "/>
</bind>
</comp>

<comp id="182" class="1004" name="A_addr_gep_fu_182">
<pin_list>
<pin id="183" dir="0" index="0" bw="32" slack="0"/>
<pin id="184" dir="0" index="1" bw="1" slack="0"/>
<pin id="185" dir="0" index="2" bw="10" slack="0"/>
<pin id="186" dir="1" index="3" bw="10" slack="0"/>
</pin_list>
<bind>
<opcode="getelementptr(29) " fcode="getelementptr"/>
<opset="A_addr/1 "/>
</bind>
</comp>

<comp id="189" class="1004" name="grp_access_fu_189">
<pin_list>
<pin id="190" dir="0" index="0" bw="10" slack="0"/>
<pin id="191" dir="0" index="1" bw="32" slack="2147483647"/>
<pin id="192" dir="0" index="2" bw="0" slack="2147483647"/>
<pin id="193" dir="1" index="3" bw="32" slack="1"/>
</pin_list>
<bind>
<opcode="load(27) " fcode="load"/>
<opset="A_load/1 "/>
</bind>
</comp>

<comp id="195" class="1004" name="grp_fu_195">
<pin_list>
<pin id="196" dir="0" index="0" bw="32" slack="1"/>
<pin id="197" dir="0" index="1" bw="32" slack="0"/>
<pin id="198" dir="1" index="2" bw="32" slack="1"/>
</pin_list>
<bind>
<opcode="fadd(9) " fcode="fadd"/>
<opset="accum_1_9/3 "/>
</bind>
</comp>

<comp id="199" class="1004" name="store_ln0_store_fu_199">
<pin_list>
<pin id="200" dir="0" index="0" bw="32" slack="0"/>
<pin id="201" dir="0" index="1" bw="32" slack="0"/>
<pin id="202" dir="1" index="2" bw="0" slack="2147483647"/>
</pin_list>
<bind>
<opcode="store(28) " fcode="store"/>
<opset="store_ln0/1 "/>
</bind>
</comp>

<comp id="204" class="1004" name="store_ln0_store_fu_204">
<pin_list>
<pin id="205" dir="0" index="0" bw="32" slack="0"/>
<pin id="206" dir="0" index="1" bw="32" slack="0"/>
<pin id="207" dir="1" index="2" bw="0" slack="2147483647"/>
</pin_list>
<bind>
<opcode="store(28) " fcode="store"/>
<opset="store_ln0/1 "/>
</bind>
</comp>

<comp id="209" class="1004" name="store_ln0_store_fu_209">
<pin_list>
<pin id="210" dir="0" index="0" bw="32" slack="0"/>
<pin id="211" dir="0" index="1" bw="32" slack="0"/>
<pin id="212" dir="1" index="2" bw="0" slack="2147483647"/>
</pin_list>
<bind>
<opcode="store(28) " fcode="store"/>
<opset="store_ln0/1 "/>
</bind>
</comp>

<comp id="214" class="1004" name="store_ln0_store_fu_214">
<pin_list>
<pin id="215" dir="0" index="0" bw="32" slack="0"/>
<pin id="216" dir="0" index="1" bw="32" slack="0"/>
<pin id="217" dir="1" index="2" bw="0" slack="2147483647"/>
</pin_list>
<bind>
<opcode="store(28) " fcode="store"/>
<opset="store_ln0/1 "/>
</bind>
</comp>

<comp id="219" class="1004" name="store_ln0_store_fu_219">
<pin_list>
<pin id="220" dir="0" index="0" bw="32" slack="0"/>
<pin id="221" dir="0" index="1" bw="32" slack="0"/>
<pin id="222" dir="1" index="2" bw="0" slack="2147483647"/>
</pin_list>
<bind>
<opcode="store(28) " fcode="store"/>
<opset="store_ln0/1 "/>
</bind>
</comp>

<comp id="224" class="1004" name="store_ln0_store_fu_224">
<pin_list>
<pin id="225" dir="0" index="0" bw="32" slack="0"/>
<pin id="226" dir="0" index="1" bw="32" slack="0"/>
<pin id="227" dir="1" index="2" bw="0" slack="2147483647"/>
</pin_list>
<bind>
<opcode="store(28) " fcode="store"/>
<opset="store_ln0/1 "/>
</bind>
</comp>

<comp id="229" class="1004" name="store_ln0_store_fu_229">
<pin_list>
<pin id="230" dir="0" index="0" bw="32" slack="0"/>
<pin id="231" dir="0" index="1" bw="32" slack="0"/>
<pin id="232" dir="1" index="2" bw="0" slack="2147483647"/>
</pin_list>
<bind>
<opcode="store(28) " fcode="store"/>
<opset="store_ln0/1 "/>
</bind>
</comp>

<comp id="234" class="1004" name="store_ln0_store_fu_234">
<pin_list>
<pin id="235" dir="0" index="0" bw="32" slack="0"/>
<pin id="236" dir="0" index="1" bw="32" slack="0"/>
<pin id="237" dir="1" index="2" bw="0" slack="2147483647"/>
</pin_list>
<bind>
<opcode="store(28) " fcode="store"/>
<opset="store_ln0/1 "/>
</bind>
</comp>

<comp id="239" class="1004" name="store_ln0_store_fu_239">
<pin_list>
<pin id="240" dir="0" index="0" bw="1" slack="0"/>
<pin id="241" dir="0" index="1" bw="11" slack="0"/>
<pin id="242" dir="1" index="2" bw="0" slack="2147483647"/>
</pin_list>
<bind>
<opcode="store(28) " fcode="store"/>
<opset="store_ln0/1 "/>
</bind>
</comp>

<comp id="244" class="1004" name="j_3_load_fu_244">
<pin_list>
<pin id="245" dir="0" index="0" bw="11" slack="0"/>
<pin id="246" dir="1" index="1" bw="11" slack="0"/>
</pin_list>
<bind>
<opcode="load(27) " fcode="load"/>
<opset="j_3/1 "/>
</bind>
</comp>

<comp id="247" class="1004" name="icmp_ln44_fu_247">
<pin_list>
<pin id="248" dir="0" index="0" bw="11" slack="0"/>
<pin id="249" dir="0" index="1" bw="11" slack="0"/>
<pin id="250" dir="1" index="2" bw="1" slack="1"/>
</pin_list>
<bind>
<opcode="icmp(45) " fcode="icmp"/>
<opset="icmp_ln44/1 "/>
</bind>
</comp>

<comp id="253" class="1004" name="add_ln44_fu_253">
<pin_list>
<pin id="254" dir="0" index="0" bw="11" slack="0"/>
<pin id="255" dir="0" index="1" bw="1" slack="0"/>
<pin id="256" dir="1" index="2" bw="11" slack="0"/>
</pin_list>
<bind>
<opcode="add(8) " fcode="add"/>
<opset="add_ln44/1 "/>
</bind>
</comp>

<comp id="259" class="1004" name="trunc_ln45_fu_259">
<pin_list>
<pin id="260" dir="0" index="0" bw="11" slack="0"/>
<pin id="261" dir="1" index="1" bw="10" slack="0"/>
</pin_list>
<bind>
<opcode="trunc(33) " fcode="trunc"/>
<opset="trunc_ln45/1 "/>
</bind>
</comp>

<comp id="263" class="1004" name="zext_ln45_fu_263">
<pin_list>
<pin id="264" dir="0" index="0" bw="10" slack="0"/>
<pin id="265" dir="1" index="1" bw="64" slack="0"/>
</pin_list>
<bind>
<opcode="zext(34) " fcode="zext"/>
<opset="zext_ln45/1 "/>
</bind>
</comp>

<comp id="268" class="1004" name="trunc_ln45_1_fu_268">
<pin_list>
<pin id="269" dir="0" index="0" bw="11" slack="0"/>
<pin id="270" dir="1" index="1" bw="2" slack="1"/>
</pin_list>
<bind>
<opcode="trunc(33) " fcode="trunc"/>
<opset="trunc_ln45_1/1 "/>
</bind>
</comp>

<comp id="272" class="1004" name="store_ln44_store_fu_272">
<pin_list>
<pin id="273" dir="0" index="0" bw="11" slack="0"/>
<pin id="274" dir="0" index="1" bw="11" slack="0"/>
<pin id="275" dir="1" index="2" bw="0" slack="2147483647"/>
</pin_list>
<bind>
<opcode="store(28) " fcode="store"/>
<opset="store_ln44/1 "/>
</bind>
</comp>

<comp id="277" class="1004" name="accum_1_5_load_load_fu_277">
<pin_list>
<pin id="278" dir="0" index="0" bw="32" slack="1"/>
<pin id="279" dir="1" index="1" bw="32" slack="0"/>
</pin_list>
<bind>
<opcode="load(27) " fcode="load"/>
<opset="accum_1_5_load/2 "/>
</bind>
</comp>

<comp id="280" class="1004" name="accum_1_2_load_load_fu_280">
<pin_list>
<pin id="281" dir="0" index="0" bw="32" slack="1"/>
<pin id="282" dir="1" index="1" bw="32" slack="0"/>
</pin_list>
<bind>
<opcode="load(27) " fcode="load"/>
<opset="accum_1_2_load/2 "/>
</bind>
</comp>

<comp id="283" class="1004" name="accum_1_6_load_load_fu_283">
<pin_list>
<pin id="284" dir="0" index="0" bw="32" slack="1"/>
<pin id="285" dir="1" index="1" bw="32" slack="0"/>
</pin_list>
<bind>
<opcode="load(27) " fcode="load"/>
<opset="accum_1_6_load/2 "/>
</bind>
</comp>

<comp id="286" class="1004" name="accum_1_7_load_load_fu_286">
<pin_list>
<pin id="287" dir="0" index="0" bw="32" slack="1"/>
<pin id="288" dir="1" index="1" bw="32" slack="0"/>
</pin_list>
<bind>
<opcode="load(27) " fcode="load"/>
<opset="accum_1_7_load/2 "/>
</bind>
</comp>

<comp id="289" class="1004" name="tmp_fu_289">
<pin_list>
<pin id="290" dir="0" index="0" bw="32" slack="0"/>
<pin id="291" dir="0" index="1" bw="32" slack="0"/>
<pin id="292" dir="0" index="2" bw="32" slack="0"/>
<pin id="293" dir="0" index="3" bw="32" slack="0"/>
<pin id="294" dir="0" index="4" bw="32" slack="0"/>
<pin id="295" dir="0" index="5" bw="2" slack="1"/>
<pin id="296" dir="1" index="6" bw="32" slack="1"/>
</pin_list>
<bind>
<opcode="mux(1196) " fcode="mux"/>
<opset="tmp/2 "/>
</bind>
</comp>

<comp id="302" class="1004" name="bitcast_ln45_fu_302">
<pin_list>
<pin id="303" dir="0" index="0" bw="32" slack="1"/>
<pin id="304" dir="1" index="1" bw="32" slack="0"/>
</pin_list>
<bind>
<opcode="bitcast(44) " fcode="bitcast"/>
<opset="bitcast_ln45/3 "/>
</bind>
</comp>

<comp id="306" class="1004" name="store_ln45_store_fu_306">
<pin_list>
<pin id="307" dir="0" index="0" bw="32" slack="1"/>
<pin id="308" dir="0" index="1" bw="32" slack="10"/>
<pin id="309" dir="1" index="2" bw="0" slack="2147483647"/>
</pin_list>
<bind>
<opcode="store(28) " fcode="store"/>
<opset="store_ln45/11 "/>
</bind>
</comp>

<comp id="310" class="1004" name="store_ln45_store_fu_310">
<pin_list>
<pin id="311" dir="0" index="0" bw="32" slack="1"/>
<pin id="312" dir="0" index="1" bw="32" slack="10"/>
<pin id="313" dir="1" index="2" bw="0" slack="2147483647"/>
</pin_list>
<bind>
<opcode="store(28) " fcode="store"/>
<opset="store_ln45/11 "/>
</bind>
</comp>

<comp id="314" class="1004" name="store_ln45_store_fu_314">
<pin_list>
<pin id="315" dir="0" index="0" bw="32" slack="1"/>
<pin id="316" dir="0" index="1" bw="32" slack="10"/>
<pin id="317" dir="1" index="2" bw="0" slack="2147483647"/>
</pin_list>
<bind>
<opcode="store(28) " fcode="store"/>
<opset="store_ln45/11 "/>
</bind>
</comp>

<comp id="318" class="1004" name="store_ln45_store_fu_318">
<pin_list>
<pin id="319" dir="0" index="0" bw="32" slack="1"/>
<pin id="320" dir="0" index="1" bw="32" slack="10"/>
<pin id="321" dir="1" index="2" bw="0" slack="2147483647"/>
</pin_list>
<bind>
<opcode="store(28) " fcode="store"/>
<opset="store_ln45/11 "/>
</bind>
</comp>

<comp id="322" class="1004" name="store_ln45_store_fu_322">
<pin_list>
<pin id="323" dir="0" index="0" bw="32" slack="1"/>
<pin id="324" dir="0" index="1" bw="32" slack="10"/>
<pin id="325" dir="1" index="2" bw="0" slack="2147483647"/>
</pin_list>
<bind>
<opcode="store(28) " fcode="store"/>
<opset="store_ln45/11 "/>
</bind>
</comp>

<comp id="326" class="1004" name="store_ln45_store_fu_326">
<pin_list>
<pin id="327" dir="0" index="0" bw="32" slack="1"/>
<pin id="328" dir="0" index="1" bw="32" slack="10"/>
<pin id="329" dir="1" index="2" bw="0" slack="2147483647"/>
</pin_list>
<bind>
<opcode="store(28) " fcode="store"/>
<opset="store_ln45/11 "/>
</bind>
</comp>

<comp id="330" class="1004" name="store_ln45_store_fu_330">
<pin_list>
<pin id="331" dir="0" index="0" bw="32" slack="1"/>
<pin id="332" dir="0" index="1" bw="32" slack="10"/>
<pin id="333" dir="1" index="2" bw="0" slack="2147483647"/>
</pin_list>
<bind>
<opcode="store(28) " fcode="store"/>
<opset="store_ln45/11 "/>
</bind>
</comp>

<comp id="334" class="1004" name="store_ln45_store_fu_334">
<pin_list>
<pin id="335" dir="0" index="0" bw="32" slack="1"/>
<pin id="336" dir="0" index="1" bw="32" slack="10"/>
<pin id="337" dir="1" index="2" bw="0" slack="2147483647"/>
</pin_list>
<bind>
<opcode="store(28) " fcode="store"/>
<opset="store_ln45/11 "/>
</bind>
</comp>

<comp id="338" class="1004" name="accum_1_load_load_fu_338">
<pin_list>
<pin id="339" dir="0" index="0" bw="32" slack="1"/>
<pin id="340" dir="1" index="1" bw="32" slack="0"/>
</pin_list>
<bind>
<opcode="load(27) " fcode="load"/>
<opset="accum_1_load/2 "/>
</bind>
</comp>

<comp id="342" class="1004" name="accum_1_1_load_load_fu_342">
<pin_list>
<pin id="343" dir="0" index="0" bw="32" slack="1"/>
<pin id="344" dir="1" index="1" bw="32" slack="0"/>
</pin_list>
<bind>
<opcode="load(27) " fcode="load"/>
<opset="accum_1_1_load/2 "/>
</bind>
</comp>

<comp id="346" class="1004" name="accum_1_3_load_load_fu_346">
<pin_list>
<pin id="347" dir="0" index="0" bw="32" slack="1"/>
<pin id="348" dir="1" index="1" bw="32" slack="0"/>
</pin_list>
<bind>
<opcode="load(27) " fcode="load"/>
<opset="accum_1_3_load/2 "/>
</bind>
</comp>

<comp id="350" class="1004" name="accum_1_4_load_load_fu_350">
<pin_list>
<pin id="351" dir="0" index="0" bw="32" slack="1"/>
<pin id="352" dir="1" index="1" bw="32" slack="0"/>
</pin_list>
<bind>
<opcode="load(27) " fcode="load"/>
<opset="accum_1_4_load/2 "/>
</bind>
</comp>

<comp id="354" class="1005" name="j_reg_354">
<pin_list>
<pin id="355" dir="0" index="0" bw="11" slack="0"/>
<pin id="356" dir="1" index="1" bw="11" slack="0"/>
</pin_list>
<bind>
<opset="j "/>
</bind>
</comp>

<comp id="361" class="1005" name="accum_1_reg_361">
<pin_list>
<pin id="362" dir="0" index="0" bw="32" slack="0"/>
<pin id="363" dir="1" index="1" bw="32" slack="0"/>
</pin_list>
<bind>
<opset="accum_1 "/>
</bind>
</comp>

<comp id="368" class="1005" name="accum_1_1_reg_368">
<pin_list>
<pin id="369" dir="0" index="0" bw="32" slack="0"/>
<pin id="370" dir="1" index="1" bw="32" slack="0"/>
</pin_list>
<bind>
<opset="accum_1_1 "/>
</bind>
</comp>

<comp id="375" class="1005" name="accum_1_3_reg_375">
<pin_list>
<pin id="376" dir="0" index="0" bw="32" slack="0"/>
<pin id="377" dir="1" index="1" bw="32" slack="0"/>
</pin_list>
<bind>
<opset="accum_1_3 "/>
</bind>
</comp>

<comp id="382" class="1005" name="accum_1_4_reg_382">
<pin_list>
<pin id="383" dir="0" index="0" bw="32" slack="0"/>
<pin id="384" dir="1" index="1" bw="32" slack="0"/>
</pin_list>
<bind>
<opset="accum_1_4 "/>
</bind>
</comp>

<comp id="389" class="1005" name="accum_1_5_reg_389">
<pin_list>
<pin id="390" dir="0" index="0" bw="32" slack="0"/>
<pin id="391" dir="1" index="1" bw="32" slack="0"/>
</pin_list>
<bind>
<opset="accum_1_5 "/>
</bind>
</comp>

<comp id="396" class="1005" name="accum_1_2_reg_396">
<pin_list>
<pin id="397" dir="0" index="0" bw="32" slack="0"/>
<pin id="398" dir="1" index="1" bw="32" slack="0"/>
</pin_list>
<bind>
<opset="accum_1_2 "/>
</bind>
</comp>

<comp id="403" class="1005" name="accum_1_6_reg_403">
<pin_list>
<pin id="404" dir="0" index="0" bw="32" slack="0"/>
<pin id="405" dir="1" index="1" bw="32" slack="0"/>
</pin_list>
<bind>
<opset="accum_1_6 "/>
</bind>
</comp>

<comp id="410" class="1005" name="accum_1_7_reg_410">
<pin_list>
<pin id="411" dir="0" index="0" bw="32" slack="0"/>
<pin id="412" dir="1" index="1" bw="32" slack="0"/>
</pin_list>
<bind>
<opset="accum_1_7 "/>
</bind>
</comp>

<comp id="417" class="1005" name="icmp_ln44_reg_417">
<pin_list>
<pin id="418" dir="0" index="0" bw="1" slack="1"/>
<pin id="419" dir="1" index="1" bw="1" slack="2147483647"/>
</pin_list>
<bind>
<opset="icmp_ln44 "/>
</bind>
</comp>

<comp id="421" class="1005" name="A_addr_reg_421">
<pin_list>
<pin id="422" dir="0" index="0" bw="10" slack="1"/>
<pin id="423" dir="1" index="1" bw="10" slack="1"/>
</pin_list>
<bind>
<opset="A_addr "/>
</bind>
</comp>

<comp id="426" class="1005" name="trunc_ln45_1_reg_426">
<pin_list>
<pin id="427" dir="0" index="0" bw="2" slack="1"/>
<pin id="428" dir="1" index="1" bw="2" slack="1"/>
</pin_list>
<bind>
<opset="trunc_ln45_1 "/>
</bind>
</comp>

<comp id="431" class="1005" name="A_load_reg_431">
<pin_list>
<pin id="432" dir="0" index="0" bw="32" slack="1"/>
<pin id="433" dir="1" index="1" bw="32" slack="1"/>
</pin_list>
<bind>
<opset="A_load "/>
</bind>
</comp>

<comp id="436" class="1005" name="tmp_reg_436">
<pin_list>
<pin id="437" dir="0" index="0" bw="32" slack="1"/>
<pin id="438" dir="1" index="1" bw="32" slack="1"/>
</pin_list>
<bind>
<opset="tmp "/>
</bind>
</comp>

<comp id="441" class="1005" name="bitcast_ln45_reg_441">
<pin_list>
<pin id="442" dir="0" index="0" bw="32" slack="1"/>
<pin id="443" dir="1" index="1" bw="32" slack="1"/>
</pin_list>
<bind>
<opset="bitcast_ln45 "/>
</bind>
</comp>

<comp id="446" class="1005" name="accum_1_9_reg_446">
<pin_list>
<pin id="447" dir="0" index="0" bw="32" slack="1"/>
<pin id="448" dir="1" index="1" bw="32" slack="1"/>
</pin_list>
<bind>
<opset="accum_1_9 "/>
</bind>
</comp>

</comp_list>

<net_list>
<net id="73"><net_src comp="26" pin="0"/><net_sink comp="70" pin=0"/></net>

<net id="77"><net_src comp="26" pin="0"/><net_sink comp="74" pin=0"/></net>

<net id="81"><net_src comp="26" pin="0"/><net_sink comp="78" pin=0"/></net>

<net id="85"><net_src comp="26" pin="0"/><net_sink comp="82" pin=0"/></net>

<net id="89"><net_src comp="26" pin="0"/><net_sink comp="86" pin=0"/></net>

<net id="93"><net_src comp="26" pin="0"/><net_sink comp="90" pin=0"/></net>

<net id="97"><net_src comp="26" pin="0"/><net_sink comp="94" pin=0"/></net>

<net id="101"><net_src comp="26" pin="0"/><net_sink comp="98" pin=0"/></net>

<net id="105"><net_src comp="26" pin="0"/><net_sink comp="102" pin=0"/></net>

<net id="110"><net_src comp="38" pin="0"/><net_sink comp="106" pin=0"/></net>

<net id="111"><net_src comp="14" pin="0"/><net_sink comp="106" pin=1"/></net>

<net id="116"><net_src comp="38" pin="0"/><net_sink comp="112" pin=0"/></net>

<net id="117"><net_src comp="12" pin="0"/><net_sink comp="112" pin=1"/></net>

<net id="122"><net_src comp="38" pin="0"/><net_sink comp="118" pin=0"/></net>

<net id="123"><net_src comp="10" pin="0"/><net_sink comp="118" pin=1"/></net>

<net id="128"><net_src comp="38" pin="0"/><net_sink comp="124" pin=0"/></net>

<net id="129"><net_src comp="8" pin="0"/><net_sink comp="124" pin=1"/></net>

<net id="134"><net_src comp="38" pin="0"/><net_sink comp="130" pin=0"/></net>

<net id="135"><net_src comp="6" pin="0"/><net_sink comp="130" pin=1"/></net>

<net id="140"><net_src comp="38" pin="0"/><net_sink comp="136" pin=0"/></net>

<net id="141"><net_src comp="4" pin="0"/><net_sink comp="136" pin=1"/></net>

<net id="146"><net_src comp="38" pin="0"/><net_sink comp="142" pin=0"/></net>

<net id="147"><net_src comp="2" pin="0"/><net_sink comp="142" pin=1"/></net>

<net id="152"><net_src comp="38" pin="0"/><net_sink comp="148" pin=0"/></net>

<net id="153"><net_src comp="0" pin="0"/><net_sink comp="148" pin=1"/></net>

<net id="159"><net_src comp="68" pin="0"/><net_sink comp="154" pin=0"/></net>

<net id="160"><net_src comp="18" pin="0"/><net_sink comp="154" pin=1"/></net>

<net id="166"><net_src comp="68" pin="0"/><net_sink comp="161" pin=0"/></net>

<net id="167"><net_src comp="20" pin="0"/><net_sink comp="161" pin=1"/></net>

<net id="173"><net_src comp="68" pin="0"/><net_sink comp="168" pin=0"/></net>

<net id="174"><net_src comp="22" pin="0"/><net_sink comp="168" pin=1"/></net>

<net id="180"><net_src comp="68" pin="0"/><net_sink comp="175" pin=0"/></net>

<net id="181"><net_src comp="24" pin="0"/><net_sink comp="175" pin=1"/></net>

<net id="187"><net_src comp="16" pin="0"/><net_sink comp="182" pin=0"/></net>

<net id="188"><net_src comp="54" pin="0"/><net_sink comp="182" pin=1"/></net>

<net id="194"><net_src comp="182" pin="3"/><net_sink comp="189" pin=0"/></net>

<net id="203"><net_src comp="148" pin="2"/><net_sink comp="199" pin=0"/></net>

<net id="208"><net_src comp="142" pin="2"/><net_sink comp="204" pin=0"/></net>

<net id="213"><net_src comp="136" pin="2"/><net_sink comp="209" pin=0"/></net>

<net id="218"><net_src comp="130" pin="2"/><net_sink comp="214" pin=0"/></net>

<net id="223"><net_src comp="124" pin="2"/><net_sink comp="219" pin=0"/></net>

<net id="228"><net_src comp="118" pin="2"/><net_sink comp="224" pin=0"/></net>

<net id="233"><net_src comp="112" pin="2"/><net_sink comp="229" pin=0"/></net>

<net id="238"><net_src comp="106" pin="2"/><net_sink comp="234" pin=0"/></net>

<net id="243"><net_src comp="40" pin="0"/><net_sink comp="239" pin=0"/></net>

<net id="251"><net_src comp="244" pin="1"/><net_sink comp="247" pin=0"/></net>

<net id="252"><net_src comp="46" pin="0"/><net_sink comp="247" pin=1"/></net>

<net id="257"><net_src comp="244" pin="1"/><net_sink comp="253" pin=0"/></net>

<net id="258"><net_src comp="52" pin="0"/><net_sink comp="253" pin=1"/></net>

<net id="262"><net_src comp="244" pin="1"/><net_sink comp="259" pin=0"/></net>

<net id="266"><net_src comp="259" pin="1"/><net_sink comp="263" pin=0"/></net>

<net id="267"><net_src comp="263" pin="1"/><net_sink comp="182" pin=2"/></net>

<net id="271"><net_src comp="244" pin="1"/><net_sink comp="268" pin=0"/></net>

<net id="276"><net_src comp="253" pin="2"/><net_sink comp="272" pin=0"/></net>

<net id="297"><net_src comp="62" pin="0"/><net_sink comp="289" pin=0"/></net>

<net id="298"><net_src comp="277" pin="1"/><net_sink comp="289" pin=1"/></net>

<net id="299"><net_src comp="280" pin="1"/><net_sink comp="289" pin=2"/></net>

<net id="300"><net_src comp="283" pin="1"/><net_sink comp="289" pin=3"/></net>

<net id="301"><net_src comp="286" pin="1"/><net_sink comp="289" pin=4"/></net>

<net id="305"><net_src comp="302" pin="1"/><net_sink comp="195" pin=1"/></net>

<net id="341"><net_src comp="338" pin="1"/><net_sink comp="175" pin=2"/></net>

<net id="345"><net_src comp="342" pin="1"/><net_sink comp="168" pin=2"/></net>

<net id="349"><net_src comp="346" pin="1"/><net_sink comp="161" pin=2"/></net>

<net id="353"><net_src comp="350" pin="1"/><net_sink comp="154" pin=2"/></net>

<net id="357"><net_src comp="70" pin="1"/><net_sink comp="354" pin=0"/></net>

<net id="358"><net_src comp="354" pin="1"/><net_sink comp="239" pin=1"/></net>

<net id="359"><net_src comp="354" pin="1"/><net_sink comp="244" pin=0"/></net>

<net id="360"><net_src comp="354" pin="1"/><net_sink comp="272" pin=1"/></net>

<net id="364"><net_src comp="74" pin="1"/><net_sink comp="361" pin=0"/></net>

<net id="365"><net_src comp="361" pin="1"/><net_sink comp="234" pin=1"/></net>

<net id="366"><net_src comp="361" pin="1"/><net_sink comp="326" pin=1"/></net>

<net id="367"><net_src comp="361" pin="1"/><net_sink comp="338" pin=0"/></net>

<net id="371"><net_src comp="78" pin="1"/><net_sink comp="368" pin=0"/></net>

<net id="372"><net_src comp="368" pin="1"/><net_sink comp="229" pin=1"/></net>

<net id="373"><net_src comp="368" pin="1"/><net_sink comp="318" pin=1"/></net>

<net id="374"><net_src comp="368" pin="1"/><net_sink comp="342" pin=0"/></net>

<net id="378"><net_src comp="82" pin="1"/><net_sink comp="375" pin=0"/></net>

<net id="379"><net_src comp="375" pin="1"/><net_sink comp="224" pin=1"/></net>

<net id="380"><net_src comp="375" pin="1"/><net_sink comp="310" pin=1"/></net>

<net id="381"><net_src comp="375" pin="1"/><net_sink comp="346" pin=0"/></net>

<net id="385"><net_src comp="86" pin="1"/><net_sink comp="382" pin=0"/></net>

<net id="386"><net_src comp="382" pin="1"/><net_sink comp="219" pin=1"/></net>

<net id="387"><net_src comp="382" pin="1"/><net_sink comp="334" pin=1"/></net>

<net id="388"><net_src comp="382" pin="1"/><net_sink comp="350" pin=0"/></net>

<net id="392"><net_src comp="90" pin="1"/><net_sink comp="389" pin=0"/></net>

<net id="393"><net_src comp="389" pin="1"/><net_sink comp="214" pin=1"/></net>

<net id="394"><net_src comp="389" pin="1"/><net_sink comp="277" pin=0"/></net>

<net id="395"><net_src comp="389" pin="1"/><net_sink comp="322" pin=1"/></net>

<net id="399"><net_src comp="94" pin="1"/><net_sink comp="396" pin=0"/></net>

<net id="400"><net_src comp="396" pin="1"/><net_sink comp="209" pin=1"/></net>

<net id="401"><net_src comp="396" pin="1"/><net_sink comp="280" pin=0"/></net>

<net id="402"><net_src comp="396" pin="1"/><net_sink comp="314" pin=1"/></net>

<net id="406"><net_src comp="98" pin="1"/><net_sink comp="403" pin=0"/></net>

<net id="407"><net_src comp="403" pin="1"/><net_sink comp="204" pin=1"/></net>

<net id="408"><net_src comp="403" pin="1"/><net_sink comp="283" pin=0"/></net>

<net id="409"><net_src comp="403" pin="1"/><net_sink comp="306" pin=1"/></net>

<net id="413"><net_src comp="102" pin="1"/><net_sink comp="410" pin=0"/></net>

<net id="414"><net_src comp="410" pin="1"/><net_sink comp="199" pin=1"/></net>

<net id="415"><net_src comp="410" pin="1"/><net_sink comp="286" pin=0"/></net>

<net id="416"><net_src comp="410" pin="1"/><net_sink comp="330" pin=1"/></net>

<net id="420"><net_src comp="247" pin="2"/><net_sink comp="417" pin=0"/></net>

<net id="424"><net_src comp="182" pin="3"/><net_sink comp="421" pin=0"/></net>

<net id="425"><net_src comp="421" pin="1"/><net_sink comp="189" pin=0"/></net>

<net id="429"><net_src comp="268" pin="1"/><net_sink comp="426" pin=0"/></net>

<net id="430"><net_src comp="426" pin="1"/><net_sink comp="289" pin=5"/></net>

<net id="434"><net_src comp="189" pin="3"/><net_sink comp="431" pin=0"/></net>

<net id="435"><net_src comp="431" pin="1"/><net_sink comp="302" pin=0"/></net>

<net id="439"><net_src comp="289" pin="6"/><net_sink comp="436" pin=0"/></net>

<net id="440"><net_src comp="436" pin="1"/><net_sink comp="195" pin=0"/></net>

<net id="444"><net_src comp="302" pin="1"/><net_sink comp="441" pin=0"/></net>

<net id="445"><net_src comp="441" pin="1"/><net_sink comp="195" pin=1"/></net>

<net id="449"><net_src comp="195" pin="2"/><net_sink comp="446" pin=0"/></net>

<net id="450"><net_src comp="446" pin="1"/><net_sink comp="306" pin=0"/></net>

<net id="451"><net_src comp="446" pin="1"/><net_sink comp="310" pin=0"/></net>

<net id="452"><net_src comp="446" pin="1"/><net_sink comp="314" pin=0"/></net>

<net id="453"><net_src comp="446" pin="1"/><net_sink comp="318" pin=0"/></net>

<net id="454"><net_src comp="446" pin="1"/><net_sink comp="322" pin=0"/></net>

<net id="455"><net_src comp="446" pin="1"/><net_sink comp="326" pin=0"/></net>

<net id="456"><net_src comp="446" pin="1"/><net_sink comp="330" pin=0"/></net>

<net id="457"><net_src comp="446" pin="1"/><net_sink comp="334" pin=0"/></net>

</net_list>

</model> 
---------------- Datapath Model END ------------------

* FSMD analyzer results:
  - Output states:
	Port: accum_load_11_out | {2 }
	Port: accum_load_10_out | {2 }
	Port: accum_load_9_out | {2 }
	Port: accum_load_out | {2 }
 - Input state : 
	Port: reduce_accum4_ii_is_3_Pipeline_accum4 : accum_3_0_reload | {1 }
	Port: reduce_accum4_ii_is_3_Pipeline_accum4 : accum_2_0_reload | {1 }
	Port: reduce_accum4_ii_is_3_Pipeline_accum4 : accum_1_0_reload | {1 }
	Port: reduce_accum4_ii_is_3_Pipeline_accum4 : accum_0_0_reload | {1 }
	Port: reduce_accum4_ii_is_3_Pipeline_accum4 : accum_load_1145_reload | {1 }
	Port: reduce_accum4_ii_is_3_Pipeline_accum4 : accum_load_1041_reload | {1 }
	Port: reduce_accum4_ii_is_3_Pipeline_accum4 : accum_load_937_reload | {1 }
	Port: reduce_accum4_ii_is_3_Pipeline_accum4 : accum_load33_reload | {1 }
	Port: reduce_accum4_ii_is_3_Pipeline_accum4 : A | {1 2 }
  - Chain level:
	State 1
		store_ln0 : 1
		j_3 : 1
		icmp_ln44 : 2
		add_ln44 : 2
		br_ln44 : 3
		trunc_ln45 : 2
		zext_ln45 : 3
		A_addr : 4
		A_load : 5
		trunc_ln45_1 : 2
		switch_ln45 : 3
		store_ln44 : 3
	State 2
		tmp : 1
		write_ln0 : 1
		write_ln0 : 1
		write_ln0 : 1
		write_ln0 : 1
	State 3
		accum_1_9 : 1
	State 4
	State 5
	State 6
	State 7
	State 8
	State 9
	State 10
	State 11


============================================================
+ Verbose Summary: Datapath Resource usage 
============================================================

* Functional unit list:
|----------|-----------------------------------------|---------|---------|---------|
| Operation|             Functional Unit             |   DSP   |    FF   |   LUT   |
|----------|-----------------------------------------|---------|---------|---------|
|   fadd   |                grp_fu_195               |    2    |   296   |   239   |
|----------|-----------------------------------------|---------|---------|---------|
|    mux   |                tmp_fu_289               |    0    |    0    |    20   |
|----------|-----------------------------------------|---------|---------|---------|
|    add   |             add_ln44_fu_253             |    0    |    0    |    18   |
|----------|-----------------------------------------|---------|---------|---------|
|   icmp   |             icmp_ln44_fu_247            |    0    |    0    |    11   |
|----------|-----------------------------------------|---------|---------|---------|
|          |   accum_load33_reload_read_read_fu_106  |    0    |    0    |    0    |
|          |  accum_load_937_reload_read_read_fu_112 |    0    |    0    |    0    |
|          | accum_load_1041_reload_read_read_fu_118 |    0    |    0    |    0    |
|   read   | accum_load_1145_reload_read_read_fu_124 |    0    |    0    |    0    |
|          |    accum_0_0_reload_read_read_fu_130    |    0    |    0    |    0    |
|          |    accum_1_0_reload_read_read_fu_136    |    0    |    0    |    0    |
|          |    accum_2_0_reload_read_read_fu_142    |    0    |    0    |    0    |
|          |    accum_3_0_reload_read_read_fu_148    |    0    |    0    |    0    |
|----------|-----------------------------------------|---------|---------|---------|
|          |          write_ln0_write_fu_154         |    0    |    0    |    0    |
|   write  |          write_ln0_write_fu_161         |    0    |    0    |    0    |
|          |          write_ln0_write_fu_168         |    0    |    0    |    0    |
|          |          write_ln0_write_fu_175         |    0    |    0    |    0    |
|----------|-----------------------------------------|---------|---------|---------|
|   trunc  |            trunc_ln45_fu_259            |    0    |    0    |    0    |
|          |           trunc_ln45_1_fu_268           |    0    |    0    |    0    |
|----------|-----------------------------------------|---------|---------|---------|
|   zext   |             zext_ln45_fu_263            |    0    |    0    |    0    |
|----------|-----------------------------------------|---------|---------|---------|
|   Total  |                                         |    2    |   296   |   288   |
|----------|-----------------------------------------|---------|---------|---------|

Memories:
N/A

* Register list:
+--------------------+--------+
|                    |   FF   |
+--------------------+--------+
|   A_addr_reg_421   |   10   |
|   A_load_reg_431   |   32   |
|  accum_1_1_reg_368 |   32   |
|  accum_1_2_reg_396 |   32   |
|  accum_1_3_reg_375 |   32   |
|  accum_1_4_reg_382 |   32   |
|  accum_1_5_reg_389 |   32   |
|  accum_1_6_reg_403 |   32   |
|  accum_1_7_reg_410 |   32   |
|  accum_1_9_reg_446 |   32   |
|   accum_1_reg_361  |   32   |
|bitcast_ln45_reg_441|   32   |
|  icmp_ln44_reg_417 |    1   |
|      j_reg_354     |   11   |
|     tmp_reg_436    |   32   |
|trunc_ln45_1_reg_426|    2   |
+--------------------+--------+
|        Total       |   408  |
+--------------------+--------+

* Multiplexer (MUX) list: 
|-------------------|------|------|------|--------||---------||---------|
|        Comp       |  Pin | Size |  BW  | S x BW ||  Delay  ||   LUT   |
|-------------------|------|------|------|--------||---------||---------|
| grp_access_fu_189 |  p0  |   2  |  10  |   20   ||    9    |
|     grp_fu_195    |  p1  |   2  |  32  |   64   ||    9    |
|-------------------|------|------|------|--------||---------||---------|
|       Total       |      |      |      |   84   ||  0.854  ||    18   |
|-------------------|------|------|------|--------||---------||---------|



* Summary:
+-----------+--------+--------+--------+--------+
|           |   DSP  |  Delay |   FF   |   LUT  |
+-----------+--------+--------+--------+--------+
|  Function |    2   |    -   |   296  |   288  |
|   Memory  |    -   |    -   |    -   |    -   |
|Multiplexer|    -   |    0   |    -   |   18   |
|  Register |    -   |    -   |   408  |    -   |
+-----------+--------+--------+--------+--------+
|   Total   |    2   |    0   |   704  |   306  |
+-----------+--------+--------+--------+--------+
