

================================================================
== Vitis HLS Report for 'top'
================================================================
* Date:           Sun Jul 10 12:43:27 2022

* Version:        2021.2 (Build 3367213 on Tue Oct 19 02:47:39 MDT 2021)
* Project:        reduce_example
* Solution:       solution1 (Vivado IP Flow Target)
* Product family: zynquplus
* Target device:  xczu7ev-ffvc1156-2-e


================================================================
== Performance Estimates
================================================================
+ Timing: 
    * Summary: 
    +--------+---------+----------+------------+
    |  Clock |  Target | Estimated| Uncertainty|
    +--------+---------+----------+------------+
    |ap_clk  |  5.00 ns|  3.857 ns|     1.35 ns|
    +--------+---------+----------+------------+

+ Latency: 
    * Summary: 
    +---------+---------+----------+----------+-------+-------+---------+
    |  Latency (cycles) |  Latency (absolute) |    Interval   | Pipeline|
    |   min   |   max   |    min   |    max   |  min  |  max  |   Type  |
    +---------+---------+----------+----------+-------+-------+---------+
    |    28843|    28843|  0.144 ms|  0.144 ms|  28844|  28844|       no|
    +---------+---------+----------+----------+-------+-------+---------+

    + Detail: 
        * Instance: 
        N/A

        * Loop: 
        N/A

============================================================
+ Verbose Summary: Synthesis Manager
============================================================
InlineROM: 1
ExposeGlobal: 0
============================================================
+ Verbose Summary: CDFG Model
============================================================
IsTopModel: 1
ResetActiveHigh: 1
IsCombinational: 0
IsDatapathOnly: 0
HasWiredReturn: 1
HasMFsm: 0
HasVarLatency: 1
IsPipeline: 0
IsRtlPipelined: 0
IsInstanceOverlapped: 0
IsDontTouch: 0
HasImplIP: 0
IsGatedGlobalClock: 0


============================================================
+ Verbose Summary: Schedule
============================================================
* Number of FSM states : 33
* Pipeline : 0
* Dataflow Pipeline: 0

* FSM state transitions: 
1 --> 2 
2 --> 3 
3 --> 4 
4 --> 5 
5 --> 6 
6 --> 7 
7 --> 8 
8 --> 9 
9 --> 10 
10 --> 11 
11 --> 12 
12 --> 13 
13 --> 14 
14 --> 15 
15 --> 16 
16 --> 17 
17 --> 18 
18 --> 19 
19 --> 20 
20 --> 21 
21 --> 22 
22 --> 23 
23 --> 24 
24 --> 25 
25 --> 26 
26 --> 27 
27 --> 28 
28 --> 29 
29 --> 30 
30 --> 31 
31 --> 32 
32 --> 33 
33 --> 

* FSM state operations: 

State 1 <SV = 0> <Delay = 0.00>
ST_1 : Operation 34 [2/2] (0.00ns)   --->   "%tmp = call i32 @reduce_basic_ii_is_3, i32 %A" [reduce.cpp:64]   --->   Operation 34 'call' 'tmp' <Predicate = true> <Delay = 0.00> <CoreType = "Generic">   --->   Core 0 '' <Latency = 0> <II = 1> <Delay = 1.00> <Generic> <Opcode : >

State 2 <SV = 1> <Delay = 3.45>
ST_2 : Operation 35 [1/2] (0.00ns)   --->   "%tmp = call i32 @reduce_basic_ii_is_3, i32 %A" [reduce.cpp:64]   --->   Operation 35 'call' 'tmp' <Predicate = true> <Delay = 0.00> <CoreType = "Generic">   --->   Core 0 '' <Latency = 0> <II = 1> <Delay = 1.00> <Generic> <Opcode : >
ST_2 : Operation 36 [8/8] (3.45ns)   --->   "%accum = fadd i32 %tmp, i32 0" [reduce.cpp:64]   --->   Operation 36 'fadd' 'accum' <Predicate = true> <Delay = 3.45> <CoreInst = "FAddSub_fulldsp">   --->   Core 18 'FAddSub_fulldsp' <Latency = 7> <II = 1> <Delay = 3.45> <FuncUnit> <Opcode : 'fadd' 'fsub'> <InPorts = 2> <OutPorts = 1>

State 3 <SV = 2> <Delay = 3.45>
ST_3 : Operation 37 [7/8] (3.45ns)   --->   "%accum = fadd i32 %tmp, i32 0" [reduce.cpp:64]   --->   Operation 37 'fadd' 'accum' <Predicate = true> <Delay = 3.45> <CoreInst = "FAddSub_fulldsp">   --->   Core 18 'FAddSub_fulldsp' <Latency = 7> <II = 1> <Delay = 3.45> <FuncUnit> <Opcode : 'fadd' 'fsub'> <InPorts = 2> <OutPorts = 1>

State 4 <SV = 3> <Delay = 3.45>
ST_4 : Operation 38 [6/8] (3.45ns)   --->   "%accum = fadd i32 %tmp, i32 0" [reduce.cpp:64]   --->   Operation 38 'fadd' 'accum' <Predicate = true> <Delay = 3.45> <CoreInst = "FAddSub_fulldsp">   --->   Core 18 'FAddSub_fulldsp' <Latency = 7> <II = 1> <Delay = 3.45> <FuncUnit> <Opcode : 'fadd' 'fsub'> <InPorts = 2> <OutPorts = 1>

State 5 <SV = 4> <Delay = 3.45>
ST_5 : Operation 39 [5/8] (3.45ns)   --->   "%accum = fadd i32 %tmp, i32 0" [reduce.cpp:64]   --->   Operation 39 'fadd' 'accum' <Predicate = true> <Delay = 3.45> <CoreInst = "FAddSub_fulldsp">   --->   Core 18 'FAddSub_fulldsp' <Latency = 7> <II = 1> <Delay = 3.45> <FuncUnit> <Opcode : 'fadd' 'fsub'> <InPorts = 2> <OutPorts = 1>

State 6 <SV = 5> <Delay = 3.45>
ST_6 : Operation 40 [4/8] (3.45ns)   --->   "%accum = fadd i32 %tmp, i32 0" [reduce.cpp:64]   --->   Operation 40 'fadd' 'accum' <Predicate = true> <Delay = 3.45> <CoreInst = "FAddSub_fulldsp">   --->   Core 18 'FAddSub_fulldsp' <Latency = 7> <II = 1> <Delay = 3.45> <FuncUnit> <Opcode : 'fadd' 'fsub'> <InPorts = 2> <OutPorts = 1>

State 7 <SV = 6> <Delay = 3.45>
ST_7 : Operation 41 [3/8] (3.45ns)   --->   "%accum = fadd i32 %tmp, i32 0" [reduce.cpp:64]   --->   Operation 41 'fadd' 'accum' <Predicate = true> <Delay = 3.45> <CoreInst = "FAddSub_fulldsp">   --->   Core 18 'FAddSub_fulldsp' <Latency = 7> <II = 1> <Delay = 3.45> <FuncUnit> <Opcode : 'fadd' 'fsub'> <InPorts = 2> <OutPorts = 1>

State 8 <SV = 7> <Delay = 3.45>
ST_8 : Operation 42 [2/8] (3.45ns)   --->   "%accum = fadd i32 %tmp, i32 0" [reduce.cpp:64]   --->   Operation 42 'fadd' 'accum' <Predicate = true> <Delay = 3.45> <CoreInst = "FAddSub_fulldsp">   --->   Core 18 'FAddSub_fulldsp' <Latency = 7> <II = 1> <Delay = 3.45> <FuncUnit> <Opcode : 'fadd' 'fsub'> <InPorts = 2> <OutPorts = 1>
ST_8 : Operation 43 [2/2] (0.00ns)   --->   "%tmp_1 = call i32 @reduce_accum2_ii_is_4, i32 %A" [reduce.cpp:66]   --->   Operation 43 'call' 'tmp_1' <Predicate = true> <Delay = 0.00> <CoreType = "Generic">   --->   Core 0 '' <Latency = 0> <II = 1> <Delay = 1.00> <Generic> <Opcode : >

State 9 <SV = 8> <Delay = 3.45>
ST_9 : Operation 44 [1/8] (3.45ns)   --->   "%accum = fadd i32 %tmp, i32 0" [reduce.cpp:64]   --->   Operation 44 'fadd' 'accum' <Predicate = true> <Delay = 3.45> <CoreInst = "FAddSub_fulldsp">   --->   Core 18 'FAddSub_fulldsp' <Latency = 7> <II = 1> <Delay = 3.45> <FuncUnit> <Opcode : 'fadd' 'fsub'> <InPorts = 2> <OutPorts = 1>
ST_9 : Operation 45 [1/2] (3.45ns)   --->   "%tmp_1 = call i32 @reduce_accum2_ii_is_4, i32 %A" [reduce.cpp:66]   --->   Operation 45 'call' 'tmp_1' <Predicate = true> <Delay = 3.45> <CoreType = "Generic">   --->   Core 0 '' <Latency = 0> <II = 1> <Delay = 1.00> <Generic> <Opcode : >

State 10 <SV = 9> <Delay = 3.45>
ST_10 : Operation 46 [8/8] (3.45ns)   --->   "%accum_1 = fadd i32 %accum, i32 %tmp_1" [reduce.cpp:66]   --->   Operation 46 'fadd' 'accum_1' <Predicate = true> <Delay = 3.45> <CoreInst = "FAddSub_fulldsp">   --->   Core 18 'FAddSub_fulldsp' <Latency = 7> <II = 1> <Delay = 3.45> <FuncUnit> <Opcode : 'fadd' 'fsub'> <InPorts = 2> <OutPorts = 1>

State 11 <SV = 10> <Delay = 3.45>
ST_11 : Operation 47 [7/8] (3.45ns)   --->   "%accum_1 = fadd i32 %accum, i32 %tmp_1" [reduce.cpp:66]   --->   Operation 47 'fadd' 'accum_1' <Predicate = true> <Delay = 3.45> <CoreInst = "FAddSub_fulldsp">   --->   Core 18 'FAddSub_fulldsp' <Latency = 7> <II = 1> <Delay = 3.45> <FuncUnit> <Opcode : 'fadd' 'fsub'> <InPorts = 2> <OutPorts = 1>

State 12 <SV = 11> <Delay = 3.45>
ST_12 : Operation 48 [6/8] (3.45ns)   --->   "%accum_1 = fadd i32 %accum, i32 %tmp_1" [reduce.cpp:66]   --->   Operation 48 'fadd' 'accum_1' <Predicate = true> <Delay = 3.45> <CoreInst = "FAddSub_fulldsp">   --->   Core 18 'FAddSub_fulldsp' <Latency = 7> <II = 1> <Delay = 3.45> <FuncUnit> <Opcode : 'fadd' 'fsub'> <InPorts = 2> <OutPorts = 1>

State 13 <SV = 12> <Delay = 3.45>
ST_13 : Operation 49 [5/8] (3.45ns)   --->   "%accum_1 = fadd i32 %accum, i32 %tmp_1" [reduce.cpp:66]   --->   Operation 49 'fadd' 'accum_1' <Predicate = true> <Delay = 3.45> <CoreInst = "FAddSub_fulldsp">   --->   Core 18 'FAddSub_fulldsp' <Latency = 7> <II = 1> <Delay = 3.45> <FuncUnit> <Opcode : 'fadd' 'fsub'> <InPorts = 2> <OutPorts = 1>

State 14 <SV = 13> <Delay = 3.45>
ST_14 : Operation 50 [4/8] (3.45ns)   --->   "%accum_1 = fadd i32 %accum, i32 %tmp_1" [reduce.cpp:66]   --->   Operation 50 'fadd' 'accum_1' <Predicate = true> <Delay = 3.45> <CoreInst = "FAddSub_fulldsp">   --->   Core 18 'FAddSub_fulldsp' <Latency = 7> <II = 1> <Delay = 3.45> <FuncUnit> <Opcode : 'fadd' 'fsub'> <InPorts = 2> <OutPorts = 1>

State 15 <SV = 14> <Delay = 3.45>
ST_15 : Operation 51 [3/8] (3.45ns)   --->   "%accum_1 = fadd i32 %accum, i32 %tmp_1" [reduce.cpp:66]   --->   Operation 51 'fadd' 'accum_1' <Predicate = true> <Delay = 3.45> <CoreInst = "FAddSub_fulldsp">   --->   Core 18 'FAddSub_fulldsp' <Latency = 7> <II = 1> <Delay = 3.45> <FuncUnit> <Opcode : 'fadd' 'fsub'> <InPorts = 2> <OutPorts = 1>

State 16 <SV = 15> <Delay = 3.45>
ST_16 : Operation 52 [2/8] (3.45ns)   --->   "%accum_1 = fadd i32 %accum, i32 %tmp_1" [reduce.cpp:66]   --->   Operation 52 'fadd' 'accum_1' <Predicate = true> <Delay = 3.45> <CoreInst = "FAddSub_fulldsp">   --->   Core 18 'FAddSub_fulldsp' <Latency = 7> <II = 1> <Delay = 3.45> <FuncUnit> <Opcode : 'fadd' 'fsub'> <InPorts = 2> <OutPorts = 1>
ST_16 : Operation 53 [2/2] (0.00ns)   --->   "%tmp_2 = call i32 @reduce_accum4_ii_is_3, i32 %A" [reduce.cpp:68]   --->   Operation 53 'call' 'tmp_2' <Predicate = true> <Delay = 0.00> <CoreType = "Generic">   --->   Core 0 '' <Latency = 0> <II = 1> <Delay = 1.00> <Generic> <Opcode : >

State 17 <SV = 16> <Delay = 3.45>
ST_17 : Operation 54 [1/8] (3.45ns)   --->   "%accum_1 = fadd i32 %accum, i32 %tmp_1" [reduce.cpp:66]   --->   Operation 54 'fadd' 'accum_1' <Predicate = true> <Delay = 3.45> <CoreInst = "FAddSub_fulldsp">   --->   Core 18 'FAddSub_fulldsp' <Latency = 7> <II = 1> <Delay = 3.45> <FuncUnit> <Opcode : 'fadd' 'fsub'> <InPorts = 2> <OutPorts = 1>
ST_17 : Operation 55 [1/2] (3.45ns)   --->   "%tmp_2 = call i32 @reduce_accum4_ii_is_3, i32 %A" [reduce.cpp:68]   --->   Operation 55 'call' 'tmp_2' <Predicate = true> <Delay = 3.45> <CoreType = "Generic">   --->   Core 0 '' <Latency = 0> <II = 1> <Delay = 1.00> <Generic> <Opcode : >

State 18 <SV = 17> <Delay = 3.45>
ST_18 : Operation 56 [8/8] (3.45ns)   --->   "%accum_2 = fadd i32 %accum_1, i32 %tmp_2" [reduce.cpp:68]   --->   Operation 56 'fadd' 'accum_2' <Predicate = true> <Delay = 3.45> <CoreInst = "FAddSub_fulldsp">   --->   Core 18 'FAddSub_fulldsp' <Latency = 7> <II = 1> <Delay = 3.45> <FuncUnit> <Opcode : 'fadd' 'fsub'> <InPorts = 2> <OutPorts = 1>

State 19 <SV = 18> <Delay = 3.45>
ST_19 : Operation 57 [7/8] (3.45ns)   --->   "%accum_2 = fadd i32 %accum_1, i32 %tmp_2" [reduce.cpp:68]   --->   Operation 57 'fadd' 'accum_2' <Predicate = true> <Delay = 3.45> <CoreInst = "FAddSub_fulldsp">   --->   Core 18 'FAddSub_fulldsp' <Latency = 7> <II = 1> <Delay = 3.45> <FuncUnit> <Opcode : 'fadd' 'fsub'> <InPorts = 2> <OutPorts = 1>

State 20 <SV = 19> <Delay = 3.45>
ST_20 : Operation 58 [6/8] (3.45ns)   --->   "%accum_2 = fadd i32 %accum_1, i32 %tmp_2" [reduce.cpp:68]   --->   Operation 58 'fadd' 'accum_2' <Predicate = true> <Delay = 3.45> <CoreInst = "FAddSub_fulldsp">   --->   Core 18 'FAddSub_fulldsp' <Latency = 7> <II = 1> <Delay = 3.45> <FuncUnit> <Opcode : 'fadd' 'fsub'> <InPorts = 2> <OutPorts = 1>

State 21 <SV = 20> <Delay = 3.45>
ST_21 : Operation 59 [5/8] (3.45ns)   --->   "%accum_2 = fadd i32 %accum_1, i32 %tmp_2" [reduce.cpp:68]   --->   Operation 59 'fadd' 'accum_2' <Predicate = true> <Delay = 3.45> <CoreInst = "FAddSub_fulldsp">   --->   Core 18 'FAddSub_fulldsp' <Latency = 7> <II = 1> <Delay = 3.45> <FuncUnit> <Opcode : 'fadd' 'fsub'> <InPorts = 2> <OutPorts = 1>

State 22 <SV = 21> <Delay = 3.45>
ST_22 : Operation 60 [4/8] (3.45ns)   --->   "%accum_2 = fadd i32 %accum_1, i32 %tmp_2" [reduce.cpp:68]   --->   Operation 60 'fadd' 'accum_2' <Predicate = true> <Delay = 3.45> <CoreInst = "FAddSub_fulldsp">   --->   Core 18 'FAddSub_fulldsp' <Latency = 7> <II = 1> <Delay = 3.45> <FuncUnit> <Opcode : 'fadd' 'fsub'> <InPorts = 2> <OutPorts = 1>

State 23 <SV = 22> <Delay = 3.45>
ST_23 : Operation 61 [3/8] (3.45ns)   --->   "%accum_2 = fadd i32 %accum_1, i32 %tmp_2" [reduce.cpp:68]   --->   Operation 61 'fadd' 'accum_2' <Predicate = true> <Delay = 3.45> <CoreInst = "FAddSub_fulldsp">   --->   Core 18 'FAddSub_fulldsp' <Latency = 7> <II = 1> <Delay = 3.45> <FuncUnit> <Opcode : 'fadd' 'fsub'> <InPorts = 2> <OutPorts = 1>

State 24 <SV = 23> <Delay = 3.45>
ST_24 : Operation 62 [2/8] (3.45ns)   --->   "%accum_2 = fadd i32 %accum_1, i32 %tmp_2" [reduce.cpp:68]   --->   Operation 62 'fadd' 'accum_2' <Predicate = true> <Delay = 3.45> <CoreInst = "FAddSub_fulldsp">   --->   Core 18 'FAddSub_fulldsp' <Latency = 7> <II = 1> <Delay = 3.45> <FuncUnit> <Opcode : 'fadd' 'fsub'> <InPorts = 2> <OutPorts = 1>
ST_24 : Operation 63 [2/2] (0.00ns)   --->   "%tmp_3 = call i32 @reduce_accum8_ii_is_1, i32 %A" [reduce.cpp:70]   --->   Operation 63 'call' 'tmp_3' <Predicate = true> <Delay = 0.00> <CoreType = "Generic">   --->   Core 0 '' <Latency = 0> <II = 1> <Delay = 1.00> <Generic> <Opcode : >

State 25 <SV = 24> <Delay = 3.45>
ST_25 : Operation 64 [1/8] (3.45ns)   --->   "%accum_2 = fadd i32 %accum_1, i32 %tmp_2" [reduce.cpp:68]   --->   Operation 64 'fadd' 'accum_2' <Predicate = true> <Delay = 3.45> <CoreInst = "FAddSub_fulldsp">   --->   Core 18 'FAddSub_fulldsp' <Latency = 7> <II = 1> <Delay = 3.45> <FuncUnit> <Opcode : 'fadd' 'fsub'> <InPorts = 2> <OutPorts = 1>
ST_25 : Operation 65 [1/2] (3.45ns)   --->   "%tmp_3 = call i32 @reduce_accum8_ii_is_1, i32 %A" [reduce.cpp:70]   --->   Operation 65 'call' 'tmp_3' <Predicate = true> <Delay = 3.45> <CoreType = "Generic">   --->   Core 0 '' <Latency = 0> <II = 1> <Delay = 1.00> <Generic> <Opcode : >

State 26 <SV = 25> <Delay = 3.45>
ST_26 : Operation 66 [8/8] (3.45ns)   --->   "%accum_3 = fadd i32 %accum_2, i32 %tmp_3" [reduce.cpp:70]   --->   Operation 66 'fadd' 'accum_3' <Predicate = true> <Delay = 3.45> <CoreInst = "FAddSub_fulldsp">   --->   Core 18 'FAddSub_fulldsp' <Latency = 7> <II = 1> <Delay = 3.45> <FuncUnit> <Opcode : 'fadd' 'fsub'> <InPorts = 2> <OutPorts = 1>

State 27 <SV = 26> <Delay = 3.45>
ST_27 : Operation 67 [7/8] (3.45ns)   --->   "%accum_3 = fadd i32 %accum_2, i32 %tmp_3" [reduce.cpp:70]   --->   Operation 67 'fadd' 'accum_3' <Predicate = true> <Delay = 3.45> <CoreInst = "FAddSub_fulldsp">   --->   Core 18 'FAddSub_fulldsp' <Latency = 7> <II = 1> <Delay = 3.45> <FuncUnit> <Opcode : 'fadd' 'fsub'> <InPorts = 2> <OutPorts = 1>

State 28 <SV = 27> <Delay = 3.45>
ST_28 : Operation 68 [6/8] (3.45ns)   --->   "%accum_3 = fadd i32 %accum_2, i32 %tmp_3" [reduce.cpp:70]   --->   Operation 68 'fadd' 'accum_3' <Predicate = true> <Delay = 3.45> <CoreInst = "FAddSub_fulldsp">   --->   Core 18 'FAddSub_fulldsp' <Latency = 7> <II = 1> <Delay = 3.45> <FuncUnit> <Opcode : 'fadd' 'fsub'> <InPorts = 2> <OutPorts = 1>

State 29 <SV = 28> <Delay = 3.45>
ST_29 : Operation 69 [5/8] (3.45ns)   --->   "%accum_3 = fadd i32 %accum_2, i32 %tmp_3" [reduce.cpp:70]   --->   Operation 69 'fadd' 'accum_3' <Predicate = true> <Delay = 3.45> <CoreInst = "FAddSub_fulldsp">   --->   Core 18 'FAddSub_fulldsp' <Latency = 7> <II = 1> <Delay = 3.45> <FuncUnit> <Opcode : 'fadd' 'fsub'> <InPorts = 2> <OutPorts = 1>

State 30 <SV = 29> <Delay = 3.45>
ST_30 : Operation 70 [4/8] (3.45ns)   --->   "%accum_3 = fadd i32 %accum_2, i32 %tmp_3" [reduce.cpp:70]   --->   Operation 70 'fadd' 'accum_3' <Predicate = true> <Delay = 3.45> <CoreInst = "FAddSub_fulldsp">   --->   Core 18 'FAddSub_fulldsp' <Latency = 7> <II = 1> <Delay = 3.45> <FuncUnit> <Opcode : 'fadd' 'fsub'> <InPorts = 2> <OutPorts = 1>

State 31 <SV = 30> <Delay = 3.45>
ST_31 : Operation 71 [3/8] (3.45ns)   --->   "%accum_3 = fadd i32 %accum_2, i32 %tmp_3" [reduce.cpp:70]   --->   Operation 71 'fadd' 'accum_3' <Predicate = true> <Delay = 3.45> <CoreInst = "FAddSub_fulldsp">   --->   Core 18 'FAddSub_fulldsp' <Latency = 7> <II = 1> <Delay = 3.45> <FuncUnit> <Opcode : 'fadd' 'fsub'> <InPorts = 2> <OutPorts = 1>

State 32 <SV = 31> <Delay = 3.45>
ST_32 : Operation 72 [2/8] (3.45ns)   --->   "%accum_3 = fadd i32 %accum_2, i32 %tmp_3" [reduce.cpp:70]   --->   Operation 72 'fadd' 'accum_3' <Predicate = true> <Delay = 3.45> <CoreInst = "FAddSub_fulldsp">   --->   Core 18 'FAddSub_fulldsp' <Latency = 7> <II = 1> <Delay = 3.45> <FuncUnit> <Opcode : 'fadd' 'fsub'> <InPorts = 2> <OutPorts = 1>

State 33 <SV = 32> <Delay = 3.45>
ST_33 : Operation 73 [1/1] (0.00ns)   --->   "%spectopmodule_ln0 = spectopmodule void @_ssdm_op_SpecTopModule, void @empty_2"   --->   Operation 73 'spectopmodule' 'spectopmodule_ln0' <Predicate = true> <Delay = 0.00>
ST_33 : Operation 74 [1/1] (0.00ns)   --->   "%specinterface_ln0 = specinterface void @_ssdm_op_SpecInterface, i32 %A, void @empty, i32 0, i32 0, void @empty_0, i32 4294967295, i32 0, void @empty_0, void @empty_0, void @empty_0, i32 0, i32 0, i32 0, i32 0, void @empty_0, void @empty_0"   --->   Operation 74 'specinterface' 'specinterface_ln0' <Predicate = true> <Delay = 0.00>
ST_33 : Operation 75 [1/1] (0.00ns)   --->   "%specbitsmap_ln0 = specbitsmap void @_ssdm_op_SpecBitsMap, i32 %A"   --->   Operation 75 'specbitsmap' 'specbitsmap_ln0' <Predicate = true> <Delay = 0.00>
ST_33 : Operation 76 [1/1] (0.00ns)   --->   "%specbitsmap_ln0 = specbitsmap void @_ssdm_op_SpecBitsMap, i32 %B"   --->   Operation 76 'specbitsmap' 'specbitsmap_ln0' <Predicate = true> <Delay = 0.00>
ST_33 : Operation 77 [1/1] (0.00ns)   --->   "%specinterface_ln0 = specinterface void @_ssdm_op_SpecInterface, i32 %B, void @empty_1, i32 0, i32 0, void @empty_0, i32 0, i32 0, void @empty_0, void @empty_0, void @empty_0, i32 0, i32 0, i32 0, i32 0, void @empty_0, void @empty_0"   --->   Operation 77 'specinterface' 'specinterface_ln0' <Predicate = true> <Delay = 0.00>
ST_33 : Operation 78 [1/8] (3.45ns)   --->   "%accum_3 = fadd i32 %accum_2, i32 %tmp_3" [reduce.cpp:70]   --->   Operation 78 'fadd' 'accum_3' <Predicate = true> <Delay = 3.45> <CoreInst = "FAddSub_fulldsp">   --->   Core 18 'FAddSub_fulldsp' <Latency = 7> <II = 1> <Delay = 3.45> <FuncUnit> <Opcode : 'fadd' 'fsub'> <InPorts = 2> <OutPorts = 1>
ST_33 : Operation 79 [1/1] (0.00ns)   --->   "%bitcast_ln72 = bitcast i32 %accum_3" [reduce.cpp:72]   --->   Operation 79 'bitcast' 'bitcast_ln72' <Predicate = true> <Delay = 0.00>
ST_33 : Operation 80 [1/1] (0.00ns)   --->   "%write_ln72 = write void @_ssdm_op_Write.ap_auto.i32P0A, i32 %B, i32 %bitcast_ln72" [reduce.cpp:72]   --->   Operation 80 'write' 'write_ln72' <Predicate = true> <Delay = 0.00>
ST_33 : Operation 81 [1/1] (0.00ns)   --->   "%ret_ln73 = ret" [reduce.cpp:73]   --->   Operation 81 'ret' 'ret_ln73' <Predicate = true> <Delay = 0.00>


============================================================
+ Verbose Summary: Timing violations
============================================================
Target clock period: 5ns, clock uncertainty: 1.35ns.

 <State 1>: 0ns
The critical path consists of the following:

 <State 2>: 3.45ns
The critical path consists of the following:
	'call' operation ('tmp', reduce.cpp:64) to 'reduce_basic_ii_is_3' [8]  (0 ns)
	'fadd' operation ('accum', reduce.cpp:64) [9]  (3.45 ns)

 <State 3>: 3.45ns
The critical path consists of the following:
	'fadd' operation ('accum', reduce.cpp:64) [9]  (3.45 ns)

 <State 4>: 3.45ns
The critical path consists of the following:
	'fadd' operation ('accum', reduce.cpp:64) [9]  (3.45 ns)

 <State 5>: 3.45ns
The critical path consists of the following:
	'fadd' operation ('accum', reduce.cpp:64) [9]  (3.45 ns)

 <State 6>: 3.45ns
The critical path consists of the following:
	'fadd' operation ('accum', reduce.cpp:64) [9]  (3.45 ns)

 <State 7>: 3.45ns
The critical path consists of the following:
	'fadd' operation ('accum', reduce.cpp:64) [9]  (3.45 ns)

 <State 8>: 3.45ns
The critical path consists of the following:
	'fadd' operation ('accum', reduce.cpp:64) [9]  (3.45 ns)

 <State 9>: 3.45ns
The critical path consists of the following:
	'fadd' operation ('accum', reduce.cpp:64) [9]  (3.45 ns)

 <State 10>: 3.45ns
The critical path consists of the following:
	'fadd' operation ('accum', reduce.cpp:66) [11]  (3.45 ns)

 <State 11>: 3.45ns
The critical path consists of the following:
	'fadd' operation ('accum', reduce.cpp:66) [11]  (3.45 ns)

 <State 12>: 3.45ns
The critical path consists of the following:
	'fadd' operation ('accum', reduce.cpp:66) [11]  (3.45 ns)

 <State 13>: 3.45ns
The critical path consists of the following:
	'fadd' operation ('accum', reduce.cpp:66) [11]  (3.45 ns)

 <State 14>: 3.45ns
The critical path consists of the following:
	'fadd' operation ('accum', reduce.cpp:66) [11]  (3.45 ns)

 <State 15>: 3.45ns
The critical path consists of the following:
	'fadd' operation ('accum', reduce.cpp:66) [11]  (3.45 ns)

 <State 16>: 3.45ns
The critical path consists of the following:
	'fadd' operation ('accum', reduce.cpp:66) [11]  (3.45 ns)

 <State 17>: 3.45ns
The critical path consists of the following:
	'fadd' operation ('accum', reduce.cpp:66) [11]  (3.45 ns)

 <State 18>: 3.45ns
The critical path consists of the following:
	'fadd' operation ('accum', reduce.cpp:68) [13]  (3.45 ns)

 <State 19>: 3.45ns
The critical path consists of the following:
	'fadd' operation ('accum', reduce.cpp:68) [13]  (3.45 ns)

 <State 20>: 3.45ns
The critical path consists of the following:
	'fadd' operation ('accum', reduce.cpp:68) [13]  (3.45 ns)

 <State 21>: 3.45ns
The critical path consists of the following:
	'fadd' operation ('accum', reduce.cpp:68) [13]  (3.45 ns)

 <State 22>: 3.45ns
The critical path consists of the following:
	'fadd' operation ('accum', reduce.cpp:68) [13]  (3.45 ns)

 <State 23>: 3.45ns
The critical path consists of the following:
	'fadd' operation ('accum', reduce.cpp:68) [13]  (3.45 ns)

 <State 24>: 3.45ns
The critical path consists of the following:
	'fadd' operation ('accum', reduce.cpp:68) [13]  (3.45 ns)

 <State 25>: 3.45ns
The critical path consists of the following:
	'fadd' operation ('accum', reduce.cpp:68) [13]  (3.45 ns)

 <State 26>: 3.45ns
The critical path consists of the following:
	'fadd' operation ('accum', reduce.cpp:70) [15]  (3.45 ns)

 <State 27>: 3.45ns
The critical path consists of the following:
	'fadd' operation ('accum', reduce.cpp:70) [15]  (3.45 ns)

 <State 28>: 3.45ns
The critical path consists of the following:
	'fadd' operation ('accum', reduce.cpp:70) [15]  (3.45 ns)

 <State 29>: 3.45ns
The critical path consists of the following:
	'fadd' operation ('accum', reduce.cpp:70) [15]  (3.45 ns)

 <State 30>: 3.45ns
The critical path consists of the following:
	'fadd' operation ('accum', reduce.cpp:70) [15]  (3.45 ns)

 <State 31>: 3.45ns
The critical path consists of the following:
	'fadd' operation ('accum', reduce.cpp:70) [15]  (3.45 ns)

 <State 32>: 3.45ns
The critical path consists of the following:
	'fadd' operation ('accum', reduce.cpp:70) [15]  (3.45 ns)

 <State 33>: 3.45ns
The critical path consists of the following:
	'fadd' operation ('accum', reduce.cpp:70) [15]  (3.45 ns)


============================================================
+ Verbose Summary: Binding
============================================================
N/A
* FSMD analyzer results:
  - Output states:
 - Input state : 
  - Chain level:
	State 1
	State 2
	State 3
	State 4
	State 5
	State 6
	State 7
	State 8
	State 9
	State 10
	State 11
	State 12
	State 13
	State 14
	State 15
	State 16
	State 17
	State 18
	State 19
	State 20
	State 21
	State 22
	State 23
	State 24
	State 25
	State 26
	State 27
	State 28
	State 29
	State 30
	State 31
	State 32
	State 33


============================================================
+ Verbose Summary: Datapath Resource usage 
============================================================
N/A
