
****** Vitis HLS - High-Level Synthesis from C, C++ and OpenCL v2021.2 (64-bit)
  **** SW Build 3367213 on Tue Oct 19 02:47:39 MDT 2021
  **** IP Build 3369179 on Thu Oct 21 08:25:16 MDT 2021
    ** Copyright 1986-2021 Xilinx, Inc. All Rights Reserved.

source /opt/xilinx/vitis-2021.2/Vitis_HLS/2021.2/scripts/vitis_hls/hls.tcl -notrace
INFO: Applying HLS Y2K22 patch v1.2 for IP revision
INFO: [HLS 200-10] Running '/opt/xilinx/vitis-2021.2/Vitis_HLS/2021.2/bin/unwrapped/lnx64.o/vitis_hls'
INFO: [HLS 200-10] For user 'sx233' on host 'en-ec-brg-zhang-xcel.coecis.cornell.edu' (Linux_x86_64 version 3.10.0-1160.62.1.el7.x86_64) on Sun Jul 10 13:00:12 EDT 2022
INFO: [HLS 200-10] On os "CentOS Linux release 7.9.2009 (Core)"
INFO: [HLS 200-10] In directory '/scratch/users/sx233/dataflow/vitis_hls_expr/mmm'
Sourcing Tcl script 'run.tcl'
INFO: [HLS 200-1510] Running: open_project -reset mmm_example 
INFO: [HLS 200-10] Opening and resetting project '/scratch/users/sx233/dataflow/vitis_hls_expr/mmm/mmm_example'.
WARNING: [HLS 200-40] No /scratch/users/sx233/dataflow/vitis_hls_expr/mmm/mmm_example/solution1/solution1.aps file found.
INFO: [HLS 200-1510] Running: add_files mmm.cpp 
INFO: [HLS 200-10] Adding design file 'mmm.cpp' to the project
INFO: [HLS 200-1510] Running: add_files -tb mmm_test.cpp -cflags -std=gnu++14 
INFO: [HLS 200-10] Adding test bench file 'mmm_test.cpp' to the project
INFO: [HLS 200-1510] Running: set_top top 
INFO: [HLS 200-1510] Running: open_solution -reset solution1 
INFO: [HLS 200-10] Creating and opening solution '/scratch/users/sx233/dataflow/vitis_hls_expr/mmm/mmm_example/solution1'.
INFO: [HLS 200-10] Cleaning up the solution database.
WARNING: [HLS 200-40] No /scratch/users/sx233/dataflow/vitis_hls_expr/mmm/mmm_example/solution1/solution1.aps file found.
INFO: [HLS 200-1505] Using default flow_target 'vivado'
Resolution: For help on HLS 200-1505 see www.xilinx.com/cgi-bin/docs/rdoc?v=2021.2;t=hls+guidance;d=200-1505.html
INFO: [HLS 200-1510] Running: set_part xczu7ev-ffvc1156-2-e 
INFO: [HLS 200-1611] Setting target device to 'xczu7ev-ffvc1156-2-e'
INFO: [HLS 200-1510] Running: create_clock -period 5 
INFO: [SYN 201-201] Setting up clock 'default' with a period of 5ns.
INFO: [HLS 200-1510] Running: csim_design 
INFO: [SIM 211-2] *************** CSIM start ***************
INFO: [SIM 211-4] CSIM will launch GCC as the compiler.
   Compiling ../../../../mmm_test.cpp in debug mode
   Compiling ../../../../mmm.cpp in debug mode
   Generating csim.exe
16729882624.000000
INFO: [SIM 211-1] CSim done with 0 errors.
INFO: [SIM 211-3] *************** CSIM finish ***************
INFO: [HLS 200-111] Finished Command csim_design CPU user time: 0.62 seconds. CPU system time: 0.33 seconds. Elapsed time: 0.98 seconds; current allocated memory: 0.000 MB.
INFO: [HLS 200-1510] Running: csynth_design 
INFO: [HLS 200-111] Finished File checks and directory preparation: CPU user time: 0.01 seconds. CPU system time: 0.01 seconds. Elapsed time: 0.02 seconds; current allocated memory: 264.168 MB.
INFO: [HLS 200-10] Analyzing design file 'mmm.cpp' ... 
INFO: [HLS 200-111] Finished Source Code Analysis and Preprocessing: CPU user time: 0.56 seconds. CPU system time: 0.47 seconds. Elapsed time: 1.06 seconds; current allocated memory: 264.168 MB.
INFO: [HLS 200-777] Using interface defaults for 'Vivado' flow target.
INFO: [HLS 214-284] Auto array partition mode is set into default.
INFO: [HLS 214-188] Unrolling loop 'ak' (mmm.cpp:93:17) in function 'mmm_voodoo' partially with a factor of 2 (mmm.cpp:83:0)
INFO: [HLS 214-188] Unrolling loop 'ak' (mmm.cpp:53:17) in function 'mmm_accum' partially with a factor of 2 (mmm.cpp:43:0)
INFO: [HLS 214-188] Unrolling loop 'ak' (mmm.cpp:73:17) in function 'mmm_accum2' partially with a factor of 2 (mmm.cpp:63:0)
INFO: [HLS 214-188] Unrolling loop 'ak' (mmm.cpp:34:17) in function 'mmm_basic' partially with a factor of 2 (mmm.cpp:26:0)
INFO: [HLS 214-248] Applying array_reshape to 'A': Cyclic reshaping with factor 2 on dimension 2. (mmm.cpp:104:0)
INFO: [HLS 214-248] Applying array_reshape to 'B': Cyclic reshaping with factor 2 on dimension 1. (mmm.cpp:104:0)
INFO: [HLS 214-270] Starting automatic array partition analysis...
INFO: [HLS 200-111] Finished Compiling Optimization and Transform: CPU user time: 4.14 seconds. CPU system time: 0.52 seconds. Elapsed time: 4.68 seconds; current allocated memory: 264.168 MB.
INFO: [HLS 200-111] Finished Checking Pragmas: CPU user time: 0 seconds. CPU system time: 0 seconds. Elapsed time: 0 seconds; current allocated memory: 264.168 MB.
INFO: [HLS 200-10] Starting code transformations ...
INFO: [HLS 200-111] Finished Standard Transforms: CPU user time: 0.03 seconds. CPU system time: 0 seconds. Elapsed time: 0.04 seconds; current allocated memory: 264.168 MB.
INFO: [HLS 200-10] Checking synthesizability ...
INFO: [HLS 200-111] Finished Checking Synthesizability: CPU user time: 0.03 seconds. CPU system time: 0 seconds. Elapsed time: 0.03 seconds; current allocated memory: 264.168 MB.
INFO: [XFORM 203-510] Pipelining loop 'ak' (mmm.cpp:86) in function 'mmm_voodoo' automatically.
INFO: [XFORM 203-510] Pipelining loop 'Loop-2.1.1' in function 'mmm_voodoo' automatically.
INFO: [XFORM 203-510] Pipelining loop 'ak' (mmm.cpp:29) in function 'mmm_basic' automatically.
INFO: [XFORM 203-510] Pipelining loop 'ak' (mmm.cpp:66) in function 'mmm_accum2' automatically.
INFO: [XFORM 203-510] Pipelining loop 'Loop-2.1.1' in function 'mmm_accum2' automatically.
INFO: [XFORM 203-510] Pipelining loop 'ak' (mmm.cpp:46) in function 'mmm_accum' automatically.
INFO: [XFORM 203-102] Automatically partitioning small array 'accum' (mmm.cpp:70) completely based on array size.
INFO: [XFORM 203-101] Partitioning array 'accum' (mmm.cpp:70) in dimension 1 completely.
INFO: [HLS 200-111] Finished Loop, function and other optimizations: CPU user time: 0.15 seconds. CPU system time: 0.01 seconds. Elapsed time: 0.17 seconds; current allocated memory: 328.168 MB.
WARNING: [HLS 200-960] Cannot flatten loop 'aj' (mmm.cpp:90:19) in function 'mmm_voodoo' more than one sub loop.
Resolution: For help on HLS 200-960 see www.xilinx.com/cgi-bin/docs/rdoc?v=2021.2;t=hls+guidance;d=200-960.html
INFO: [XFORM 203-541] Flattening a loop nest 'ai' (mmm.cpp:86:6) in function 'mmm_voodoo'.
WARNING: [HLS 200-960] Cannot flatten loop 'aj' (mmm.cpp:29:9) in function 'mmm_basic' the outer loop is not a perfect loop because there is nontrivial logic in the loop latch.
Resolution: For help on HLS 200-960 see www.xilinx.com/cgi-bin/docs/rdoc?v=2021.2;t=hls+guidance;d=200-960.html
INFO: [XFORM 203-541] Flattening a loop nest 'ai' (mmm.cpp:29:6) in function 'mmm_basic'.
WARNING: [HLS 200-960] Cannot flatten loop 'aj' (mmm.cpp:70:19) in function 'mmm_accum2' more than one sub loop.
Resolution: For help on HLS 200-960 see www.xilinx.com/cgi-bin/docs/rdoc?v=2021.2;t=hls+guidance;d=200-960.html
INFO: [XFORM 203-541] Flattening a loop nest 'ai' (mmm.cpp:66:6) in function 'mmm_accum2'.
WARNING: [HLS 200-960] Cannot flatten loop 'aj' (mmm.cpp:50:19) in function 'mmm_accum' the outer loop is not a perfect loop because there is nontrivial logic in the loop latch.
Resolution: For help on HLS 200-960 see www.xilinx.com/cgi-bin/docs/rdoc?v=2021.2;t=hls+guidance;d=200-960.html
INFO: [XFORM 203-541] Flattening a loop nest 'ai' (mmm.cpp:46:6) in function 'mmm_accum'.
INFO: [HLS 200-472] Inferring partial write operation for 'accum' 
INFO: [HLS 200-472] Inferring partial write operation for 'accum' (mmm.cpp:95:22)
INFO: [HLS 200-111] Finished Architecture Synthesis: CPU user time: 0.13 seconds. CPU system time: 0.04 seconds. Elapsed time: 0.17 seconds; current allocated memory: 392.168 MB.
INFO: [HLS 200-10] Starting hardware synthesis ...
INFO: [HLS 200-10] Synthesizing 'top' ...
INFO: [HLS 200-10] ----------------------------------------------------------------
INFO: [HLS 200-42] -- Implementing module 'mmm_basic_Pipeline_ak' 
INFO: [HLS 200-10] ----------------------------------------------------------------
INFO: [SCHED 204-11] Starting scheduling ...
INFO: [SCHED 204-61] Pipelining loop 'ak'.
WARNING: [HLS 200-880] The II Violation in module 'mmm_basic_Pipeline_ak' (loop 'ak'): Unable to enforce a carried dependence constraint (II = 1, distance = 1, offset = 0) between 'store' operation ('empty_write_ln36', mmm.cpp:36) of variable 'add_1', mmm.cpp:36 on local variable 'empty' and 'load' operation ('p_load', mmm.cpp:36) on local variable 'empty'.
Resolution: For help on HLS 200-880 see www.xilinx.com/cgi-bin/docs/rdoc?v=2021.2;t=hls+guidance;d=200-880.html
WARNING: [HLS 200-880] The II Violation in module 'mmm_basic_Pipeline_ak' (loop 'ak'): Unable to enforce a carried dependence constraint (II = 2, distance = 1, offset = 0) between 'store' operation ('empty_write_ln36', mmm.cpp:36) of variable 'add_1', mmm.cpp:36 on local variable 'empty' and 'load' operation ('p_load', mmm.cpp:36) on local variable 'empty'.
Resolution: For help on HLS 200-880 see www.xilinx.com/cgi-bin/docs/rdoc?v=2021.2;t=hls+guidance;d=200-880.html
WARNING: [HLS 200-880] The II Violation in module 'mmm_basic_Pipeline_ak' (loop 'ak'): Unable to enforce a carried dependence constraint (II = 3, distance = 1, offset = 0) between 'store' operation ('empty_write_ln36', mmm.cpp:36) of variable 'add_1', mmm.cpp:36 on local variable 'empty' and 'load' operation ('p_load', mmm.cpp:36) on local variable 'empty'.
Resolution: For help on HLS 200-880 see www.xilinx.com/cgi-bin/docs/rdoc?v=2021.2;t=hls+guidance;d=200-880.html
WARNING: [HLS 200-880] The II Violation in module 'mmm_basic_Pipeline_ak' (loop 'ak'): Unable to enforce a carried dependence constraint (II = 4, distance = 1, offset = 0) between 'store' operation ('empty_write_ln36', mmm.cpp:36) of variable 'add_1', mmm.cpp:36 on local variable 'empty' and 'load' operation ('p_load', mmm.cpp:36) on local variable 'empty'.
Resolution: For help on HLS 200-880 see www.xilinx.com/cgi-bin/docs/rdoc?v=2021.2;t=hls+guidance;d=200-880.html
WARNING: [HLS 200-880] The II Violation in module 'mmm_basic_Pipeline_ak' (loop 'ak'): Unable to enforce a carried dependence constraint (II = 11, distance = 1, offset = 0) between 'store' operation ('empty_write_ln36', mmm.cpp:36) of variable 'add_1', mmm.cpp:36 on local variable 'empty' and 'load' operation ('p_load', mmm.cpp:36) on local variable 'empty'.
Resolution: For help on HLS 200-880 see www.xilinx.com/cgi-bin/docs/rdoc?v=2021.2;t=hls+guidance;d=200-880.html
WARNING: [HLS 200-880] The II Violation in module 'mmm_basic_Pipeline_ak' (loop 'ak'): Unable to enforce a carried dependence constraint (II = 15, distance = 1, offset = 0) between 'store' operation ('empty_write_ln36', mmm.cpp:36) of variable 'add_1', mmm.cpp:36 on local variable 'empty' and 'load' operation ('p_load', mmm.cpp:36) on local variable 'empty'.
Resolution: For help on HLS 200-880 see www.xilinx.com/cgi-bin/docs/rdoc?v=2021.2;t=hls+guidance;d=200-880.html
INFO: [HLS 200-1470] Pipelining result : Target II = NA, Final II = 16, Depth = 24, loop 'ak'
INFO: [SCHED 204-11] Finished scheduling.
INFO: [HLS 200-111] Finished Scheduling: CPU user time: 0.15 seconds. CPU system time: 0.05 seconds. Elapsed time: 0.22 seconds; current allocated memory: 392.168 MB.
INFO: [BIND 205-100] Starting micro-architecture generation ...
INFO: [BIND 205-101] Performing variable lifetime analysis.
INFO: [BIND 205-101] Exploring resource sharing.
INFO: [BIND 205-101] Binding ...
INFO: [BIND 205-100] Finished micro-architecture generation.
INFO: [HLS 200-111] Finished Binding: CPU user time: 0.19 seconds. CPU system time: 0 seconds. Elapsed time: 0.2 seconds; current allocated memory: 392.168 MB.
INFO: [HLS 200-10] ----------------------------------------------------------------
INFO: [HLS 200-42] -- Implementing module 'mmm_basic' 
INFO: [HLS 200-10] ----------------------------------------------------------------
INFO: [SCHED 204-11] Starting scheduling ...
INFO: [SCHED 204-11] Finished scheduling.
INFO: [HLS 200-111] Finished Scheduling: CPU user time: 0.12 seconds. CPU system time: 0 seconds. Elapsed time: 0.12 seconds; current allocated memory: 392.168 MB.
INFO: [BIND 205-100] Starting micro-architecture generation ...
INFO: [BIND 205-101] Performing variable lifetime analysis.
INFO: [BIND 205-101] Exploring resource sharing.
INFO: [BIND 205-101] Binding ...
INFO: [BIND 205-100] Finished micro-architecture generation.
INFO: [HLS 200-111] Finished Binding: CPU user time: 0.04 seconds. CPU system time: 0.01 seconds. Elapsed time: 0.05 seconds; current allocated memory: 392.168 MB.
INFO: [HLS 200-10] ----------------------------------------------------------------
INFO: [HLS 200-42] -- Implementing module 'mmm_accum2_Pipeline_1' 
INFO: [HLS 200-10] ----------------------------------------------------------------
INFO: [SCHED 204-11] Starting scheduling ...
INFO: [SCHED 204-61] Pipelining loop 'Loop 1'.
INFO: [HLS 200-1470] Pipelining result : Target II = NA, Final II = 1, Depth = 2, loop 'Loop 1'
INFO: [SCHED 204-11] Finished scheduling.
INFO: [HLS 200-111] Finished Scheduling: CPU user time: 0.08 seconds. CPU system time: 0 seconds. Elapsed time: 0.08 seconds; current allocated memory: 392.168 MB.
INFO: [BIND 205-100] Starting micro-architecture generation ...
INFO: [BIND 205-101] Performing variable lifetime analysis.
INFO: [BIND 205-101] Exploring resource sharing.
INFO: [BIND 205-101] Binding ...
INFO: [BIND 205-100] Finished micro-architecture generation.
INFO: [HLS 200-111] Finished Binding: CPU user time: 0.02 seconds. CPU system time: 0 seconds. Elapsed time: 0.02 seconds; current allocated memory: 392.168 MB.
INFO: [HLS 200-10] ----------------------------------------------------------------
INFO: [HLS 200-42] -- Implementing module 'mmm_accum2_Pipeline_ak' 
INFO: [HLS 200-10] ----------------------------------------------------------------
INFO: [SCHED 204-11] Starting scheduling ...
INFO: [SCHED 204-61] Pipelining loop 'ak'.
WARNING: [HLS 200-880] The II Violation in module 'mmm_accum2_Pipeline_ak' (loop 'ak'): Unable to enforce a carried dependence constraint (II = 1, distance = 1, offset = 0) between 'store' operation ('accum_1_write_ln75', mmm.cpp:75) of variable 'accum[1]', mmm.cpp:75 on local variable 'accum[1]' and 'load' operation ('accum_1_load_1', mmm.cpp:75) on local variable 'accum[1]'.
Resolution: For help on HLS 200-880 see www.xilinx.com/cgi-bin/docs/rdoc?v=2021.2;t=hls+guidance;d=200-880.html
WARNING: [HLS 200-880] The II Violation in module 'mmm_accum2_Pipeline_ak' (loop 'ak'): Unable to enforce a carried dependence constraint (II = 2, distance = 1, offset = 0) between 'store' operation ('accum_1_write_ln75', mmm.cpp:75) of variable 'accum[1]', mmm.cpp:75 on local variable 'accum[1]' and 'load' operation ('accum_1_load_1', mmm.cpp:75) on local variable 'accum[1]'.
Resolution: For help on HLS 200-880 see www.xilinx.com/cgi-bin/docs/rdoc?v=2021.2;t=hls+guidance;d=200-880.html
WARNING: [HLS 200-880] The II Violation in module 'mmm_accum2_Pipeline_ak' (loop 'ak'): Unable to enforce a carried dependence constraint (II = 3, distance = 1, offset = 0) between 'store' operation ('accum_1_write_ln75', mmm.cpp:75) of variable 'accum[1]', mmm.cpp:75 on local variable 'accum[1]' and 'load' operation ('accum_1_load_1', mmm.cpp:75) on local variable 'accum[1]'.
Resolution: For help on HLS 200-880 see www.xilinx.com/cgi-bin/docs/rdoc?v=2021.2;t=hls+guidance;d=200-880.html
WARNING: [HLS 200-880] The II Violation in module 'mmm_accum2_Pipeline_ak' (loop 'ak'): Unable to enforce a carried dependence constraint (II = 4, distance = 1, offset = 0) between 'store' operation ('accum_1_write_ln75', mmm.cpp:75) of variable 'accum[1]', mmm.cpp:75 on local variable 'accum[1]' and 'load' operation ('accum_1_load_1', mmm.cpp:75) on local variable 'accum[1]'.
Resolution: For help on HLS 200-880 see www.xilinx.com/cgi-bin/docs/rdoc?v=2021.2;t=hls+guidance;d=200-880.html
WARNING: [HLS 200-880] The II Violation in module 'mmm_accum2_Pipeline_ak' (loop 'ak'): Unable to enforce a carried dependence constraint (II = 11, distance = 1, offset = 0) between 'store' operation ('accum_1_write_ln75', mmm.cpp:75) of variable 'accum[1]', mmm.cpp:75 on local variable 'accum[1]' and 'load' operation ('accum_1_load_1', mmm.cpp:75) on local variable 'accum[1]'.
Resolution: For help on HLS 200-880 see www.xilinx.com/cgi-bin/docs/rdoc?v=2021.2;t=hls+guidance;d=200-880.html
WARNING: [HLS 200-880] The II Violation in module 'mmm_accum2_Pipeline_ak' (loop 'ak'): Unable to enforce a carried dependence constraint (II = 15, distance = 1, offset = 0) between 'store' operation ('accum_1_write_ln75', mmm.cpp:75) of variable 'accum[1]', mmm.cpp:75 on local variable 'accum[1]' and 'load' operation ('accum_1_load_1', mmm.cpp:75) on local variable 'accum[1]'.
Resolution: For help on HLS 200-880 see www.xilinx.com/cgi-bin/docs/rdoc?v=2021.2;t=hls+guidance;d=200-880.html
WARNING: [HLS 200-880] The II Violation in module 'mmm_accum2_Pipeline_ak' (loop 'ak'): Unable to enforce a carried dependence constraint (II = 16, distance = 1, offset = 0) between 'store' operation ('accum_1_write_ln75', mmm.cpp:75) of variable 'accum[1]', mmm.cpp:75 on local variable 'accum[1]' and 'load' operation ('accum_1_load_1', mmm.cpp:75) on local variable 'accum[1]'.
Resolution: For help on HLS 200-880 see www.xilinx.com/cgi-bin/docs/rdoc?v=2021.2;t=hls+guidance;d=200-880.html
INFO: [HLS 200-1470] Pipelining result : Target II = NA, Final II = 17, Depth = 24, loop 'ak'
INFO: [SCHED 204-11] Finished scheduling.
INFO: [HLS 200-111] Finished Scheduling: CPU user time: 0.12 seconds. CPU system time: 0.01 seconds. Elapsed time: 0.12 seconds; current allocated memory: 392.168 MB.
INFO: [BIND 205-100] Starting micro-architecture generation ...
INFO: [BIND 205-101] Performing variable lifetime analysis.
INFO: [BIND 205-101] Exploring resource sharing.
INFO: [BIND 205-101] Binding ...
INFO: [BIND 205-100] Finished micro-architecture generation.
INFO: [HLS 200-111] Finished Binding: CPU user time: 0.15 seconds. CPU system time: 0 seconds. Elapsed time: 0.15 seconds; current allocated memory: 392.168 MB.
INFO: [HLS 200-10] ----------------------------------------------------------------
INFO: [HLS 200-42] -- Implementing module 'mmm_accum2' 
INFO: [HLS 200-10] ----------------------------------------------------------------
INFO: [SCHED 204-11] Starting scheduling ...
INFO: [SCHED 204-11] Finished scheduling.
INFO: [HLS 200-111] Finished Scheduling: CPU user time: 0.15 seconds. CPU system time: 0 seconds. Elapsed time: 0.15 seconds; current allocated memory: 392.168 MB.
INFO: [BIND 205-100] Starting micro-architecture generation ...
INFO: [BIND 205-101] Performing variable lifetime analysis.
INFO: [BIND 205-101] Exploring resource sharing.
INFO: [BIND 205-101] Binding ...
INFO: [BIND 205-100] Finished micro-architecture generation.
INFO: [HLS 200-111] Finished Binding: CPU user time: 0.15 seconds. CPU system time: 0 seconds. Elapsed time: 0.15 seconds; current allocated memory: 392.168 MB.
INFO: [HLS 200-10] ----------------------------------------------------------------
INFO: [HLS 200-42] -- Implementing module 'mmm_accum_Pipeline_ak' 
INFO: [HLS 200-10] ----------------------------------------------------------------
INFO: [SCHED 204-11] Starting scheduling ...
INFO: [SCHED 204-61] Pipelining loop 'ak'.
WARNING: [HLS 200-880] The II Violation in module 'mmm_accum_Pipeline_ak' (loop 'ak'): Unable to enforce a carried dependence constraint (II = 1, distance = 1, offset = 0) between 'store' operation ('accum_write_ln55', mmm.cpp:55) of variable 'accum', mmm.cpp:55 on local variable 'accum' and 'load' operation ('accum_load', mmm.cpp:55) on local variable 'accum'.
Resolution: For help on HLS 200-880 see www.xilinx.com/cgi-bin/docs/rdoc?v=2021.2;t=hls+guidance;d=200-880.html
WARNING: [HLS 200-880] The II Violation in module 'mmm_accum_Pipeline_ak' (loop 'ak'): Unable to enforce a carried dependence constraint (II = 2, distance = 1, offset = 0) between 'store' operation ('accum_write_ln55', mmm.cpp:55) of variable 'accum', mmm.cpp:55 on local variable 'accum' and 'load' operation ('accum_load', mmm.cpp:55) on local variable 'accum'.
Resolution: For help on HLS 200-880 see www.xilinx.com/cgi-bin/docs/rdoc?v=2021.2;t=hls+guidance;d=200-880.html
WARNING: [HLS 200-880] The II Violation in module 'mmm_accum_Pipeline_ak' (loop 'ak'): Unable to enforce a carried dependence constraint (II = 3, distance = 1, offset = 0) between 'store' operation ('accum_write_ln55', mmm.cpp:55) of variable 'accum', mmm.cpp:55 on local variable 'accum' and 'load' operation ('accum_load', mmm.cpp:55) on local variable 'accum'.
Resolution: For help on HLS 200-880 see www.xilinx.com/cgi-bin/docs/rdoc?v=2021.2;t=hls+guidance;d=200-880.html
WARNING: [HLS 200-880] The II Violation in module 'mmm_accum_Pipeline_ak' (loop 'ak'): Unable to enforce a carried dependence constraint (II = 4, distance = 1, offset = 0) between 'store' operation ('accum_write_ln55', mmm.cpp:55) of variable 'accum', mmm.cpp:55 on local variable 'accum' and 'load' operation ('accum_load', mmm.cpp:55) on local variable 'accum'.
Resolution: For help on HLS 200-880 see www.xilinx.com/cgi-bin/docs/rdoc?v=2021.2;t=hls+guidance;d=200-880.html
WARNING: [HLS 200-880] The II Violation in module 'mmm_accum_Pipeline_ak' (loop 'ak'): Unable to enforce a carried dependence constraint (II = 11, distance = 1, offset = 0) between 'store' operation ('accum_write_ln55', mmm.cpp:55) of variable 'accum', mmm.cpp:55 on local variable 'accum' and 'load' operation ('accum_load', mmm.cpp:55) on local variable 'accum'.
Resolution: For help on HLS 200-880 see www.xilinx.com/cgi-bin/docs/rdoc?v=2021.2;t=hls+guidance;d=200-880.html
WARNING: [HLS 200-880] The II Violation in module 'mmm_accum_Pipeline_ak' (loop 'ak'): Unable to enforce a carried dependence constraint (II = 15, distance = 1, offset = 0) between 'store' operation ('accum_write_ln55', mmm.cpp:55) of variable 'accum', mmm.cpp:55 on local variable 'accum' and 'load' operation ('accum_load', mmm.cpp:55) on local variable 'accum'.
Resolution: For help on HLS 200-880 see www.xilinx.com/cgi-bin/docs/rdoc?v=2021.2;t=hls+guidance;d=200-880.html
INFO: [HLS 200-1470] Pipelining result : Target II = NA, Final II = 16, Depth = 24, loop 'ak'
INFO: [SCHED 204-11] Finished scheduling.
INFO: [HLS 200-111] Finished Scheduling: CPU user time: 0.21 seconds. CPU system time: 0.01 seconds. Elapsed time: 0.22 seconds; current allocated memory: 392.168 MB.
INFO: [BIND 205-100] Starting micro-architecture generation ...
INFO: [BIND 205-101] Performing variable lifetime analysis.
INFO: [BIND 205-101] Exploring resource sharing.
INFO: [BIND 205-101] Binding ...
INFO: [BIND 205-100] Finished micro-architecture generation.
INFO: [HLS 200-111] Finished Binding: CPU user time: 0.15 seconds. CPU system time: 0 seconds. Elapsed time: 0.15 seconds; current allocated memory: 392.168 MB.
INFO: [HLS 200-10] ----------------------------------------------------------------
INFO: [HLS 200-42] -- Implementing module 'mmm_accum' 
INFO: [HLS 200-10] ----------------------------------------------------------------
INFO: [SCHED 204-11] Starting scheduling ...
INFO: [SCHED 204-11] Finished scheduling.
INFO: [HLS 200-111] Finished Scheduling: CPU user time: 0.12 seconds. CPU system time: 0 seconds. Elapsed time: 0.12 seconds; current allocated memory: 392.168 MB.
INFO: [BIND 205-100] Starting micro-architecture generation ...
INFO: [BIND 205-101] Performing variable lifetime analysis.
INFO: [BIND 205-101] Exploring resource sharing.
INFO: [BIND 205-101] Binding ...
INFO: [BIND 205-100] Finished micro-architecture generation.
INFO: [HLS 200-111] Finished Binding: CPU user time: 0.09 seconds. CPU system time: 0 seconds. Elapsed time: 0.09 seconds; current allocated memory: 392.168 MB.
INFO: [HLS 200-10] ----------------------------------------------------------------
INFO: [HLS 200-42] -- Implementing module 'mmm_voodoo_Pipeline_1' 
INFO: [HLS 200-10] ----------------------------------------------------------------
INFO: [SCHED 204-11] Starting scheduling ...
INFO: [SCHED 204-61] Pipelining loop 'Loop 1'.
INFO: [HLS 200-1470] Pipelining result : Target II = NA, Final II = 1, Depth = 1, loop 'Loop 1'
INFO: [SCHED 204-11] Finished scheduling.
INFO: [HLS 200-111] Finished Scheduling: CPU user time: 0.09 seconds. CPU system time: 0 seconds. Elapsed time: 0.09 seconds; current allocated memory: 392.168 MB.
INFO: [BIND 205-100] Starting micro-architecture generation ...
INFO: [BIND 205-101] Performing variable lifetime analysis.
INFO: [BIND 205-101] Exploring resource sharing.
INFO: [BIND 205-101] Binding ...
INFO: [BIND 205-100] Finished micro-architecture generation.
INFO: [HLS 200-111] Finished Binding: CPU user time: 0.01 seconds. CPU system time: 0 seconds. Elapsed time: 0.02 seconds; current allocated memory: 392.168 MB.
INFO: [HLS 200-10] ----------------------------------------------------------------
INFO: [HLS 200-42] -- Implementing module 'mmm_voodoo_Pipeline_ak' 
INFO: [HLS 200-10] ----------------------------------------------------------------
INFO: [SCHED 204-11] Starting scheduling ...
INFO: [SCHED 204-61] Pipelining loop 'ak'.
INFO: [HLS 200-1470] Pipelining result : Target II = NA, Final II = 1, Depth = 24, loop 'ak'
INFO: [SCHED 204-11] Finished scheduling.
INFO: [HLS 200-111] Finished Scheduling: CPU user time: 0.11 seconds. CPU system time: 0.01 seconds. Elapsed time: 0.1 seconds; current allocated memory: 392.168 MB.
INFO: [BIND 205-100] Starting micro-architecture generation ...
INFO: [BIND 205-101] Performing variable lifetime analysis.
INFO: [BIND 205-101] Exploring resource sharing.
INFO: [BIND 205-101] Binding ...
INFO: [BIND 205-100] Finished micro-architecture generation.
INFO: [HLS 200-111] Finished Binding: CPU user time: 0.15 seconds. CPU system time: 0 seconds. Elapsed time: 0.15 seconds; current allocated memory: 392.168 MB.
INFO: [HLS 200-10] ----------------------------------------------------------------
INFO: [HLS 200-42] -- Implementing module 'mmm_voodoo' 
INFO: [HLS 200-10] ----------------------------------------------------------------
INFO: [SCHED 204-11] Starting scheduling ...
INFO: [SCHED 204-11] Finished scheduling.
INFO: [HLS 200-111] Finished Scheduling: CPU user time: 0.15 seconds. CPU system time: 0 seconds. Elapsed time: 0.15 seconds; current allocated memory: 392.168 MB.
INFO: [BIND 205-100] Starting micro-architecture generation ...
INFO: [BIND 205-101] Performing variable lifetime analysis.
INFO: [BIND 205-101] Exploring resource sharing.
INFO: [BIND 205-101] Binding ...
INFO: [BIND 205-100] Finished micro-architecture generation.
INFO: [HLS 200-111] Finished Binding: CPU user time: 0.16 seconds. CPU system time: 0.01 seconds. Elapsed time: 0.16 seconds; current allocated memory: 392.168 MB.
INFO: [HLS 200-10] ----------------------------------------------------------------
INFO: [HLS 200-42] -- Implementing module 'top' 
INFO: [HLS 200-10] ----------------------------------------------------------------
INFO: [SCHED 204-11] Starting scheduling ...
INFO: [SCHED 204-11] Finished scheduling.
INFO: [HLS 200-111] Finished Scheduling: CPU user time: 0.14 seconds. CPU system time: 0 seconds. Elapsed time: 0.14 seconds; current allocated memory: 392.168 MB.
INFO: [BIND 205-100] Starting micro-architecture generation ...
INFO: [BIND 205-101] Performing variable lifetime analysis.
INFO: [BIND 205-101] Exploring resource sharing.
INFO: [BIND 205-101] Binding ...
INFO: [BIND 205-100] Finished micro-architecture generation.
INFO: [HLS 200-111] Finished Binding: CPU user time: 0.12 seconds. CPU system time: 0 seconds. Elapsed time: 0.12 seconds; current allocated memory: 392.168 MB.
INFO: [HLS 200-10] ----------------------------------------------------------------
INFO: [HLS 200-10] -- Generating RTL for module 'mmm_basic_Pipeline_ak' 
INFO: [HLS 200-10] ----------------------------------------------------------------
INFO: [HLS 200-1030] Apply Unified Pipeline Control on module 'mmm_basic_Pipeline_ak' pipeline 'ak' pipeline type 'loop pipeline'
INFO: [RTGEN 206-100] Generating core module 'fadd_32ns_32ns_32_8_full_dsp_1': 1 instance(s).
INFO: [RTGEN 206-100] Generating core module 'fmul_32ns_32ns_32_5_max_dsp_1': 1 instance(s).
INFO: [RTGEN 206-100] Finished creating RTL model for 'mmm_basic_Pipeline_ak'.
INFO: [HLS 200-111] Finished Creating RTL model: CPU user time: 0.25 seconds. CPU system time: 0.01 seconds. Elapsed time: 0.25 seconds; current allocated memory: 392.168 MB.
INFO: [HLS 200-10] ----------------------------------------------------------------
INFO: [HLS 200-10] -- Generating RTL for module 'mmm_basic' 
INFO: [HLS 200-10] ----------------------------------------------------------------
WARNING: [RTGEN 206-101] Setting dangling out port 'mmm_basic/grp_fu_70_p_opcode' to 0.
INFO: [RTGEN 206-100] Generating core module 'fadd_32ns_32ns_32_8_full_dsp_1': 1 instance(s).
INFO: [RTGEN 206-100] Generating core module 'fmul_32ns_32ns_32_5_max_dsp_1': 1 instance(s).
INFO: [RTGEN 206-100] Finished creating RTL model for 'mmm_basic'.
INFO: [HLS 200-111] Finished Creating RTL model: CPU user time: 0.14 seconds. CPU system time: 0 seconds. Elapsed time: 0.14 seconds; current allocated memory: 392.168 MB.
INFO: [HLS 200-10] ----------------------------------------------------------------
INFO: [HLS 200-10] -- Generating RTL for module 'mmm_accum2_Pipeline_1' 
INFO: [HLS 200-10] ----------------------------------------------------------------
INFO: [HLS 200-1030] Apply Unified Pipeline Control on module 'mmm_accum2_Pipeline_1' pipeline 'Loop 1' pipeline type 'loop pipeline'
INFO: [RTGEN 206-100] Finished creating RTL model for 'mmm_accum2_Pipeline_1'.
INFO: [HLS 200-111] Finished Creating RTL model: CPU user time: 0.14 seconds. CPU system time: 0.01 seconds. Elapsed time: 0.15 seconds; current allocated memory: 392.168 MB.
INFO: [HLS 200-10] ----------------------------------------------------------------
INFO: [HLS 200-10] -- Generating RTL for module 'mmm_accum2_Pipeline_ak' 
INFO: [HLS 200-10] ----------------------------------------------------------------
INFO: [HLS 200-1030] Apply Unified Pipeline Control on module 'mmm_accum2_Pipeline_ak' pipeline 'ak' pipeline type 'loop pipeline'
INFO: [RTGEN 206-100] Generating core module 'fadd_32ns_32ns_32_8_full_dsp_1': 1 instance(s).
INFO: [RTGEN 206-100] Generating core module 'fmul_32ns_32ns_32_5_max_dsp_1': 1 instance(s).
INFO: [RTGEN 206-100] Finished creating RTL model for 'mmm_accum2_Pipeline_ak'.
INFO: [HLS 200-111] Finished Creating RTL model: CPU user time: 0.09 seconds. CPU system time: 0 seconds. Elapsed time: 0.09 seconds; current allocated memory: 392.168 MB.
INFO: [HLS 200-10] ----------------------------------------------------------------
INFO: [HLS 200-10] -- Generating RTL for module 'mmm_accum2' 
INFO: [HLS 200-10] ----------------------------------------------------------------
INFO: [RTGEN 206-100] Generating core module 'fadd_32ns_32ns_32_8_full_dsp_1': 1 instance(s).
INFO: [RTGEN 206-100] Generating core module 'fmul_32ns_32ns_32_5_max_dsp_1': 1 instance(s).
INFO: [RTGEN 206-100] Finished creating RTL model for 'mmm_accum2'.
INFO: [HLS 200-111] Finished Creating RTL model: CPU user time: 0.16 seconds. CPU system time: 0.01 seconds. Elapsed time: 0.17 seconds; current allocated memory: 392.168 MB.
INFO: [HLS 200-10] ----------------------------------------------------------------
INFO: [HLS 200-10] -- Generating RTL for module 'mmm_accum_Pipeline_ak' 
INFO: [HLS 200-10] ----------------------------------------------------------------
INFO: [HLS 200-1030] Apply Unified Pipeline Control on module 'mmm_accum_Pipeline_ak' pipeline 'ak' pipeline type 'loop pipeline'
INFO: [RTGEN 206-100] Generating core module 'fadd_32ns_32ns_32_8_full_dsp_1': 1 instance(s).
INFO: [RTGEN 206-100] Generating core module 'fmul_32ns_32ns_32_5_max_dsp_1': 1 instance(s).
INFO: [RTGEN 206-100] Finished creating RTL model for 'mmm_accum_Pipeline_ak'.
INFO: [HLS 200-111] Finished Creating RTL model: CPU user time: 0.2 seconds. CPU system time: 0.01 seconds. Elapsed time: 0.21 seconds; current allocated memory: 392.168 MB.
INFO: [HLS 200-10] ----------------------------------------------------------------
INFO: [HLS 200-10] -- Generating RTL for module 'mmm_accum' 
INFO: [HLS 200-10] ----------------------------------------------------------------
INFO: [RTGEN 206-100] Generating core module 'fadd_32ns_32ns_32_8_full_dsp_1': 1 instance(s).
INFO: [RTGEN 206-100] Generating core module 'fmul_32ns_32ns_32_5_max_dsp_1': 1 instance(s).
INFO: [RTGEN 206-100] Finished creating RTL model for 'mmm_accum'.
INFO: [HLS 200-111] Finished Creating RTL model: CPU user time: 0.13 seconds. CPU system time: 0.01 seconds. Elapsed time: 0.14 seconds; current allocated memory: 392.168 MB.
INFO: [HLS 200-10] ----------------------------------------------------------------
INFO: [HLS 200-10] -- Generating RTL for module 'mmm_voodoo_Pipeline_1' 
INFO: [HLS 200-10] ----------------------------------------------------------------
INFO: [RTGEN 206-100] Finished creating RTL model for 'mmm_voodoo_Pipeline_1'.
INFO: [HLS 200-111] Finished Creating RTL model: CPU user time: 0.15 seconds. CPU system time: 0 seconds. Elapsed time: 0.16 seconds; current allocated memory: 392.168 MB.
INFO: [HLS 200-10] ----------------------------------------------------------------
INFO: [HLS 200-10] -- Generating RTL for module 'mmm_voodoo_Pipeline_ak' 
INFO: [HLS 200-10] ----------------------------------------------------------------
INFO: [HLS 200-1030] Apply Unified Pipeline Control on module 'mmm_voodoo_Pipeline_ak' pipeline 'ak' pipeline type 'loop pipeline'
INFO: [RTGEN 206-100] Generating core module 'fadd_32ns_32ns_32_8_full_dsp_1': 2 instance(s).
INFO: [RTGEN 206-100] Generating core module 'fmul_32ns_32ns_32_5_max_dsp_1': 2 instance(s).
INFO: [RTGEN 206-100] Finished creating RTL model for 'mmm_voodoo_Pipeline_ak'.
INFO: [HLS 200-111] Finished Creating RTL model: CPU user time: 0.06 seconds. CPU system time: 0.01 seconds. Elapsed time: 0.07 seconds; current allocated memory: 392.168 MB.
INFO: [HLS 200-10] ----------------------------------------------------------------
INFO: [HLS 200-10] -- Generating RTL for module 'mmm_voodoo' 
INFO: [HLS 200-10] ----------------------------------------------------------------
INFO: [RTGEN 206-100] Generating core module 'fadd_32ns_32ns_32_8_full_dsp_1': 1 instance(s).
INFO: [RTGEN 206-100] Generating core module 'fmul_32ns_32ns_32_5_max_dsp_1': 1 instance(s).
INFO: [RTGEN 206-100] Finished creating RTL model for 'mmm_voodoo'.
INFO: [HLS 200-111] Finished Creating RTL model: CPU user time: 0.2 seconds. CPU system time: 0 seconds. Elapsed time: 0.2 seconds; current allocated memory: 392.168 MB.
INFO: [HLS 200-10] ----------------------------------------------------------------
INFO: [HLS 200-10] -- Generating RTL for module 'top' 
INFO: [HLS 200-10] ----------------------------------------------------------------
INFO: [RTGEN 206-500] Setting interface mode on port 'top/C' to 'ap_memory'.
INFO: [RTGEN 206-500] Setting interface mode on port 'top/A' to 'ap_memory'.
INFO: [RTGEN 206-500] Setting interface mode on port 'top/B' to 'ap_memory'.
INFO: [RTGEN 206-500] Setting interface mode on function 'top' to 'ap_ctrl_hs'.
INFO: [RTGEN 206-100] Generating core module 'fadd_32ns_32ns_32_8_full_dsp_1': 1 instance(s).
INFO: [RTGEN 206-100] Generating core module 'fmul_32ns_32ns_32_5_max_dsp_1': 1 instance(s).
INFO: [RTGEN 206-100] Finished creating RTL model for 'top'.
INFO: [HLS 200-111] Finished Creating RTL model: CPU user time: 0.22 seconds. CPU system time: 0.01 seconds. Elapsed time: 0.25 seconds; current allocated memory: 392.168 MB.
INFO: [RTMG 210-278] Implementing memory 'top_mmm_voodoo_accum_RAM_AUTO_1R1W_ram (RAM)' using auto RAMs.
INFO: [HLS 200-111] Finished Generating all RTL models: CPU user time: 0.67 seconds. CPU system time: 0.03 seconds. Elapsed time: 0.71 seconds; current allocated memory: 392.168 MB.
INFO: [HLS 200-111] Finished Updating report files: CPU user time: 0.39 seconds. CPU system time: 0.01 seconds. Elapsed time: 0.4 seconds; current allocated memory: 392.168 MB.
INFO: [VHDL 208-304] Generating VHDL RTL for top.
INFO: [VLOG 209-307] Generating Verilog RTL for top.
INFO: [HLS 200-790] **** Loop Constraint Status: All loop constraints were NOT satisfied.
INFO: [HLS 200-789] **** Estimated Fmax: 289.52 MHz
INFO: [HLS 200-111] Finished Command csynth_design CPU user time: 10.59 seconds. CPU system time: 1.29 seconds. Elapsed time: 11.98 seconds; current allocated memory: 128.000 MB.
INFO: [HLS 200-112] Total CPU user time: 16.49 seconds. Total CPU system time: 2.79 seconds. Total elapsed time: 17.33 seconds; peak allocated memory: 392.168 MB.
INFO: [Common 17-206] Exiting vitis_hls at Sun Jul 10 13:00:29 2022...
